<?xml version="1.0" encoding="UTF-8"?>
<testsuites xmlns:xsi="http://www.w3.org/2001/XMLSchema-instance"
            xsi:noNamespaceSchemaLocation="JUnit.xsd">
  <testsuite name="Autobuild_Tests" tests="483" failures="2">
    <testcase name="tests/DCPS/Prst_delayed_subscriber/run_test.pl" status="0" time="12"/>
    <testcase name="tests/DCPS/ZeroCopyRead/run_test.pl" status="0" time="2"/>
    <testcase name="tests/DCPS/ZeroCopyRead/run_test.pl by_instance" status="0" time="2"/>
    <testcase name="tests/DCPS/ZeroCopyDataReaderListener/run_test.pl" status="0" time="2"/>
    <testcase name="tests/DCPS/DCPSInfoRepo/run_test.pl" status="0" time="3"/>
    <testcase name="tests/DCPS/DCPSInfoRepo/run_test.pl rtps_disc" status="0" time="2"/>
    <testcase name="tests/DCPS/unit/run_test.pl" status="0" time="5"/>
    <testcase name="tests/DCPS/DestinationOrder/run_test.pl" status="0" time="6"/>
    <testcase name="tests/DCPS/DestinationOrder/run_test.pl source" status="0" time="6"/>
    <testcase name="tests/DCPS/Dispose/run_test.pl" status="0" time="5"/>
    <testcase name="tests/DCPS/FooTest3_0/run_test.pl" status="0" time="2"/>
    <testcase name="tests/DCPS/FooTest3_0/run_test.pl unregister" status="0" time="1"/>
    <testcase name="tests/DCPS/FooTest3_0/run_test.pl unregister_nil" status="0" time="2"/>
    <testcase name="tests/DCPS/FooTest3_0/run_test.pl dispose" status="0" time="1"/>
    <testcase name="tests/DCPS/FooTest3_0/run_test.pl dispose_qc" status="0" time="1"/>
    <testcase name="tests/DCPS/FooTest3_0/run_test.pl resume" status="0" time="2"/>
    <testcase name="tests/DCPS/FooTest3_0/run_test.pl listener" status="0" time="3"/>
    <testcase name="tests/DCPS/FooTest3_0/run_test.pl allocator" status="0" time="1"/>
    <testcase name="tests/DCPS/FooTest3_0/run_test.pl liveliness" status="0" time="27"/>
    <testcase name="tests/DCPS/FooTest3_2/run_test.pl" status="0" time="2"/>
    <testcase name="tests/DCPS/FooTest3_2/run_test.pl mi" status="0" time="1"/>
    <testcase name="tests/DCPS/FooTest3_2/run_test.pl mw" status="0" time="2"/>
    <testcase name="tests/DCPS/FooTest3_2/run_test.pl bp_remove" status="0" time="2"/>
    <testcase name="tests/DCPS/FooTest3_2/run_test.pl b" status="0" time="2"/>
    <testcase name="tests/DCPS/FooTest3_2/run_test.pl rtps b" status="0" time="5"/>
    <testcase name="tests/DCPS/LivelinessTest/run_test.pl" status="0" time="26"/>
    <testcase name="tests/DCPS/LivelinessTest/run_test.pl take" status="0" time="26"/>
    <testcase name="tests/DCPS/LivelinessTest/run_test.pl udp" status="0" time="26"/>
    <testcase name="tests/DCPS/LivelinessTest/run_test.pl rtps_disc" status="0" time="26"/>
    <testcase name="tests/DCPS/LivelinessTest/run_test.pl rtps_disc take" status="0" time="26"/>
    <testcase name="tests/DCPS/Inconsistent_Qos/run_test.pl" status="0" time="0"/>
    <testcase name="tests/DCPS/InconsistentTopic/run_test.pl rtps_disc" status="0" time="2"/>
    <testcase name="tests/DCPS/TopicReuse/run_test.pl" status="0" time="0"/>
    <testcase name="tests/DCPS/DpShutdown/run_test.pl" status="0" time="1"/>
    <testcase name="tests/DCPS/DpShutdown/run_test.pl tcp" status="0" time="0"/>
    <testcase name="tests/DCPS/DpShutdown/run_test.pl shmem" status="0" time="0"/>
    <testcase name="tests/DCPS/DpShutdown/run_test.pl udp" status="0" time="0"/>
    <testcase name="tests/DCPS/DpShutdown/run_test.pl multicast" status="0" time="0"/>
    <testcase name="tests/DCPS/Serializer/run_test.pl" status="0" time="0"/>
    <testcase name="tests/DCPS/Compiler/idl_test1_main/run_test.pl" status="0" time="1"/>
    <testcase name="tests/DCPS/Compiler/idl_test3_main/run_test.pl" status="0" time="1"/>
    <testcase name="tests/DCPS/Compiler/C++11/idl_test1_main/run_test.pl" status="0" time="0"/>
    <testcase name="tests/DCPS/Compiler/C++11/idl_test3_main/run_test.pl" status="0" time="1"/>
    <testcase name="tests/DCPS/Compiler/key_annotation/run_test.pl" status="0" time="0"/>
    <testcase name="tests/DCPS/Compiler/is_topic_type/run_test.pl" status="0" time="0"/>
    <testcase name="tests/DCPS/Compiler/rapidjson_generator/run_test.pl" status="0" time="1"/>
    <testcase name="tests/DCPS/C++11/Messenger/run_test.pl" status="0" time="3"/>
    <testcase name="tests/DCPS/DcpsIntegration/run_test-integration.pl" status="0" time="1"/>
    <testcase name="tests/DCPS/DcpsIntegration/run_test-topic.pl" status="0" time="2"/>
    <testcase name="tests/DCPS/DcpsIntegration/run_test-topic.pl rtps_disc" status="0" time="2"/>
    <testcase name="tests/DCPS/DcpsIntegration/run_test-topic.pl rtps_disc_tcp" status="0" time="2"/>
    <testcase name="tests/DCPS/FooTest4/run_test.pl" status="0" time="5"/>
    <testcase name="tests/DCPS/FooTest4/run_test.pl mi" status="0" time="4"/>
    <testcase name="tests/DCPS/FooTest4/run_test.pl mr" status="0" time="5"/>
    <testcase name="tests/DCPS/FooTest4/run_test.pl mri" status="0" time="4"/>
    <testcase name="tests/DCPS/FooTest4/run_test.pl mrit" status="0" time="5"/>
    <testcase name="tests/DCPS/FooTest4_0/run_test.pl" status="0" time="63"/>
    <testcase name="tests/DCPS/FooTest5/run_test.pl" status="0" time="3"/>
    <testcase name="tests/DCPS/FooTest5/run_test.pl udp" status="0" time="7"/>
    <testcase name="tests/DCPS/FooTest5/run_test.pl multicast" status="0" time="7"/>
    <testcase name="tests/DCPS/FooTest5/run_test.pl rtps" status="0" time="6"/>
    <testcase name="tests/DCPS/FooTest5/run_test.pl shmem" status="0" time="7"/>
    <testcase name="tests/DCPS/FooTest5/run_test.pl mi" status="0" time="2"/>
    <testcase name="tests/DCPS/FooTest5/run_test.pl udp mi" status="0" time="7"/>
    <testcase name="tests/DCPS/FooTest5/run_test.pl rtps mi" status="0" time="7"/>
    <testcase name="tests/DCPS/FooTest5/run_test.pl shmem mi" status="0" time="7"/>
    <testcase name="tests/DCPS/FooTest5/run_test.pl nokey mi" status="0" time="2"/>
    <testcase name="tests/DCPS/FooTest5/run_test.pl nokey udp mi" status="0" time="7"/>
    <testcase name="tests/DCPS/FooTest5/run_test.pl nokey rtps mi" status="0" time="7"/>
    <testcase name="tests/DCPS/FooTest5/run_test.pl nokey shmem mi" status="0" time="6"/>
    <testcase name="tests/DCPS/FooTest5/run_test.pl blocking" status="0" time="3"/>
    <testcase name="tests/DCPS/FooTest5/run_test.pl blocking_timeout" status="0" time="3"/>
    <testcase name="tests/DCPS/FooTest5/run_test.pl mwmr" status="0" time="2"/>
    <testcase name="tests/DCPS/FooTest5/run_test.pl mr" status="0" time="2"/>
    <testcase name="tests/DCPS/FooTest5/run_test.pl multicast mr" status="0" time="4"/>
    <testcase name="tests/DCPS/FooTest5/run_test.pl mixed_trans" status="0" time="2"/>
    <testcase name="tests/DCPS/FooTest5_0/run_test.pl" status="0" time="6"/>
    <testcase name="tests/DCPS/FooTest5_0/run_test.pl udp" status="0" time="5"/>
    <testcase name="tests/DCPS/FooTest5_0/run_test.pl rtps" status="0" time="6"/>
    <testcase name="tests/DCPS/FooTest5_0/run_test.pl shmem" status="0" time="5"/>
    <testcase name="tests/DCPS/FooTest5_0/run_test.pl diff_trans" status="0" time="6"/>
    <testcase name="tests/DCPS/MultiDPTest/run_test.pl" status="0" time="4"/>
    <testcase name="tests/DCPS/TransientLocalMultiInstanceTest/run_test.pl" status="0" time="9"/>
    <testcase name="tests/DCPS/TransientLocalMultiInstanceTest/run_test.pl rtps" status="0" time="9"/>
    <testcase name="tests/DCPS/TransientLocalMultiInstanceTest/run_test.pl rtps_disc" status="0" time="9"/>
    <testcase name="tests/DCPS/TransientLocalTest/run_test.pl" status="0" time="8"/>
    <testcase name="tests/DCPS/TransientLocalTest/run_test.pl rtps" status="0" time="7"/>
    <testcase name="tests/DCPS/DelayedDurable/run_test.pl" status="0" time="48"/>
    <testcase name="tests/DCPS/DelayedDurable/run_test.pl --large-samples" status="0" time="47"/>
    <testcase name="tests/DCPS/MultiRepoTest/run_test.pl" status="0" time="11"/>
    <testcase name="tests/DCPS/MultiRepoTest/run_test.pl fileconfig" status="0" time="12"/>
    <testcase name="tests/DCPS/Presentation/run_test.pl" status="0" time="2"/>
    <testcase name="tests/DCPS/ReaderDataLifecycle/run_test.pl" status="0" time="31"/>
    <testcase name="tests/DCPS/ReaderDataLifecycle/run_test.pl rtps" status="0" time="30"/>
    <testcase name="tests/DCPS/Reconnect/run_test.pl" status="0" time="30"/>
    <testcase name="tests/DCPS/Reconnect/run_test.pl restart_sub" status="0" time="39"/>
    <testcase name="tests/DCPS/Reconnect/run_test.pl restart_pub" status="0" time="45"/>
    <testcase name="tests/DCPS/Reconnect/run_test.pl bp_timeout" status="0" time="30"/>
    <testcase name="tests/DCPS/Reconnect/run_test.pl sub_init_crash" status="0" time="12"/>
    <testcase name="tests/DCPS/Restart/run_test.pl" status="0" time="0"/>
    <testcase name="tests/DCPS/sub_init_loop/run_test.pl" status="0" time="7"/>
    <testcase name="tests/DCPS/TimeBasedFilter/run_test.pl" status="0" time="20"/>
    <testcase name="tests/DCPS/TimeBasedFilter/run_test.pl -reliable" status="0" time="45"/>
    <testcase name="tests/DCPS/TcpReconnect/run_test.pl" status="0" time="28"/>
    <testcase name="tests/DCPS/BuiltInTopic/run_test.pl" status="0" time="14"/>
    <testcase name="tests/DCPS/BuiltInTopic/run_test.pl ignore_part" status="0" time="13"/>
    <testcase name="tests/DCPS/BuiltInTopic/run_test.pl ignore_topic" status="0" time="14"/>
    <testcase name="tests/DCPS/BuiltInTopic/run_test.pl ignore_pub" status="0" time="13"/>
    <testcase name="tests/DCPS/BuiltInTopic/run_test.pl ignore_sub" status="0" time="14"/>
    <testcase name="tests/DCPS/BuiltInTopicTest/run_test.pl" status="0" time="22"/>
    <testcase name="tests/DCPS/BuiltInTopicTest/prst_repo_run_test.pl" status="0" time="56"/>
    <testcase name="tests/DCPS/CorbaSeq/run_test.pl" status="0" time="5"/>
    <testcase name="tests/DCPS/ViewState/run_test.pl" status="0" time="1"/>
    <testcase name="tests/DCPS/NotifyTest/run_test.pl" status="0" time="4"/>
    <testcase name="tests/DCPS/Observer/run_test.pl" status="0" time="13"/>
    <testcase name="tests/DCPS/Reliability/run_test.pl" status="0" time="16"/>
    <testcase name="tests/DCPS/Reliability/run_test.pl rtps" status="0" time="15"/>
    <testcase name="tests/DCPS/Reliability/run_test.pl keep-last-one" status="0" time="15"/>
    <testcase name="tests/DCPS/Reliability/run_test.pl rtps keep-last-one" status="0" time="15"/>
    <testcase name="tests/DCPS/ReliableBestEffortReaders/run_test.pl" status="0" time="28"/>
    <testcase name="tests/DCPS/WriteDataContainer/run_test.pl" status="0" time="3"/>
    <testcase name="tests/transport/simple/run_test.pl bp" status="0" time="16"/>
    <testcase name="tests/transport/simple/run_test.pl n" status="0" time="2"/>
    <testcase name="tests/transport/simple/run_test.pl" status="0" time="2"/>
    <testcase name="tests/transport/simple/run_test.pl shmem bp" status="0" time="18"/>
    <testcase name="tests/transport/simple/run_test.pl shmem n" status="0" time="3"/>
    <testcase name="tests/transport/simple/run_test.pl shmem" status="0" time="3"/>
    <testcase name="tests/transport/error_handling/run_test.pl" status="0" time="0"/>
    <testcase name="performance-tests/DCPS/InfoRepo_population/run_test.pl" status="0" time="3"/>
    <testcase name="performance-tests/DCPS/TCPListenerTest/run_test.pl -p 1 -s 1" status="0" time="2"/>
    <testcase name="performance-tests/DCPS/TCPListenerTest/run_test.pl -p 1 -s 1 -c" status="0" time="3"/>
    <testcase name="performance-tests/DCPS/TCPListenerTest/run_test.pl -p 1 -s 4" status="0" time="3"/>
    <testcase name="performance-tests/DCPS/TCPListenerTest/run_test.pl -p 2 -s 3" status="0" time="3"/>
    <testcase name="performance-tests/DCPS/TCPListenerTest/run_test.pl -p 4 -s 1" status="0" time="2"/>
    <testcase name="DevGuideExamples/DCPS/Messenger/run_test.pl" status="0" time="1"/>
    <testcase name="DevGuideExamples/DCPS/Messenger/run_test.pl --rtps" status="0" time="4"/>
    <testcase name="DevGuideExamples/DCPS/Messenger_ZeroCopy/run_test.pl" status="0" time="1"/>
    <testcase name="tests/DCPS/Messenger/run_test.pl" status="0" time="4"/>
    <testcase name="tests/DCPS/Messenger/run_test.pl default_tcp" status="0" time="4"/>
    <testcase name="tests/DCPS/Messenger/run_test.pl thread_per" status="0" time="3"/>
    <testcase name="tests/DCPS/Messenger/run_test.pl udp" status="0" time="4"/>
    <testcase name="tests/DCPS/Messenger/run_test.pl default_udp" status="0" time="4"/>
    <testcase name="tests/DCPS/Messenger/run_test.pl multicast" status="0" time="4"/>
    <testcase name="tests/DCPS/Messenger/run_test.pl default_multicast" status="0" time="4"/>
    <testcase name="tests/DCPS/Messenger/run_test.pl shmem" status="0" time="4"/>
    <testcase name="tests/DCPS/Messenger/run_test.pl nobits" status="0" time="4"/>
    <testcase name="tests/DCPS/Messenger/run_test.pl stack" status="0" time="4"/>
    <testcase name="tests/DCPS/Messenger/run_test.pl rtps" status="0" time="4"/>
    <testcase name="tests/DCPS/Messenger/run_test.pl rtps_unicast" status="0" time="5"/>
    <testcase name="tests/DCPS/Messenger/run_test.pl rtps_disc" status="0" time="6"/>
    <testcase name="tests/DCPS/Messenger/run_test.pl rtps_disc_tcp" status="0" time="4"/>
    <testcase name="tests/DCPS/Messenger/run_test.pl rtps_disc_tcp thread_per" status="0" time="4"/>
    <testcase name="tests/DCPS/Messenger/run_test.pl rtps_disc_tcp_udp" status="0" time="3"/>
    <testcase name="tests/DCPS/Messenger/run_test.pl rtps_disc_half_sec_pub" status="0" time="5"/>
    <testcase name="tests/DCPS/Messenger/run_test.pl rtps_disc_half_sec_sub" status="0" time="5"/>
    <testcase name="tests/DCPS/Messenger/run_test.pl rtps_disc_sec" status="0" time="4"/>
    <testcase name="tests/DCPS/Messenger/run_corbaloc_test.pl" status="0" time="1"/>
    <testcase name="tests/DCPS/Messenger/run_corbaloc_test.pl host_port_only" status="0" time="1"/>
    <testcase name="tests/DCPS/Messenger/run_ns_test.pl" status="0" time="1"/>
    <testcase name="tests/DCPS/UnionTopic/run_test.pl" status="0" time="1"/>
    <testcase name="tests/DCPS/RecorderReplayer/run_test.pl" status="0" time="3"/>
    <testcase name="tests/DCPS/RecorderReplayer/run_test.pl rtps_disc" status="0" time="7"/>
    <testcase name="examples/DCPS/Messenger_Imr/run_test.pl" status="0" time="6"/>
    <testcase name="tests/DCPS/LivelinessKeepAliveTest/run_test.pl" status="0" time="26"/>
    <testcase name="tests/DCPS/LivelinessTimeout/run_test.pl" status="0" time="73"/>
    <testcase name="tests/DCPS/LivelinessTimeout/run_test.pl rtps_disc" status="0" time="72"/>
    <testcase name="tests/DCPS/UnitTests/run_test.pl" status="0" time="19"/>
    <testcase name="tests/DCPS/KeyTest/run_test.pl keymarshalling" status="0" time="5"/>
    <testcase name="tests/DCPS/KeyTest/run_test.pl isbounded" status="0" time="5"/>
    <testcase name="tests/DCPS/KeyTest/run_test.pl md5" status="0" time="5"/>
    <testcase name="tests/DCPS/KeyTest/run_test.pl compiler" status="0" time="1"/>
    <testcase name="tests/DCPS/CompatibilityTest/run_test.pl" status="0" time="104"/>
    <testcase name="tests/DCPS/CompatibilityTest/run_test.pl rtps_disc" status="0" time="102"/>
    <testcase name="tests/DCPS/CompatibilityTest/run_test.pl rtps_disc_tcp" status="0" time="101"/>
    <testcase name="tests/DCPS/Partition/run_test.pl" status="0" time="21"/>
    <testcase name="tests/DCPS/Deadline/run_test.pl" status="0" time="29"/>
    <testcase name="tests/DCPS/Deadline/run_test.pl rtps_disc" status="0" time="29"/>
    <testcase name="tests/DCPS/Lifespan/run_test.pl" status="0" time="31"/>
    <testcase name="tests/DCPS/Lifespan/run_test.pl rtps_disc" status="0" time="30"/>
    <testcase name="tests/DCPS/TransientDurability/run_test.pl" status="0" time="14"/>
    <testcase name="tests/DCPS/PersistentDurability/run_test.pl" status="0" time="21"/>
    <testcase name="tests/DCPS/SampleLost/run_test.pl" status="0" time="9"/>
    <testcase name="tests/DCPS/SetQosDeadline/run_test.pl" status="0" time="25"/>
    <testcase name="tests/DCPS/SetQosDeadline/run_test.pl rtps_disc" status="0" time="24"/>
    <testcase name="tests/DCPS/SetQosPartition/run_test.pl" status="0" time="15"/>
    <testcase name="tests/DCPS/SetQosPartition/run_test.pl rtps_disc" status="0" time="17"/>
    <testcase name="tests/DCPS/SetQosPartition/run_test.pl rtps_disc_tcp" status="0" time="15"/>
    <testcase name="tests/DCPS/StringKey/run_test.pl" status="0" time="2"/>
    <testcase name="tests/DCPS/GuardCondition/run_test.pl" status="0" time="9"/>
    <testcase name="tests/DCPS/StatusCondition/run_test.pl" status="0" time="0"/>
    <testcase name="tests/DCPS/ReadCondition/run_test.pl" status="0" time="1"/>
    <testcase name="tests/DCPS/RegisterInstance/run_test.pl" status="0" time="0"/>
    <testcase name="tests/DCPS/Rejects/run_test.pl" status="0" time="25"/>
    <testcase name="tests/DCPS/Rejects/run_test.pl rtps_disc" status="0" time="26"/>
    <testcase name="tests/DCPS/FilterExpression/run_test.pl" status="0" time="0"/>
    <testcase name="tests/DCPS/QueryCondition/run_test.pl" status="0" time="11"/>
    <testcase name="tests/DCPS/QueryCondition/run_test.pl rtps_disc" status="0" time="11"/>
    <testcase name="tests/DCPS/ContentFilteredTopic/run_test.pl" status="0" time="4"/>
    <testcase name="tests/DCPS/ContentFilteredTopic/run_test.pl nopub" status="0" time="3"/>
    <testcase name="tests/DCPS/ContentFilteredTopic/run_test.pl rtps_disc" status="0" time="10"/>
    <testcase name="tests/DCPS/ContentFilteredTopic/run_test.pl rtps_disc nopub" status="0" time="9"/>
    <testcase name="tests/DCPS/TopicExpression/run_test.pl" status="0" time="1"/>
    <testcase name="tests/DCPS/MultiTopic/run_test.pl classic" status="0" time="0"/>
    <testcase name="tests/DCPS/MultiTopic/run_test.pl classic rtps_disc" status="0" time="3"/>
    <testcase name="tests/DCPS/MultiTopic/run_test.pl cpp11" status="0" time="1"/>
    <testcase name="tests/DCPS/MultiTopic/run_test.pl cpp11 rtps_disc" status="0" time="3"/>
    <testcase name="tests/DCPS/MetaStruct/run_test.pl" status="0" time="0"/>
    <testcase name="tests/DCPS/Federation/run_test.pl" status="0" time="2"/>
    <testcase name="tests/DCPS/FileSystemStorage/run_test.pl" status="0" time="0"/>
    <testcase name="tests/DCPS/Priority/run_test.pl" status="0" time="10"/>
    <testcase name="tests/DCPS/Priority/run_test.pl --instances" status="0" time="9"/>
    <testcase name="tests/DCPS/LatencyBudget/run_test.pl" status="0" time="31"/>
    <testcase name="tests/DCPS/LatencyBudget/run_test.pl late" status="0" time="30"/>
    <testcase name="tests/DCPS/WaitForAck/run_test.pl" status="0" time="5"/>
    <testcase name="tests/DCPS/WaitForAck/run_test.pl rtps" status="0" time="9"/>
    <testcase name="tests/DCPS/WaitForAck/run_test.pl --publisher" status="0" time="5"/>
    <testcase name="tests/DCPS/WaitForAck/run_test.pl rtps --publisher" status="0" time="7"/>
    <testcase name="tests/DCPS/Thrasher/run_test.pl single" status="0" time="4"/>
    <testcase name="tests/DCPS/Thrasher/run_test.pl double" status="0" time="3"/>
    <testcase name="tests/DCPS/Thrasher/run_test.pl triangle" status="0" time="4"/>
    <testcase name="tests/DCPS/Thrasher/run_test.pl default" status="0" time="4"/>
    <testcase name="tests/DCPS/Thrasher/run_test.pl low" status="0" time="3"/>
    <testcase name="tests/DCPS/Thrasher/run_test.pl medium" status="0" time="4"/>
    <testcase name="tests/DCPS/Thrasher/run_test.pl high" status="0" time="5"/>
    <testcase name="tests/DCPS/Thrasher/run_test.pl aggressive" status="0" time="5"/>
    <testcase name="tests/DCPS/Thrasher/run_test.pl single rtps" status="0" time="3"/>
    <testcase name="tests/DCPS/Thrasher/run_test.pl double rtps" status="0" time="5"/>
    <testcase name="tests/DCPS/Thrasher/run_test.pl triangle rtps" status="0" time="4"/>
    <testcase name="tests/DCPS/Thrasher/run_test.pl default rtps" status="0" time="5"/>
    <testcase name="tests/DCPS/Thrasher/run_test.pl low rtps" status="0" time="5"/>
    <testcase name="tests/DCPS/Thrasher/run_test.pl medium rtps" status="0" time="5"/>
    <testcase name="tests/DCPS/Thrasher/run_test.pl high rtps" status="0" time="8"/>
    <testcase name="tests/DCPS/Thrasher/run_test.pl aggressive rtps" status="0" time="13"/>
    <testcase name="tests/DCPS/Thrasher/run_test.pl single durable" status="0" time="4"/>
    <testcase name="tests/DCPS/Thrasher/run_test.pl double durable" status="0" time="3"/>
    <testcase name="tests/DCPS/Thrasher/run_test.pl triangle durable" status="0" time="4"/>
    <testcase name="tests/DCPS/Thrasher/run_test.pl default durable" status="0" time="3"/>
    <testcase name="tests/DCPS/Thrasher/run_test.pl low durable" status="0" time="4"/>
    <testcase name="tests/DCPS/Thrasher/run_test.pl medium durable" status="0" time="4"/>
    <testcase name="tests/DCPS/Thrasher/run_test.pl high durable" status="0" time="5"/>
    <testcase name="tests/DCPS/Thrasher/run_test.pl aggressive durable" status="0" time="5"/>
    <testcase name="tests/DCPS/Thrasher/run_test.pl single rtps durable" status="0" time="3"/>
    <testcase name="tests/DCPS/Thrasher/run_test.pl double rtps durable" status="0" time="4"/>
    <testcase name="tests/DCPS/Thrasher/run_test.pl triangle rtps durable" status="0" time="5"/>
    <testcase name="tests/DCPS/Thrasher/run_test.pl default rtps durable" status="0" time="5"/>
    <testcase name="tests/DCPS/Thrasher/run_test.pl low rtps durable" status="0" time="6"/>
    <testcase name="tests/DCPS/Thrasher/run_test.pl medium rtps durable" status="0" time="5"/>
    <testcase name="tests/DCPS/Thrasher/run_test.pl high rtps durable" status="0" time="8"/>
    <testcase name="tests/DCPS/Thrasher/run_test.pl aggressive rtps durable" status="0" time="13"/>
    <testcase name="tests/DCPS/DPFactoryQos/run_test.pl" status="0" time="8"/>
    <testcase name="tests/DCPS/DPFactoryQos/run_test.pl rtps_disc" status="0" time="9"/>
    <testcase name="tests/DCPS/ManualAssertLiveliness/run_test.pl" status="0" time="23"/>
    <testcase name="tests/DCPS/ManualAssertLiveliness/run_test.pl lost" status="0" time="42"/>
    <testcase name="tests/DCPS/ManualAssertLiveliness/run_test.pl rtps" status="0" time="23"/>
    <testcase name="tests/DCPS/ManualAssertLiveliness/run_test.pl rtps lost" status="0" time="42"/>
    <testcase name="tests/DCPS/ManualAssertLiveliness/run_test.pl rtpsdisco" status="0" time="23"/>
    <testcase name="tests/DCPS/ManualAssertLiveliness/run_test.pl rtpsdisco lost" status="0" time="41"/>
    <testcase name="tests/DCPS/ManualAssertLiveliness/run_test.pl rtpsdisco rtps" status="0" time="25"/>
    <testcase name="tests/DCPS/ManualAssertLiveliness/run_test.pl rtpsdisco rtps lost" status="0" time="41"/>
    <testcase name="tests/DCPS/Serializer_wstring/run_test.pl" status="0" time="5"/>
    <testcase name="tests/DCPS/SharedTransport/run_test.pl" status="0" time="3"/>
    <testcase name="tests/DCPS/SharedTransport/run_test.pl rtps" status="0" time="3"/>
    <testcase name="tests/DCPS/SharedTransport/run_test.pl rtps 2" status="0" time="4"/>
    <testcase name="tests/DCPS/SharedTransport/run_test.pl udp" status="0" time="3"/>
    <testcase name="tests/DCPS/SharedTransport/run_test.pl multicast" status="0" time="4"/>
    <testcase name="tests/DCPS/SharedTransport/run_test.pl shmem" status="0" time="3"/>
    <testcase name="tests/DCPS/SharedTransport/run_test.pl rtps_disc_tcp" status="0" time="3"/>
    <testcase name="tests/DCPS/Ownership/run_test.pl" status="0" time="24"/>
    <testcase name="tests/DCPS/Ownership/run_test.pl update_strength" status="0" time="22"/>
    <testcase name="tests/DCPS/Ownership/run_test.pl liveliness_change" status="0" time="12"/>
    <testcase name="tests/DCPS/Ownership/run_test.pl miss_deadline" status="0" time="16"/>
    <testcase name="tests/DCPS/GroupPresentation/run_test.pl" status="0" time="6"/>
    <testcase name="tests/DCPS/GroupPresentation/run_test.pl topic" status="0" time="6"/>
    <testcase name="tests/DCPS/GroupPresentation/run_test.pl instance" status="0" time="5"/>
    <testcase name="tests/DCPS/LargeSample/run_test.pl" status="0" time="5"/>
    <testcase name="tests/DCPS/LargeSample/run_test.pl udp" status="0" time="15"/>
    <testcase name="tests/DCPS/LargeSample/run_test.pl multicast" status="0" time="4"/>
    <testcase name="tests/DCPS/LargeSample/run_test.pl multicast_async" status="0" time="5"/>
    <testcase name="tests/DCPS/LargeSample/run_test.pl shmem" status="0" time="4"/>
    <testcase name="tests/DCPS/LargeSample/run_test.pl rtps" status="0" time="5"/>
    <testcase name="tests/DCPS/ConfigFile/run_test.pl" status="0" time="0"/>
    <testcase name="tests/DCPS/ConfigTransports/run_test.pl" status="0" time="323"/>
    <testcase name="tests/DCPS/RtpsMessages/run_test.pl" status="0" time="0"/>
    <testcase name="tests/DCPS/RtpsDiscovery/run_test.pl" status="0" time="59"/>
    <testcase name="tests/DCPS/RtiSerialization/run_test.pl rtps" status="0" time="5"/>
    <testcase name="tests/DCPS/MultiDiscovery/run_test.pl" status="0" time="10"/>
    <testcase name="tests/DCPS/DomainRange/run_test.pl" status="0" time="8"/>
    <testcase name="tests/DCPS/InternalThreadStatus/run_test.pl" status="0" time="9"/>
    <testcase name="tests/DCPS/StaticDiscovery/run_test.pl" status="0" time="5"/>
    <testcase name="tests/DCPS/StaticDiscovery/run_test.pl mp" status="0" time="14"/>
    <testcase name="tests/DCPS/StaticDiscovery/run_test.pl mp delay" status="0" time="18"/>
    <testcase name="tests/DCPS/StaticDiscovery/run_test.pl mr" status="0" time="5"/>
    <testcase name="tests/DCPS/StaticDiscovery/run_test.pl mw" status="0" time="5"/>
    <testcase name="tests/DCPS/StaticDiscovery/run_test.pl mpmrmw" status="0" time="16"/>
    <testcase name="tests/DCPS/StaticDiscoveryReconnect/run_test.pl" status="0" time="66"/>
    <testcase name="tests/DCPS/SubscriberCycle/run_test.pl" status="0" time="6"/>
    <testcase name="tests/transport/rtps/run_test.pl" status="0" time="3"/>
    <testcase name="tests/transport/rtps_reliability/run_test.pl" status="0" time="14"/>
    <testcase name="tests/transport/spdp/run_test.pl" status="0" time="24"/>
    <testcase name="tests/transport/rtps_directed_write/run_test.pl" status="0" time="5"/>
    <testcase name="tests/transport/best_effort_reader/run_test.pl" status="0" time="2"/>
    <testcase name="tests/DCPS/ManyTopicTest/run_test.pl" status="0" time="4"/>
    <testcase name="tests/DCPS/ManyTopicTest/run_test.pl rtps" status="0" time="4"/>
    <testcase name="tests/DCPS/ManyTopicMultiProcess/run_test.pl" status="0" time="17"/>
    <testcase name="tests/DCPS/Monitor/run_test.pl" status="0" time="3"/>
    <testcase name="tests/DCPS/QoS_XML/dump/run_test.pl" status="0" time="0"/>
    <testcase name="tests/DCPS/ManyToMany/run_test.pl tcp 12to12 small" status="0" time="16"/>
    <testcase name="tests/DCPS/ManyToMany/run_test.pl tcp 12to12 large" status="0" time="16"/>
    <testcase name="tests/DCPS/ManyToMany/run_test.pl multicast 1to1 small" status="0" time="3"/>
    <testcase name="tests/DCPS/ManyToMany/run_test.pl multicast 1to1 large" status="0" time="3"/>
    <testcase name="tests/DCPS/ManyToMany/run_test.pl multicast_async 1to1 small" status="0" time="3"/>
    <testcase name="tests/DCPS/ManyToMany/run_test.pl multicast_async 1to1 large" status="0" time="4"/>
    <testcase name="tests/DCPS/ManyToMany/run_test.pl udp 1to1 small" status="0" time="3"/>
    <testcase name="tests/DCPS/ManyToMany/run_test.pl udp 1to1 large" status="0" time="3"/>
    <testcase name="tests/DCPS/ManyToMany/run_test.pl rtps 1to1 small" status="0" time="3"/>
    <testcase name="tests/DCPS/ManyToMany/run_test.pl rtps 1to1 large" status="0" time="3"/>
    <testcase name="tests/DCPS/ManyToMany/run_test.pl rtps_disc 12to12 small" status="0" time="17"/>
    <testcase name="tests/DCPS/ManyToMany/run_test.pl shmem 1to1 small" status="0" time="3"/>
    <testcase name="tests/DCPS/ManyToMany/run_test.pl shmem 1to1 large" status="0" time="3"/>
    <testcase name="tests/DCPS/ManyToMany/run_test.pl tcp 20to20 small orb_csdtp" status="0" time="26"/>
    <testcase name="tests/DCPS/PersistentInfoRepo/run_test.pl" status="0" time="122"/>
    <testcase name="tests/DCPS/Instances/run_test.pl single_instance single_datawriter keyed" status="0" time="4"/>
    <testcase name="tests/DCPS/Instances/run_test.pl single_instance single_datawriter nokey" status="0" time="4"/>
    <testcase name="tests/DCPS/Instances/run_test.pl multiple_instance single_datawriter keyed" status="0" time="4"/>
    <testcase name="tests/DCPS/Instances/run_test.pl multiple_instance single_datawriter nokey" status="0" time="4"/>
    <testcase name="tests/DCPS/Instances/run_test.pl single_instance multiple_datawriter keyed" status="0" time="4"/>
    <testcase name="tests/DCPS/Instances/run_test.pl single_instance multiple_datawriter nokey" status="0" time="4"/>
    <testcase name="tests/DCPS/Instances/run_test.pl multiple_instance multiple_datawriter keyed" status="0" time="4"/>
    <testcase name="tests/DCPS/Instances/run_test.pl multiple_instance multiple_datawriter nokey" status="0" time="4"/>
    <testcase name="tests/DCPS/SkipSerialize/run_test.pl rtps_disc" status="0" time="6"/>
    <testcase name="tests/FACE/Unit/run_test.pl qossettings" status="0" time="5"/>
    <testcase name="tests/FACE/Unit/run_test.pl memorypool" status="0" time="5"/>
    <testcase name="tests/FACE/Unit/run_test.pl freeindex" status="0" time="5"/>
    <testcase name="tests/FACE/Messenger/run_test.pl" status="0" time="25"/>
    <testcase name="tests/FACE/Messenger/run_test.pl callback" status="0" time="25"/>
    <testcase name="tests/FACE/Messenger/run_test.pl static" status="0" time="25"/>
    <testcase name="tests/FACE/Messenger/run_test.pl static callback" status="0" time="26"/>
    <testcase name="tests/FACE/MultiDomainMessenger/run_test.pl" status="0" time="25"/>
    <testcase name="tests/FACE/MultiDomainMessenger/run_test.pl callback" status="0" time="25"/>
    <testcase name="tests/FACE/SingleProcessMessenger/run_test.pl" status="0" time="5"/>
    <testcase name="tests/FACE/SingleProcessMessenger/run_test.pl callback" status="0" time="10"/>
    <testcase name="tests/FACE/CallbackAndReceive/run_test.pl" status="0" time="36"/>
    <testcase name="tests/FACE/Header/run_test.pl" status="0" time="50"/>
    <testcase name="tests/FACE/Reliability/run_test.pl" status="0" time="52"/>
    <testcase name="tests/FACE/Partition/run_test.pl" status="0" time="19"/>
    <testcase name="tests/FACE/Compiler/idl_test1_main/run_test.pl" status="0" time="0"/>
    <testcase name="tests/FACE/Compiler/idl_test3_main/run_test.pl" status="0" time="1"/>
    <testcase name="tests/FACE/Compiler/idl_test_fixed/run_test.pl" status="0" time="0"/>
    <testcase name="tests/DCPS/UnregisterType/run_test.pl" status="0" time="0"/>
    <testcase name="performance-tests/bench_2/run_test.pl disco" status="0" time="19"/>
    <testcase name="performance-tests/bench_2/run_test.pl fan" status="0" time="31"/>
    <testcase name="performance-tests/bench_2/run_test.pl fan_frag" status="0" time="31"><failure>
      <![CDATA[Missing Data (3) Details: ERROR :: Topic Name: topic_02, Reliable: true, Durable: false [PH: 32 (1-7)] 2 [PH: 36 (1-8)] 6-7
]]></failure><system-out>
      <![CDATA[start performance-tests/bench_2/run_test.pl fan_frag at Tue Dec 29 22:59:59 2020
/home/jenkins/workspace/OpenDDS_Pull_Requests/OpenDDS/performance-tests/bench_2/node_controller/node_controller one-shot --name test_nc_122112
node_controller PID: 122113
/home/jenkins/workspace/OpenDDS_Pull_Requests/OpenDDS/performance-tests/bench_2/test_controller/test_controller --wait-for-nodes 4 --override-create-time 10 example ci_fan_frag --override-start-time 15 --show-worker-logs
test_controller PID: 122114
Using example/config/scenario/ci_fan_frag.json:
    Name: Continuous Integration Fan-Out / Fan-In Test
    Description: This is a small quick test for data fan-out / fan-in capability with large samples (fragmentation)
Waiting for nodes for 4 seconds...
Discovered Node 01038a21.1f2cdd0b.dd01826a.000001c1 "test_nc_122112"
Discovered 1 nodes
Running the Scenario...
Results will be stored in example/result/3

Started at 2020-12-29T23:00:03Z
Setting scenario launch_time to be 3 seconds from now: 2020-12-29T23:00:07Z
/home/jenkins/workspace/OpenDDS_Pull_Requests/OpenDDS/performance-tests/bench_2/worker/worker /tmp/opendds_bench_nc_xyFD4I/n01038a21.1f2cdd0b.dd01826a.000001c1w1_config.json --report /tmp/opendds_bench_nc_xyFD4I/n01038a21.1f2cdd0b.dd01826a.000001c1w1_report.json --log /tmp/opendds_bench_nc_xyFD4I/n01038a21.1f2cdd0b.dd01826a.000001c1w1_log.txt
/home/jenkins/workspace/OpenDDS_Pull_Requests/OpenDDS/performance-tests/bench_2/worker/worker /tmp/opendds_bench_nc_xyFD4I/n01038a21.1f2cdd0b.dd01826a.000001c1w2_config.json --report /tmp/opendds_bench_nc_xyFD4I/n01038a21.1f2cdd0b.dd01826a.000001c1w2_report.json --log /tmp/opendds_bench_nc_xyFD4I/n01038a21.1f2cdd0b.dd01826a.000001c1w2_log.txt
/home/jenkins/workspace/OpenDDS_Pull_Requests/OpenDDS/performance-tests/bench_2/worker/worker /tmp/opendds_bench_nc_xyFD4I/n01038a21.1f2cdd0b.dd01826a.000001c1w3_config.json --report /tmp/opendds_bench_nc_xyFD4I/n01038a21.1f2cdd0b.dd01826a.000001c1w3_report.json --log /tmp/opendds_bench_nc_xyFD4I/n01038a21.1f2cdd0b.dd01826a.000001c1w3_log.txt
/home/jenkins/workspace/OpenDDS_Pull_Requests/OpenDDS/performance-tests/bench_2/worker/worker /tmp/opendds_bench_nc_xyFD4I/n01038a21.1f2cdd0b.dd01826a.000001c1w4_config.json --report /tmp/opendds_bench_nc_xyFD4I/n01038a21.1f2cdd0b.dd01826a.000001c1w4_report.json --log /tmp/opendds_bench_nc_xyFD4I/n01038a21.1f2cdd0b.dd01826a.000001c1w4_log.txt
/home/jenkins/workspace/OpenDDS_Pull_Requests/OpenDDS/performance-tests/bench_2/worker/worker /tmp/opendds_bench_nc_xyFD4I/n01038a21.1f2cdd0b.dd01826a.000001c1w5_config.json --report /tmp/opendds_bench_nc_xyFD4I/n01038a21.1f2cdd0b.dd01826a.000001c1w5_report.json --log /tmp/opendds_bench_nc_xyFD4I/n01038a21.1f2cdd0b.dd01826a.000001c1w5_log.txt
/home/jenkins/workspace/OpenDDS_Pull_Requests/OpenDDS/performance-tests/bench_2/worker/worker /tmp/opendds_bench_nc_xyFD4I/n01038a21.1f2cdd0b.dd01826a.000001c1w6_config.json --report /tmp/opendds_bench_nc_xyFD4I/n01038a21.1f2cdd0b.dd01826a.000001c1w6_report.json --log /tmp/opendds_bench_nc_xyFD4I/n01038a21.1f2cdd0b.dd01826a.000001c1w6_log.txt
/home/jenkins/workspace/OpenDDS_Pull_Requests/OpenDDS/performance-tests/bench_2/worker/worker /tmp/opendds_bench_nc_xyFD4I/n01038a21.1f2cdd0b.dd01826a.000001c1w7_config.json --report /tmp/opendds_bench_nc_xyFD4I/n01038a21.1f2cdd0b.dd01826a.000001c1w7_report.json --log /tmp/opendds_bench_nc_xyFD4I/n01038a21.1f2cdd0b.dd01826a.000001c1w7_log.txt
/home/jenkins/workspace/OpenDDS_Pull_Requests/OpenDDS/performance-tests/bench_2/worker/worker /tmp/opendds_bench_nc_xyFD4I/n01038a21.1f2cdd0b.dd01826a.000001c1w8_config.json --report /tmp/opendds_bench_nc_xyFD4I/n01038a21.1f2cdd0b.dd01826a.000001c1w8_report.json --log /tmp/opendds_bench_nc_xyFD4I/n01038a21.1f2cdd0b.dd01826a.000001c1w8_log.txt
/home/jenkins/workspace/OpenDDS_Pull_Requests/OpenDDS/performance-tests/bench_2/worker/worker /tmp/opendds_bench_nc_xyFD4I/n01038a21.1f2cdd0b.dd01826a.000001c1w9_config.json --report /tmp/opendds_bench_nc_xyFD4I/n01038a21.1f2cdd0b.dd01826a.000001c1w9_report.json --log /tmp/opendds_bench_nc_xyFD4I/n01038a21.1f2cdd0b.dd01826a.000001c1w9_log.txt
/home/jenkins/workspace/OpenDDS_Pull_Requests/OpenDDS/performance-tests/bench_2/worker/worker /tmp/opendds_bench_nc_xyFD4I/n01038a21.1f2cdd0b.dd01826a.000001c1w10_config.json --report /tmp/opendds_bench_nc_xyFD4I/n01038a21.1f2cdd0b.dd01826a.000001c1w10_report.json --log /tmp/opendds_bench_nc_xyFD4I/n01038a21.1f2cdd0b.dd01826a.000001c1w10_log.txt
/home/jenkins/workspace/OpenDDS_Pull_Requests/OpenDDS/performance-tests/bench_2/worker/worker /tmp/opendds_bench_nc_xyFD4I/n01038a21.1f2cdd0b.dd01826a.000001c1w11_config.json --report /tmp/opendds_bench_nc_xyFD4I/n01038a21.1f2cdd0b.dd01826a.000001c1w11_report.json --log /tmp/opendds_bench_nc_xyFD4I/n01038a21.1f2cdd0b.dd01826a.000001c1w11_log.txt
Writing report for node 01038a21.1f2cdd0b.dd01826a.000001c1
Got 1 out of 11 expected reports
Got 2 out of 11 expected reports
Got 3 out of 11 expected reports
Got 4 out of 11 expected reports
Got 5 out of 11 expected reports
Got 6 out of 11 expected reports
Got 7 out of 11 expected reports
Got 8 out of 11 expected reports
Got 9 out of 11 expected reports
Got 10 out of 11 expected reports
Got 11 out of 11 expected reports

Ended at 2020-12-29T23:00:29Z

Missing Data (3) Details: ERROR :: Topic Name: topic_02, Reliable: true, Durable: false [PH: 32 (1-7)] 2 [PH: 36 (1-8)] 6-7

Percent Cpu Utilization Statistics:
  percent cpu utilization  count = 22
  percent cpu utilization    min = 0.000000
  percent cpu utilization    max = 26.009369
  percent cpu utilization   mean = 5.431441
  percent cpu utilization  stdev = 6.557624
  percent cpu utilization median = 3.281675
  percent cpu utilization  madev = 2.302081

Percent Memory Utilization Statistics:
  percent memory utilization  count = 22
  percent memory utilization    min = 0.000000
  percent memory utilization    max = 6.783937
  percent memory utilization   mean = 5.242188
  percent memory utilization  stdev = 1.490372
  percent memory utilization median = 5.559140
  percent memory utilization  madev = 0.831237

Percent Virtual Memory Utilization Statistics:
  percent virtual memory utilization  count = 22
  percent virtual memory utilization    min = 0.000000
  percent virtual memory utilization    max = 0.024931
  percent virtual memory utilization   mean = 0.021428
  percent virtual memory utilization  stdev = 0.005153
  percent virtual memory utilization median = 0.023119
  percent virtual memory utilization  madev = 0.000477

Test Timing Stats:
  Max Construction Time: 0.112 seconds
  Max Enable Time: 0.000 seconds
  Max Start Time: 0.002 seconds
  Max Stop Time: 0.972 seconds
  Max Destruction Time: 1.005 seconds

Discovery Stats:
  Total Undermatched Readers: 0, Total Undermatched Writers: 0

Discovery Time Delta Statistics:
  discovery time delta  count = 18
  discovery time delta    min = 3.141815
  discovery time delta    max = 3.419243
  discovery time delta   mean = 3.277752
  discovery time delta  stdev = 0.053018
  discovery time delta median = 3.227617
  discovery time delta  madev = 0.083553

DDS Sample Count Stats:
  Total Lost Samples: 0
  Total Rejected Samples: 0

Data Count Stats:
  Total Out-Of-Order Data Samples: 0
  Total Duplicate Data Samples: 0
  Total Missing Data Samples: 3

Data Timing Stats:

  Latency Statistics:
    latency  count = 191
    latency    min = 0.003212
    latency    max = 14.140480
    latency   mean = 2.317825
    latency  stdev = 2.190814
    latency median = 1.163416
    latency  madev = 1.156834

  Jitter Statistics:
    jitter  count = 171
    jitter    min = 0.000040
    jitter    max = 14.108522
    jitter   mean = 0.876179
    jitter  stdev = 1.476866
    jitter median = 0.182155
    jitter  madev = 0.182081

  Round Trip Latency Statistics:
    round trip latency  count = 91
    round trip latency    min = 0.018429
    round trip latency    max = 7.074448
    round trip latency   mean = 2.432476
    round trip latency  stdev = 1.525678
    round trip latency median = 2.097031
    round trip latency  madev = 0.996728

  Round Trip Jitter Statistics:
    round trip jitter  count = 81
    round trip jitter    min = 0.000024
    round trip jitter    max = 7.052045
    round trip jitter   mean = 0.712582
    round trip jitter  stdev = 1.045076
    round trip jitter median = 0.499706
    round trip jitter  madev = 0.000347


Wrote results to example/result/3
=== Showing Log for Node 01038a21.1f2cdd0b.dd01826a.000001c1 Worker #4 ===
TypeSupportRegistration created for name 'Builder::ProcessConfig'
TypeSupportRegistration created for name 'Bench::Data'
Listener registration created for name 'bench_tl'
Listener registration created for name 'bench_drl'
Listener registration created for name 'bench_sl'
Listener registration created for name 'bench_dwl'
Listener registration created for name 'bench_pl'
Listener registration created for name 'bench_partl'
Action registration created for name 'write'
Action registration created for name 'forward'
Action registration created for name 'set_cft_parameters'
Beginning process construction / entity creation.
Adding 'DCPSSecurity' = '0' to [common] configuration section
Adding 'DCPSDebugLevel' = '0' to [common] configuration section
Creating discovery 'bench_test_rtps' of type rtps
Checking for transport config 'rtps_instance_01'
Creating transport config 'rtps_instance_01'
Checking for transport instance 'rtps_instance_01'
Creating transport instance 'rtps_instance_01' of type rtps_udp
Creating participant: 'participant_01' in domain 7
Binding config for participant participant_01 (rtps_instance_01)
Creating topic: 'topic_01' with type name 'Bench::Data' and listener type name ''
Creating topic: 'topic_02' with type name 'Bench::Data' and listener type name ''
Creating subscriber: 'subscriber_01' and listener type name ''
Creating datareader: 'datareader_01' with topic name 'topic_01' and listener type name 'bench_drl'
Creating publisher: 'publisher_01' and listener type name ''
Creating datawriter: 'datawriter_02' with topic name 'topic_02' and listener type name 'bench_dwl'

Process construction / entity creation complete.

Beginning action construction / initialization.
Action construction / initialization complete.

Enabling DDS entities (if not already enabled).
DDS entities enabled.

Starting Discovery Check.
Discovery of expected entities took 2.191 seconds.

Starting process tests.
Process tests started.

Stopping process tests.
Process tests stopped.

Beginning process destruction / entity deletion.
Deleting datawriter: datawriter_02
Deleting publisher: publisher_01
Deleting datareader: datareader_01
Deleting subscriber: subscriber_01
deleting entities for participant participant_01
Process destruction / entity deletion complete.


--- Process Statistics ---

construction time: 0.062
enable time: 0.000
start time: 0.000
stop time: 0.000
destruction time: 0.062

--- Discovery Statistics ---

undermatched readers: 0
undermatched writers: 0

max discovery time delta: 3.210

--- Latency Statistics ---

total (latency) sample count: 10
minimum latency: 0.009821 seconds
maximum latency: 1.178889 seconds
mean latency: 0.151305 seconds
latency standard deviation: 0.345997 seconds
latency weighted median: 0.000000 seconds
latency weighted median overflow: 0

--- Jitter Statistics ---

total (jitter) sample count: 9
minimum jitter: 0.001277 seconds
maximum jitter: 1.169068 seconds
mean jitter: 0.264709 seconds
jitter standard deviation: 0.442285 seconds
jitter weighted median: 0.000000 seconds
jitter weighted median overflow: 0



=== Showing Log for Node 01038a21.1f2cdd0b.dd01826a.000001c1 Worker #10 ===
TypeSupportRegistration created for name 'Builder::ProcessConfig'
TypeSupportRegistration created for name 'Bench::Data'
Listener registration created for name 'bench_tl'
Listener registration created for name 'bench_drl'
Listener registration created for name 'bench_sl'
Listener registration created for name 'bench_dwl'
Listener registration created for name 'bench_pl'
Listener registration created for name 'bench_partl'
Action registration created for name 'write'
Action registration created for name 'forward'
Action registration created for name 'set_cft_parameters'
Beginning process construction / entity creation.
Adding 'DCPSSecurity' = '0' to [common] configuration section
Adding 'DCPSDebugLevel' = '0' to [common] configuration section
Creating discovery 'bench_test_rtps' of type rtps
Checking for transport config 'rtps_instance_01'
Creating transport config 'rtps_instance_01'
Checking for transport instance 'rtps_instance_01'
Creating transport instance 'rtps_instance_01' of type rtps_udp
Creating participant: 'participant_01' in domain 7
Binding config for participant participant_01 (rtps_instance_01)
Creating topic: 'topic_01' with type name 'Bench::Data' and listener type name ''
Creating topic: 'topic_02' with type name 'Bench::Data' and listener type name ''
Creating subscriber: 'subscriber_01' and listener type name ''
Creating datareader: 'datareader_01' with topic name 'topic_01' and listener type name 'bench_drl'
Creating publisher: 'publisher_01' and listener type name ''
Creating datawriter: 'datawriter_02' with topic name 'topic_02' and listener type name 'bench_dwl'

Process construction / entity creation complete.

Beginning action construction / initialization.
Action construction / initialization complete.

Enabling DDS entities (if not already enabled).
DDS entities enabled.

Starting Discovery Check.
Discovery of expected entities took 2.302 seconds.

Starting process tests.
Process tests started.

Stopping process tests.
Process tests stopped.

Beginning process destruction / entity deletion.
Deleting datawriter: datawriter_02
Deleting publisher: publisher_01
Deleting datareader: datareader_01
Deleting subscriber: subscriber_01
deleting entities for participant participant_01
Process destruction / entity deletion complete.


--- Process Statistics ---

construction time: 0.046
enable time: 0.000
start time: 0.000
stop time: 0.000
destruction time: 0.048

--- Discovery Statistics ---

undermatched readers: 0
undermatched writers: 0

max discovery time delta: 3.337

--- Latency Statistics ---

total (latency) sample count: 10
minimum latency: 0.004581 seconds
maximum latency: 2.163817 seconds
mean latency: 0.357815 seconds
latency standard deviation: 0.692235 seconds
latency weighted median: 0.000000 seconds
latency weighted median overflow: 0

--- Jitter Statistics ---

total (jitter) sample count: 9
minimum jitter: 0.000093 seconds
maximum jitter: 0.998052 seconds
mean jitter: 0.242513 seconds
jitter standard deviation: 0.404848 seconds
jitter weighted median: 0.000000 seconds
jitter weighted median overflow: 0



=== Showing Log for Node 01038a21.1f2cdd0b.dd01826a.000001c1 Worker #11 ===
TypeSupportRegistration created for name 'Builder::ProcessConfig'
TypeSupportRegistration created for name 'Bench::Data'
Listener registration created for name 'bench_tl'
Listener registration created for name 'bench_drl'
Listener registration created for name 'bench_sl'
Listener registration created for name 'bench_dwl'
Listener registration created for name 'bench_pl'
Listener registration created for name 'bench_partl'
Action registration created for name 'write'
Action registration created for name 'forward'
Action registration created for name 'set_cft_parameters'
Beginning process construction / entity creation.
Adding 'DCPSSecurity' = '0' to [common] configuration section
Adding 'DCPSDebugLevel' = '0' to [common] configuration section
Creating discovery 'bench_test_rtps' of type rtps
Checking for transport config 'rtps_instance_01'
Creating transport config 'rtps_instance_01'
Checking for transport instance 'rtps_instance_01'
Creating transport instance 'rtps_instance_01' of type rtps_udp
Creating participant: 'participant_01' in domain 7
Binding config for participant participant_01 (rtps_instance_01)
Creating topic: 'topic_01' with type name 'Bench::Data' and listener type name ''
Creating topic: 'topic_02' with type name 'Bench::Data' and listener type name ''
Creating subscriber: 'subscriber_01' and listener type name ''
Creating datareader: 'datareader_01' with topic name 'topic_01' and listener type name 'bench_drl'
Creating publisher: 'publisher_01' and listener type name ''
Creating datawriter: 'datawriter_02' with topic name 'topic_02' and listener type name 'bench_dwl'

Process construction / entity creation complete.

Beginning action construction / initialization.
Action construction / initialization complete.

Enabling DDS entities (if not already enabled).
DDS entities enabled.

Starting Discovery Check.
Discovery of expected entities took 2.301 seconds.

Starting process tests.
Process tests started.

Stopping process tests.
Process tests stopped.

Beginning process destruction / entity deletion.
Deleting datawriter: datawriter_02
Deleting publisher: publisher_01
Deleting datareader: datareader_01
Deleting subscriber: subscriber_01
deleting entities for participant participant_01
Process destruction / entity deletion complete.


--- Process Statistics ---

construction time: 0.049
enable time: 0.000
start time: 0.000
stop time: 0.000
destruction time: 0.064

--- Discovery Statistics ---

undermatched readers: 0
undermatched writers: 0

max discovery time delta: 3.321

--- Latency Statistics ---

total (latency) sample count: 10
minimum latency: 0.004682 seconds
maximum latency: 1.164473 seconds
mean latency: 0.142537 seconds
latency standard deviation: 0.343743 seconds
latency weighted median: 0.000000 seconds
latency weighted median overflow: 0

--- Jitter Statistics ---

total (jitter) sample count: 9
minimum jitter: 0.001328 seconds
maximum jitter: 1.147194 seconds
mean jitter: 0.263696 seconds
jitter standard deviation: 0.436450 seconds
jitter weighted median: 0.000000 seconds
jitter weighted median overflow: 0



=== Showing Log for Node 01038a21.1f2cdd0b.dd01826a.000001c1 Worker #8 ===
TypeSupportRegistration created for name 'Builder::ProcessConfig'
TypeSupportRegistration created for name 'Bench::Data'
Listener registration created for name 'bench_tl'
Listener registration created for name 'bench_drl'
Listener registration created for name 'bench_sl'
Listener registration created for name 'bench_dwl'
Listener registration created for name 'bench_pl'
Listener registration created for name 'bench_partl'
Action registration created for name 'write'
Action registration created for name 'forward'
Action registration created for name 'set_cft_parameters'
Beginning process construction / entity creation.
Adding 'DCPSSecurity' = '0' to [common] configuration section
Adding 'DCPSDebugLevel' = '0' to [common] configuration section
Creating discovery 'bench_test_rtps' of type rtps
Checking for transport config 'rtps_instance_01'
Creating transport config 'rtps_instance_01'
Checking for transport instance 'rtps_instance_01'
Creating transport instance 'rtps_instance_01' of type rtps_udp
Creating participant: 'participant_01' in domain 7
Binding config for participant participant_01 (rtps_instance_01)
Creating topic: 'topic_01' with type name 'Bench::Data' and listener type name ''
Creating topic: 'topic_02' with type name 'Bench::Data' and listener type name ''
Creating subscriber: 'subscriber_01' and listener type name ''
Creating datareader: 'datareader_01' with topic name 'topic_01' and listener type name 'bench_drl'
Creating publisher: 'publisher_01' and listener type name ''
Creating datawriter: 'datawriter_02' with topic name 'topic_02' and listener type name 'bench_dwl'

Process construction / entity creation complete.

Beginning action construction / initialization.
Action construction / initialization complete.

Enabling DDS entities (if not already enabled).
DDS entities enabled.

Starting Discovery Check.
Discovery of expected entities took 2.260 seconds.

Starting process tests.
Process tests started.

Stopping process tests.
Process tests stopped.

Beginning process destruction / entity deletion.
Deleting datawriter: datawriter_02
Deleting publisher: publisher_01
Deleting datareader: datareader_01
Deleting subscriber: subscriber_01
deleting entities for participant participant_01
Process destruction / entity deletion complete.


--- Process Statistics ---

construction time: 0.038
enable time: 0.000
start time: 0.000
stop time: 0.000
destruction time: 0.065

--- Discovery Statistics ---

undermatched readers: 0
undermatched writers: 0

max discovery time delta: 3.281

--- Latency Statistics ---

total (latency) sample count: 10
minimum latency: 0.005300 seconds
maximum latency: 1.194105 seconds
mean latency: 0.278724 seconds
latency standard deviation: 0.454890 seconds
latency weighted median: 0.000000 seconds
latency weighted median overflow: 0

--- Jitter Statistics ---

total (jitter) sample count: 9
minimum jitter: 0.000074 seconds
maximum jitter: 1.188560 seconds
mean jitter: 0.523154 seconds
jitter standard deviation: 0.510367 seconds
jitter weighted median: 0.000000 seconds
jitter weighted median overflow: 0



=== Showing Log for Node 01038a21.1f2cdd0b.dd01826a.000001c1 Worker #5 ===
TypeSupportRegistration created for name 'Builder::ProcessConfig'
TypeSupportRegistration created for name 'Bench::Data'
Listener registration created for name 'bench_tl'
Listener registration created for name 'bench_drl'
Listener registration created for name 'bench_sl'
Listener registration created for name 'bench_dwl'
Listener registration created for name 'bench_pl'
Listener registration created for name 'bench_partl'
Action registration created for name 'write'
Action registration created for name 'forward'
Action registration created for name 'set_cft_parameters'
Beginning process construction / entity creation.
Adding 'DCPSSecurity' = '0' to [common] configuration section
Adding 'DCPSDebugLevel' = '0' to [common] configuration section
Creating discovery 'bench_test_rtps' of type rtps
Checking for transport config 'rtps_instance_01'
Creating transport config 'rtps_instance_01'
Checking for transport instance 'rtps_instance_01'
Creating transport instance 'rtps_instance_01' of type rtps_udp
Creating participant: 'participant_01' in domain 7
Binding config for participant participant_01 (rtps_instance_01)
Creating topic: 'topic_01' with type name 'Bench::Data' and listener type name ''
Creating topic: 'topic_02' with type name 'Bench::Data' and listener type name ''
Creating subscriber: 'subscriber_01' and listener type name ''
Creating datareader: 'datareader_01' with topic name 'topic_01' and listener type name 'bench_drl'
Creating publisher: 'publisher_01' and listener type name ''
Creating datawriter: 'datawriter_02' with topic name 'topic_02' and listener type name 'bench_dwl'

Process construction / entity creation complete.

Beginning action construction / initialization.
Action construction / initialization complete.

Enabling DDS entities (if not already enabled).
DDS entities enabled.

Starting Discovery Check.
Discovery of expected entities took 2.199 seconds.

Starting process tests.
Process tests started.

Stopping process tests.
Process tests stopped.

Beginning process destruction / entity deletion.
Deleting datawriter: datawriter_02
Deleting publisher: publisher_01
Deleting datareader: datareader_01
Deleting subscriber: subscriber_01
deleting entities for participant participant_01
Process destruction / entity deletion complete.


--- Process Statistics ---

construction time: 0.063
enable time: 0.000
start time: 0.000
stop time: 0.000
destruction time: 0.072

--- Discovery Statistics ---

undermatched readers: 0
undermatched writers: 0

max discovery time delta: 3.218

--- Latency Statistics ---

total (latency) sample count: 10
minimum latency: 0.004449 seconds
maximum latency: 2.163939 seconds
mean latency: 0.604934 seconds
latency standard deviation: 0.717680 seconds
latency weighted median: 0.000000 seconds
latency weighted median overflow: 0

--- Jitter Statistics ---

total (jitter) sample count: 9
minimum jitter: 0.012211 seconds
maximum jitter: 2.151616 seconds
mean jitter: 0.831983 seconds
jitter standard deviation: 0.645424 seconds
jitter weighted median: 0.000000 seconds
jitter weighted median overflow: 0



=== Showing Log for Node 01038a21.1f2cdd0b.dd01826a.000001c1 Worker #2 ===
TypeSupportRegistration created for name 'Builder::ProcessConfig'
TypeSupportRegistration created for name 'Bench::Data'
Listener registration created for name 'bench_tl'
Listener registration created for name 'bench_drl'
Listener registration created for name 'bench_sl'
Listener registration created for name 'bench_dwl'
Listener registration created for name 'bench_pl'
Listener registration created for name 'bench_partl'
Action registration created for name 'write'
Action registration created for name 'forward'
Action registration created for name 'set_cft_parameters'
Beginning process construction / entity creation.
Adding 'DCPSSecurity' = '0' to [common] configuration section
Adding 'DCPSDebugLevel' = '0' to [common] configuration section
Creating discovery 'bench_test_rtps' of type rtps
Checking for transport config 'rtps_instance_01'
Creating transport config 'rtps_instance_01'
Checking for transport instance 'rtps_instance_01'
Creating transport instance 'rtps_instance_01' of type rtps_udp
Creating participant: 'participant_01' in domain 7
Binding config for participant participant_01 (rtps_instance_01)
Creating topic: 'topic_01' with type name 'Bench::Data' and listener type name ''
Creating topic: 'topic_02' with type name 'Bench::Data' and listener type name ''
Creating subscriber: 'subscriber_01' and listener type name ''
Creating datareader: 'datareader_01' with topic name 'topic_01' and listener type name 'bench_drl'
Creating publisher: 'publisher_01' and listener type name ''
Creating datawriter: 'datawriter_02' with topic name 'topic_02' and listener type name 'bench_dwl'

Process construction / entity creation complete.

Beginning action construction / initialization.
Action construction / initialization complete.

Enabling DDS entities (if not already enabled).
DDS entities enabled.

Starting Discovery Check.
Discovery of expected entities took 2.020 seconds.

Starting process tests.
Process tests started.

Stopping process tests.
Process tests stopped.

Beginning process destruction / entity deletion.
Deleting datawriter: datawriter_02
Deleting publisher: publisher_01
Deleting datareader: datareader_01
Deleting subscriber: subscriber_01
deleting entities for participant participant_01
Process destruction / entity deletion complete.


--- Process Statistics ---

construction time: 0.105
enable time: 0.000
start time: 0.000
stop time: 0.000
destruction time: 0.931

--- Discovery Statistics ---

undermatched readers: 0
undermatched writers: 0

max discovery time delta: 3.044

--- Latency Statistics ---

total (latency) sample count: 10
minimum latency: 0.004185 seconds
maximum latency: 2.163374 seconds
mean latency: 0.358183 seconds
latency standard deviation: 0.692010 seconds
latency weighted median: 0.000000 seconds
latency weighted median overflow: 0

--- Jitter Statistics ---

total (jitter) sample count: 9
minimum jitter: 0.001634 seconds
maximum jitter: 2.158640 seconds
mean jitter: 0.483985 seconds
jitter standard deviation: 0.712022 seconds
jitter weighted median: 0.000000 seconds
jitter weighted median overflow: 0



=== Showing Log for Node 01038a21.1f2cdd0b.dd01826a.000001c1 Worker #6 ===
TypeSupportRegistration created for name 'Builder::ProcessConfig'
TypeSupportRegistration created for name 'Bench::Data'
Listener registration created for name 'bench_tl'
Listener registration created for name 'bench_drl'
Listener registration created for name 'bench_sl'
Listener registration created for name 'bench_dwl'
Listener registration created for name 'bench_pl'
Listener registration created for name 'bench_partl'
Action registration created for name 'write'
Action registration created for name 'forward'
Action registration created for name 'set_cft_parameters'
Beginning process construction / entity creation.
Adding 'DCPSSecurity' = '0' to [common] configuration section
Adding 'DCPSDebugLevel' = '0' to [common] configuration section
Creating discovery 'bench_test_rtps' of type rtps
Checking for transport config 'rtps_instance_01'
Creating transport config 'rtps_instance_01'
Checking for transport instance 'rtps_instance_01'
Creating transport instance 'rtps_instance_01' of type rtps_udp
Creating participant: 'participant_01' in domain 7
Binding config for participant participant_01 (rtps_instance_01)
Creating topic: 'topic_01' with type name 'Bench::Data' and listener type name ''
Creating topic: 'topic_02' with type name 'Bench::Data' and listener type name ''
Creating subscriber: 'subscriber_01' and listener type name ''
Creating datareader: 'datareader_01' with topic name 'topic_01' and listener type name 'bench_drl'
Creating publisher: 'publisher_01' and listener type name ''
Creating datawriter: 'datawriter_02' with topic name 'topic_02' and listener type name 'bench_dwl'

Process construction / entity creation complete.

Beginning action construction / initialization.
Action construction / initialization complete.

Enabling DDS entities (if not already enabled).
DDS entities enabled.

Starting Discovery Check.
Discovery of expected entities took 2.172 seconds.

Starting process tests.
Process tests started.

Stopping process tests.
Process tests stopped.

Beginning process destruction / entity deletion.
Deleting datawriter: datawriter_02
Deleting publisher: publisher_01
Deleting datareader: datareader_01
Deleting subscriber: subscriber_01
deleting entities for participant participant_01
Process destruction / entity deletion complete.


--- Process Statistics ---

construction time: 0.088
enable time: 0.000
start time: 0.000
stop time: 0.000
destruction time: 1.005

--- Discovery Statistics ---

undermatched readers: 0
undermatched writers: 0

max discovery time delta: 3.241

--- Latency Statistics ---

total (latency) sample count: 10
minimum latency: 0.005412 seconds
maximum latency: 2.164479 seconds
mean latency: 0.704698 seconds
latency standard deviation: 0.847789 seconds
latency weighted median: 0.000000 seconds
latency weighted median overflow: 0

--- Jitter Statistics ---

total (jitter) sample count: 9
minimum jitter: 0.004225 seconds
maximum jitter: 2.158209 seconds
mean jitter: 0.957421 seconds
jitter standard deviation: 0.749888 seconds
jitter weighted median: 0.000000 seconds
jitter weighted median overflow: 0



=== Showing Log for Node 01038a21.1f2cdd0b.dd01826a.000001c1 Worker #3 ===
TypeSupportRegistration created for name 'Builder::ProcessConfig'
TypeSupportRegistration created for name 'Bench::Data'
Listener registration created for name 'bench_tl'
Listener registration created for name 'bench_drl'
Listener registration created for name 'bench_sl'
Listener registration created for name 'bench_dwl'
Listener registration created for name 'bench_pl'
Listener registration created for name 'bench_partl'
Action registration created for name 'write'
Action registration created for name 'forward'
Action registration created for name 'set_cft_parameters'
Beginning process construction / entity creation.
Adding 'DCPSSecurity' = '0' to [common] configuration section
Adding 'DCPSDebugLevel' = '0' to [common] configuration section
Creating discovery 'bench_test_rtps' of type rtps
Checking for transport config 'rtps_instance_01'
Creating transport config 'rtps_instance_01'
Checking for transport instance 'rtps_instance_01'
Creating transport instance 'rtps_instance_01' of type rtps_udp
Creating participant: 'participant_01' in domain 7
Binding config for participant participant_01 (rtps_instance_01)
Creating topic: 'topic_01' with type name 'Bench::Data' and listener type name ''
Creating topic: 'topic_02' with type name 'Bench::Data' and listener type name ''
Creating subscriber: 'subscriber_01' and listener type name ''
Creating datareader: 'datareader_01' with topic name 'topic_01' and listener type name 'bench_drl'
Creating publisher: 'publisher_01' and listener type name ''
Creating datawriter: 'datawriter_02' with topic name 'topic_02' and listener type name 'bench_dwl'

Process construction / entity creation complete.

Beginning action construction / initialization.
Action construction / initialization complete.

Enabling DDS entities (if not already enabled).
DDS entities enabled.

Starting Discovery Check.
Discovery of expected entities took 2.143 seconds.

Starting process tests.
Process tests started.

Stopping process tests.
Process tests stopped.

Beginning process destruction / entity deletion.
Deleting datawriter: datawriter_02
Deleting publisher: publisher_01
Deleting datareader: datareader_01
Deleting subscriber: subscriber_01
deleting entities for participant participant_01
Process destruction / entity deletion complete.


--- Process Statistics ---

construction time: 0.112
enable time: 0.000
start time: 0.000
stop time: 0.000
destruction time: 1.005

--- Discovery Statistics ---

undermatched readers: 0
undermatched writers: 0

max discovery time delta: 3.164

--- Latency Statistics ---

total (latency) sample count: 10
minimum latency: 0.005062 seconds
maximum latency: 1.164518 seconds
mean latency: 0.141174 seconds
latency standard deviation: 0.344835 seconds
latency weighted median: 0.000000 seconds
latency weighted median overflow: 0

--- Jitter Statistics ---

total (jitter) sample count: 9
minimum jitter: 0.001747 seconds
maximum jitter: 1.146127 seconds
mean jitter: 0.259011 seconds
jitter standard deviation: 0.436330 seconds
jitter weighted median: 0.000000 seconds
jitter weighted median overflow: 0



=== Showing Log for Node 01038a21.1f2cdd0b.dd01826a.000001c1 Worker #7 ===
TypeSupportRegistration created for name 'Builder::ProcessConfig'
TypeSupportRegistration created for name 'Bench::Data'
Listener registration created for name 'bench_tl'
Listener registration created for name 'bench_drl'
Listener registration created for name 'bench_sl'
Listener registration created for name 'bench_dwl'
Listener registration created for name 'bench_pl'
Listener registration created for name 'bench_partl'
Action registration created for name 'write'
Action registration created for name 'forward'
Action registration created for name 'set_cft_parameters'
Beginning process construction / entity creation.
Adding 'DCPSSecurity' = '0' to [common] configuration section
Adding 'DCPSDebugLevel' = '0' to [common] configuration section
Creating discovery 'bench_test_rtps' of type rtps
Checking for transport config 'rtps_instance_01'
Creating transport config 'rtps_instance_01'
Checking for transport instance 'rtps_instance_01'
Creating transport instance 'rtps_instance_01' of type rtps_udp
Creating participant: 'participant_01' in domain 7
Binding config for participant participant_01 (rtps_instance_01)
Creating topic: 'topic_01' with type name 'Bench::Data' and listener type name ''
Creating topic: 'topic_02' with type name 'Bench::Data' and listener type name ''
Creating subscriber: 'subscriber_01' and listener type name ''
Creating datareader: 'datareader_01' with topic name 'topic_01' and listener type name 'bench_drl'
Creating publisher: 'publisher_01' and listener type name ''
Creating datawriter: 'datawriter_02' with topic name 'topic_02' and listener type name 'bench_dwl'

Process construction / entity creation complete.

Beginning action construction / initialization.
Action construction / initialization complete.

Enabling DDS entities (if not already enabled).
DDS entities enabled.

Starting Discovery Check.
Discovery of expected entities took 2.170 seconds.

Starting process tests.
Process tests started.

Stopping process tests.
Process tests stopped.

Beginning process destruction / entity deletion.
Deleting datawriter: datawriter_02
Deleting publisher: publisher_01
Deleting datareader: datareader_01
Deleting subscriber: subscriber_01
deleting entities for participant participant_01
Process destruction / entity deletion complete.


--- Process Statistics ---

construction time: 0.085
enable time: 0.000
start time: 0.000
stop time: 0.000
destruction time: 1.004

--- Discovery Statistics ---

undermatched readers: 0
undermatched writers: 0

max discovery time delta: 3.234

--- Latency Statistics ---

total (latency) sample count: 10
minimum latency: 0.003212 seconds
maximum latency: 2.164477 seconds
mean latency: 0.357424 seconds
latency standard deviation: 0.692506 seconds
latency weighted median: 0.000000 seconds
latency weighted median overflow: 0

--- Jitter Statistics ---

total (jitter) sample count: 9
minimum jitter: 0.000701 seconds
maximum jitter: 2.140111 seconds
mean jitter: 0.480208 seconds
jitter standard deviation: 0.708220 seconds
jitter weighted median: 0.000000 seconds
jitter weighted median overflow: 0



=== Showing Log for Node 01038a21.1f2cdd0b.dd01826a.000001c1 Worker #9 ===
TypeSupportRegistration created for name 'Builder::ProcessConfig'
TypeSupportRegistration created for name 'Bench::Data'
Listener registration created for name 'bench_tl'
Listener registration created for name 'bench_drl'
Listener registration created for name 'bench_sl'
Listener registration created for name 'bench_dwl'
Listener registration created for name 'bench_pl'
Listener registration created for name 'bench_partl'
Action registration created for name 'write'
Action registration created for name 'forward'
Action registration created for name 'set_cft_parameters'
Beginning process construction / entity creation.
Adding 'DCPSSecurity' = '0' to [common] configuration section
Adding 'DCPSDebugLevel' = '0' to [common] configuration section
Creating discovery 'bench_test_rtps' of type rtps
Checking for transport config 'rtps_instance_01'
Creating transport config 'rtps_instance_01'
Checking for transport instance 'rtps_instance_01'
Creating transport instance 'rtps_instance_01' of type rtps_udp
Creating participant: 'participant_01' in domain 7
Binding config for participant participant_01 (rtps_instance_01)
Creating topic: 'topic_01' with type name 'Bench::Data' and listener type name ''
Creating topic: 'topic_02' with type name 'Bench::Data' and listener type name ''
Creating subscriber: 'subscriber_01' and listener type name ''
Creating datareader: 'datareader_01' with topic name 'topic_01' and listener type name 'bench_drl'
Creating publisher: 'publisher_01' and listener type name ''
Creating datawriter: 'datawriter_02' with topic name 'topic_02' and listener type name 'bench_dwl'

Process construction / entity creation complete.

Beginning action construction / initialization.
Action construction / initialization complete.

Enabling DDS entities (if not already enabled).
DDS entities enabled.

Starting Discovery Check.
Discovery of expected entities took 2.181 seconds.

Starting process tests.
Process tests started.

Stopping process tests.
Process tests stopped.

Beginning process destruction / entity deletion.
Deleting datawriter: datawriter_02
Deleting publisher: publisher_01
Deleting datareader: datareader_01
Deleting subscriber: subscriber_01
deleting entities for participant participant_01
Process destruction / entity deletion complete.


--- Process Statistics ---

construction time: 0.069
enable time: 0.000
start time: 0.000
stop time: 0.000
destruction time: 1.002

--- Discovery Statistics ---

undermatched readers: 0
undermatched writers: 0

max discovery time delta: 3.183

--- Latency Statistics ---

total (latency) sample count: 10
minimum latency: 0.004395 seconds
maximum latency: 0.029450 seconds
mean latency: 0.013648 seconds
latency standard deviation: 0.009532 seconds
latency weighted median: 0.000000 seconds
latency weighted median overflow: 0

--- Jitter Statistics ---

total (jitter) sample count: 9
minimum jitter: 0.000040 seconds
maximum jitter: 0.019521 seconds
mean jitter: 0.007426 seconds
jitter standard deviation: 0.007308 seconds
jitter weighted median: 0.000000 seconds
jitter weighted median overflow: 0



=== Showing Log for Node 01038a21.1f2cdd0b.dd01826a.000001c1 Worker #1 ===
TypeSupportRegistration created for name 'Builder::ProcessConfig'
TypeSupportRegistration created for name 'Bench::Data'
Listener registration created for name 'bench_tl'
Listener registration created for name 'bench_drl'
Listener registration created for name 'bench_sl'
Listener registration created for name 'bench_dwl'
Listener registration created for name 'bench_pl'
Listener registration created for name 'bench_partl'
Action registration created for name 'write'
Action registration created for name 'forward'
Action registration created for name 'set_cft_parameters'
Beginning process construction / entity creation.
Adding 'DCPSSecurity' = '0' to [common] configuration section
Adding 'DCPSDebugLevel' = '0' to [common] configuration section
Creating discovery 'bench_test_rtps' of type rtps
Checking for transport config 'rtps_instance_01'
Creating transport config 'rtps_instance_01'
Checking for transport instance 'rtps_instance_01'
Creating transport instance 'rtps_instance_01' of type rtps_udp
Creating participant: 'participant_01' in domain 7
Binding config for participant participant_01 (rtps_instance_01)
Creating topic: 'topic_01' with type name 'Bench::Data' and listener type name ''
Creating topic: 'topic_02' with type name 'Bench::Data' and listener type name ''
Creating subscriber: 'subscriber_01' and listener type name ''
Creating datareader: 'datareader_02' with topic name 'topic_02' and listener type name 'bench_drl'
Creating publisher: 'publisher_01' and listener type name ''
Creating datawriter: 'datawriter_01' with topic name 'topic_01' and listener type name 'bench_dwl'

Process construction / entity creation complete.

Beginning action construction / initialization.
Action construction / initialization complete.

Enabling DDS entities (if not already enabled).
DDS entities enabled.

Starting Discovery Check.
Discovery of expected entities took 2.402 seconds.

Starting process tests.
Process tests started.

Stopping process tests.
Process tests stopped.

Beginning process destruction / entity deletion.
Deleting datawriter: datawriter_01
Deleting publisher: publisher_01
Deleting datareader: datareader_02
Deleting subscriber: subscriber_01
deleting entities for participant participant_01
Process destruction / entity deletion complete.


--- Process Statistics ---

construction time: 0.040
enable time: 0.000
start time: 0.002
stop time: 0.972
destruction time: 0.008

--- Discovery Statistics ---

undermatched readers: 0
undermatched writers: 0

max discovery time delta: 3.425

--- Latency Statistics ---

total (latency) sample count: 91
minimum latency: 0.005637 seconds
maximum latency: 14.140480 seconds
mean latency: 4.523078 seconds
latency standard deviation: 3.117451 seconds
latency weighted median: 0.000000 seconds
latency weighted median overflow: 0

--- Jitter Statistics ---

total (jitter) sample count: 81
minimum jitter: 0.000265 seconds
maximum jitter: 14.108522 seconds
mean jitter: 1.370367 seconds
jitter standard deviation: 2.067021 seconds
jitter weighted median: 0.000000 seconds
jitter weighted median overflow: 0


--- Round-Trip Latency Statistics ---

total (round_trip_latency) sample count: 91
minimum round_trip_latency: 0.018429 seconds
maximum round_trip_latency: 7.074448 seconds
mean round_trip_latency: 2.432476 seconds
round_trip_latency standard deviation: 1.525678 seconds
round_trip_latency weighted median: 0.000000 seconds
round_trip_latency weighted median overflow: 0

--- Round-Trip Jitter Statistics ---

total (round_trip_jitter) sample count: 81
minimum round_trip_jitter: 0.000024 seconds
maximum round_trip_jitter: 7.052045 seconds
mean round_trip_jitter: 0.712582 seconds
round_trip_jitter standard deviation: 1.045076 seconds
round_trip_jitter weighted median: 0.000000 seconds
round_trip_jitter weighted median overflow: 0



All reports written and acknowledged.
Finished
test PASSED.
stop performance-tests/bench_2/run_test.pl fan_frag at Tue Dec 29 23:00:30 2020

]]></system-out></testcase>
    <testcase name="performance-tests/bench_2/run_test.pl echo" status="0" time="29"/>
    <testcase name="performance-tests/bench_2/run_test.pl echo_frag" status="0" time="28"/>
    <testcase name="performance-tests/bench_2/run_test.pl mixed" status="0" time="50"/>
    <testcase name="java/tests/hello/run_test.pl" status="0" time="1"/>
    <testcase name="java/idl2jni/tests/union/run_test.pl" status="0" time="0"/>
    <testcase name="java/tests/builtintopics/run_test.pl" status="0" time="1"/>
    <testcase name="java/tests/complex_idl/run_test.pl" status="0" time="0"/>
    <testcase name="java/tests/multirepo/run_test.pl" status="0" time="7"/>
    <testcase name="java/tests/transport_config/run_test.pl" status="0" time="0"/>
    <testcase name="java/tests/messenger/publisher/run_test.pl tcp" status="0" time="6"/>
    <testcase name="java/tests/messenger/publisher/run_test.pl udp" status="0" time="5"/>
    <testcase name="java/tests/messenger/publisher/run_test.pl multicast" status="0" time="6"/>
    <testcase name="java/tests/messenger/publisher/run_test.pl rtps" status="0" time="6"/>
    <testcase name="java/tests/messenger/publisher/run_test.pl rtps_uni" status="0" time="6"/>
    <testcase name="java/tests/messenger/publisher/run_test.pl rtps_disc" status="0" time="5"/>
    <testcase name="java/tests/messenger/publisher/run_test.pl rtps_disc_tcp" status="0" time="6"/>
    <testcase name="java/tests/messenger/subscriber/run_test.pl tcp" status="0" time="1"/>
    <testcase name="java/tests/messenger/subscriber/run_test.pl udp" status="0" time="1"/>
    <testcase name="java/tests/messenger/subscriber/run_test.pl multicast" status="0" time="1"/>
    <testcase name="java/tests/messenger/subscriber/run_test.pl rtps" status="0" time="2"/>
    <testcase name="java/tests/messenger/subscriber/run_test.pl rtps_uni" status="0" time="2"/>
    <testcase name="java/tests/messenger/subscriber/run_test.pl rtps_disc" status="0" time="1"/>
    <testcase name="java/tests/messenger/subscriber/run_test.pl rtps_disc_tcp" status="0" time="1"/>
    <testcase name="java/tests/messenger/run_test.pl tcp" status="0" time="5"/>
    <testcase name="java/tests/messenger/run_test.pl udp" status="0" time="6"/>
    <testcase name="java/tests/messenger/run_test.pl multicast" status="0" time="5"/>
    <testcase name="java/tests/messenger/run_test.pl rtps" status="0" time="6"/>
    <testcase name="java/tests/messenger/run_test.pl rtps_uni" status="0" time="6"/>
    <testcase name="java/tests/messenger/run_test.pl rtps_disc" status="0" time="6"/>
    <testcase name="java/tests/messenger/run_test.pl rtps_disc_tcp" status="0" time="5"/>
    <testcase name="java/tests/messenger/both/run_test.pl" status="0" time="1"/>
    <testcase name="java/tests/zerocopy/run_test.pl" status="0" time="0"/>
    <testcase name="java/tests/participant_location/run_test.pl -noice" status="256" time="10"><failure>
      <![CDATA[ERROR: test publisher returned 1 
ERROR: test subscriber returned 1 
test FAILED.
Error: java/tests/participant_location/run_test.pl -noice returned with status 256
]]></failure><system-out>
      <![CDATA[start java/tests/participant_location/run_test.pl -noice at Tue Dec 29 23:03:55 2020
/home/jenkins/workspace/OpenDDS_Pull_Requests/OpenDDS/bin/RtpsRelay -DCPSConfigFile relay.ini -ApplicationDomain 42 -VerticalAddress 4444 -HorizontalAddress 127.0.0.1:11444  -DCPSDebugLevel 1 -ORBVerboseLogging 1 -DCPSTransportDebugLevel 1 -ORBLogFile relay.log -DCPSPendingTimeout 3 
relay PID: 123345
WARNING in native method: JNI call made without checking exceptions when required to from CallStaticObjectMethod
WARNING in native method: JNI call made without checking exceptions when required to from CallStaticObjectMethod
WARNING in native method: JNI call made without checking exceptions when required to from CallStaticObjectMethod
WARNING in native method: JNI call made without checking exceptions when required to from CallStaticObjectMethod
WARNING in native method: JNI call made without checking exceptions when required to from CallStaticObjectMethod
Start Subscriber
WARNING in native method: JNI call made without checking exceptions when required to from CallStaticObjectMethodV
	at OpenDDS.DCPS.TheParticipantFactory.WithArgs(Native Method)
	at ParticipantLocationSubscriber.main(ParticipantLocationSubscriber.java:24)
[...]
	at DDS._WaitSetInterfTAOPeer.wait(Native Method)
	at ParticipantLocationSubscriber.main(ParticipantLocationSubscriber.java:85)
Got msg 17. 'Worst. Movie. Ever.'
WARNING in native method: JNI call made without checking exceptions when required to from CallStaticObjectMethodV
	at DDS._WaitSetInterfTAOPeer.wait(Native Method)
	at ParticipantLocationSubscriber.main(ParticipantLocationSubscriber.java:85)
WARNING in native method: JNI call made without checking exceptions when required to from CallObjectMethodV
	at DDS._WaitSetInterfTAOPeer.wait(Native Method)
	at ParticipantLocationSubscriber.main(ParticipantLocationSubscriber.java:85)
WARNING in native method: JNI call made without checking exceptions when required to from CallObjectMethodV
	at DDS._WaitSetInterfTAOPeer.wait(Native Method)
	at ParticipantLocationSubscriber.main(ParticipantLocationSubscriber.java:85)
WARNING in native method: JNI call made without checking exceptions when required to from CallStaticObjectMethodV
	at DDS._WaitSetInterfTAOPeer.wait(Native Method)
	at ParticipantLocationSubscriber.main(ParticipantLocationSubscriber.java:85)
WARNING in native method: JNI call made without checking exceptions when required to from CallObjectMethodV
	at DDS._WaitSetInterfTAOPeer.wait(Native Method)
	at ParticipantLocationSubscriber.main(ParticipantLocationSubscriber.java:85)
WARNING in native method: JNI call made without checking exceptions when required to from CallObjectMethodV
	at DDS._WaitSetInterfTAOPeer.wait(Native Method)
	at ParticipantLocationSubscriber.main(ParticipantLocationSubscriber.java:85)
Got msg 18. 'Worst. Movie. Ever.'
WARNING in native method: JNI call made without checking exceptions when required to from CallStaticObjectMethodV
	at DDS._WaitSetInterfTAOPeer.wait(Native Method)
	at ParticipantLocationSubscriber.main(ParticipantLocationSubscriber.java:85)
WARNING in native method: JNI call made without checking exceptions when required to from CallObjectMethodV
	at DDS._WaitSetInterfTAOPeer.wait(Native Method)
	at ParticipantLocationSubscriber.main(ParticipantLocationSubscriber.java:85)
WARNING in native method: JNI call made without checking exceptions when required to from CallObjectMethodV
	at DDS._WaitSetInterfTAOPeer.wait(Native Method)
	at ParticipantLocationSubscriber.main(ParticipantLocationSubscriber.java:85)
WARNING in native method: JNI call made without checking exceptions when required to from CallStaticObjectMethodV
	at DDS._WaitSetInterfTAOPeer.wait(Native Method)
	at ParticipantLocationSubscriber.main(ParticipantLocationSubscriber.java:85)
WARNING in native method: JNI call made without checking exceptions when required to from CallObjectMethodV
	at DDS._WaitSetInterfTAOPeer.wait(Native Method)
	at ParticipantLocationSubscriber.main(ParticipantLocationSubscriber.java:85)
WARNING in native method: JNI call made without checking exceptions when required to from CallObjectMethodV
	at DDS._WaitSetInterfTAOPeer.wait(Native Method)
	at ParticipantLocationSubscriber.main(ParticipantLocationSubscriber.java:85)
Got msg 19. 'Worst. Movie. Ever.'
Got last expected message.
WARNING in native method: JNI call made without checking exceptions when required to from CallStaticObjectMethodV
	at DDS._WaitSetInterfTAOPeer.detach_condition(Native Method)
	at ParticipantLocationSubscriber.main(ParticipantLocationSubscriber.java:105)
WARNING in native method: JNI call made without checking exceptions when required to from CallObjectMethodV
	at DDS._WaitSetInterfTAOPeer.detach_condition(Native Method)
	at ParticipantLocationSubscriber.main(ParticipantLocationSubscriber.java:105)
WARNING in native method: JNI call made without checking exceptions when required to from CallObjectMethodV
	at DDS._WaitSetInterfTAOPeer.detach_condition(Native Method)
	at ParticipantLocationSubscriber.main(ParticipantLocationSubscriber.java:105)
WARNING in native method: JNI call made without checking exceptions when required to from CallStaticObjectMethodV
	at DDS._DataReaderTAOPeer.delete_readcondition(Native Method)
	at ParticipantLocationSubscriber.main(ParticipantLocationSubscriber.java:106)
WARNING in native method: JNI call made without checking exceptions when required to from CallObjectMethodV
	at DDS._DataReaderTAOPeer.delete_readcondition(Native Method)
	at ParticipantLocationSubscriber.main(ParticipantLocationSubscriber.java:106)
WARNING in native method: JNI call made without checking exceptions when required to from CallObjectMethodV
	at DDS._DataReaderTAOPeer.delete_readcondition(Native Method)
	at ParticipantLocationSubscriber.main(ParticipantLocationSubscriber.java:106)
Stop Subscriber
Publisher waiting for acks
Stop Publisher
Subscriber expecting  LOCAL RELAY
Subscriber 01038a21.1f2cdd0b.e1eb143e.000001c1 LOCAL
WARNING in native method: JNI call made without checking exceptions when required to from CallStaticObjectMethodV
	at DDS._DomainParticipantFactoryTAOPeer.delete_participant(Native Method)
	at ParticipantLocationSubscriber.main(ParticipantLocationSubscriber.java:115)
WARNING in native method: JNI call made without checking exceptions when required to from CallObjectMethodV
	at DDS._DomainParticipantFactoryTAOPeer.delete_participant(Native Method)
	at ParticipantLocationSubscriber.main(ParticipantLocationSubscriber.java:115)
WARNING in native method: JNI call made without checking exceptions when required to from CallObjectMethodV
	at DDS._DomainParticipantFactoryTAOPeer.delete_participant(Native Method)
	at ParticipantLocationSubscriber.main(ParticipantLocationSubscriber.java:115)
WARNING in native method: JNI call made without checking exceptions when required to from CallStaticObjectMethodV
WARNING in native method: JNI call made without checking exceptions when required to from CallVoidMethodV
WARNING in native method: JNI call made without checking exceptions when required to from CallStaticObjectMethodV
WARNING in native method: JNI call made without checking exceptions when required to from CallObjectMethodV
WARNING in native method: JNI call made without checking exceptions when required to from CallObjectMethodV
WARNING in native method: JNI call made without checking exceptions when required to from CallStaticObjectMethodV
	at OpenDDS.DCPS.ParticipantLocationBuiltinTopicDataDataReaderHelper.native_unarrow(Native Method)
	at OpenDDS.DCPS.ParticipantLocationBuiltinTopicDataDataReaderHelper.narrow(ParticipantLocationBuiltinTopicDataDataReaderHelper.java:13)
	at ParticipantLocationListener.on_data_available(ParticipantLocationListener.java:35)
	- locked <0x000000008b41d710> (a ParticipantLocationListener)
WARNING in native method: JNI call made without checking exceptions when required to from CallObjectMethodV
	at OpenDDS.DCPS.ParticipantLocationBuiltinTopicDataDataReaderHelper.native_unarrow(Native Method)
	at OpenDDS.DCPS.ParticipantLocationBuiltinTopicDataDataReaderHelper.narrow(ParticipantLocationBuiltinTopicDataDataReaderHelper.java:13)
	at ParticipantLocationListener.on_data_available(ParticipantLocationListener.java:35)
	- locked <0x000000008b41d710> (a ParticipantLocationListener)
WARNING in native method: JNI call made without checking exceptions when required to from CallObjectMethodV
	at OpenDDS.DCPS.ParticipantLocationBuiltinTopicDataDataReaderHelper.native_unarrow(Native Method)
	at OpenDDS.DCPS.ParticipantLocationBuiltinTopicDataDataReaderHelper.narrow(ParticipantLocationBuiltinTopicDataDataReaderHelper.java:13)
	at ParticipantLocationListener.on_data_available(ParticipantLocationListener.java:35)
	- locked <0x000000008b41d710> (a ParticipantLocationListener)
WARNING in native method: JNI call made without checking exceptions when required to from CallStaticObjectMethodV
	at OpenDDS.DCPS.ParticipantLocationBuiltinTopicDataDataReaderHelper.native_unarrow(Native Method)
	at OpenDDS.DCPS.ParticipantLocationBuiltinTopicDataDataReaderHelper.narrow(ParticipantLocationBuiltinTopicDataDataReaderHelper.java:13)
	at ParticipantLocationListener.on_data_available(ParticipantLocationListener.java:35)
	- locked <0x000000008b41d710> (a ParticipantLocationListener)
WARNING in native method: JNI call made without checking exceptions when required to from CallObjectMethodV
	at OpenDDS.DCPS.ParticipantLocationBuiltinTopicDataDataReaderHelper.native_unarrow(Native Method)
	at OpenDDS.DCPS.ParticipantLocationBuiltinTopicDataDataReaderHelper.narrow(ParticipantLocationBuiltinTopicDataDataReaderHelper.java:13)
	at ParticipantLocationListener.on_data_available(ParticipantLocationListener.java:35)
	- locked <0x000000008b41d710> (a ParticipantLocationListener)
WARNING in native method: JNI call made without checking exceptions when required to from CallObjectMethodV
	at OpenDDS.DCPS.ParticipantLocationBuiltinTopicDataDataReaderHelper.native_unarrow(Native Method)
	at OpenDDS.DCPS.ParticipantLocationBuiltinTopicDataDataReaderHelper.narrow(ParticipantLocationBuiltinTopicDataDataReaderHelper.java:13)
	at ParticipantLocationListener.on_data_available(ParticipantLocationListener.java:35)
	- locked <0x000000008b41d710> (a ParticipantLocationListener)
== Publisher Participant Location ==
 valid: false
  guid: 01038a21.1f2cdd0b.e1dc96c8.000001c1
   loc: LOCAL 
  mask: LOCAL 
 local: 10.48.96.111:17912
      : DDS.Time_t@524a6f4d
   ice: 
      : DDS.Time_t@5c8d8b74
 relay: 
      : DDS.Time_t@58b2043d
Publisher expecting  LOCAL RELAY
Publisher 01038a21.1f2cdd0b.e1dc96c8.000001c1 LOCAL
WARNING in native method: JNI call made without checking exceptions when required to from CallStaticObjectMethodV
	at DDS._DomainParticipantFactoryTAOPeer.delete_participant(Native Method)
	at ParticipantLocationPublisher.main(ParticipantLocationPublisher.java:138)
WARNING in native method: JNI call made without checking exceptions when required to from CallObjectMethodV
	at DDS._DomainParticipantFactoryTAOPeer.delete_participant(Native Method)
	at ParticipantLocationPublisher.main(ParticipantLocationPublisher.java:138)
WARNING in native method: JNI call made without checking exceptions when required to from CallObjectMethodV
	at DDS._DomainParticipantFactoryTAOPeer.delete_participant(Native Method)
	at ParticipantLocationPublisher.main(ParticipantLocationPublisher.java:138)
ERROR: test publisher returned 1 
ERROR: test subscriber returned 1 
INFO: /home/jenkins/workspace/OpenDDS_Pull_Requests/OpenDDS/bin/RtpsRelay being killed.
test FAILED.
Error: java/tests/participant_location/run_test.pl -noice returned with status 256
stop java/tests/participant_location/run_test.pl -noice at Tue Dec 29 23:04:05 2020

]]></system-out></testcase>
    <testcase name="tools/modeling/tests/MessengerNoSub/run_test.pl" status="0" time="0"/>
    <testcase name="tools/modeling/tests/InvalidNames/run_test.pl" status="0" time="1"/>
    <testcase name="tools/modeling/tests/TopicQos/run_test.pl" status="0" time="1"/>
    <testcase name="tools/modeling/tests/ExternalPolicies/run_test.pl" status="0" time="1"/>
    <testcase name="tools/modeling/tests/MessengerGlobalNs/run_test.pl" status="0" time="0"/>
    <testcase name="tools/modeling/tests/MultiInstance/run_test.pl" status="0" time="1"/>
    <testcase name="tools/modeling/tests/MultiDCPS/run_test.pl" status="0" time="0"/>
    <testcase name="tools/modeling/tests/MessengerMixed/run_test.pl" status="0" time="1"/>
    <testcase name="tools/modeling/tests/CompositeKey/run_test.pl" status="0" time="1"/>
    <testcase name="tools/modeling/tests/MessengerMC/run_test.pl" status="0" time="13"/>
    <testcase name="tools/modeling/tests/SubscriberQos/run_test.pl" status="0" time="1"/>
    <testcase name="tools/modeling/tests/MessengerMulti/run_test.pl" status="0" time="1"/>
    <testcase name="tools/modeling/tests/Messenger/run_test.pl" status="0" time="0"/>
    <testcase name="tools/modeling/tests/PolicyLib/run_test.pl" status="0" time="1"/>
    <testcase name="tools/modeling/tests/MessengerSplit/run_test.pl" status="0" time="1"/>
    <testcase name="tools/modeling/tests/MessengerPubQos/run_test.pl" status="0" time="0"/>
    <testcase name="tools/modeling/tests/ReaderQos/run_test.pl" status="0" time="1"/>
    <testcase name="tools/modeling/tests/MessengerNoPub/run_test.pl" status="0" time="0"/>
    <testcase name="tools/modeling/tests/Sequences/run_test.pl" status="0" time="1"/>
    <testcase name="tools/modeling/tests/DomainZero/run_test.pl" status="0" time="1"/>
    <testcase name="tools/modeling/tests/Arrays/run_test.pl" status="0" time="0"/>
    <testcase name="tools/modeling/tests/MessengerWriterQos/run_test.pl" status="0" time="1"/>
    <testcase name="tools/modeling/tests/MessengerDpQos/run_test.pl" status="0" time="1"/>
    <testcase name="tools/modeling/tests/UDP/run_test.pl" status="0" time="2"/>
    <testcase name="tools/modeling/tests/DataLibRef/run_test.pl" status="0" time="1"/>
    <testcase name="tools/modeling/tests/Codegen/run_test.pl" status="0" time="1"/>
    <testcase name="tools/modeling/tests/CopyTopicQos/run_test.pl" status="0" time="0"/>
    <testcase name="tools/modeling/tests/ReferExternalProj/run_test.pl" status="0" time="1"/>
    <testcase name="tools/modeling/tests/Deep/Down/Reference/run_test.pl" status="0" time="1"/>
    <testcase name="tools/modeling/tests/EmptyLibs/run_test.pl" status="0" time="0"/>
    <testcase name="tools/modeling/tests/MessengerSimpleTypes/run_test.pl" status="0" time="1"/>
    <testcase name="tools/modeling/tests/CfTopic/run_test.pl" status="0" time="1"/>
    <testcase name="tools/modeling/tests/MultiTopic/run_test.pl" status="0" time="10"/>
    <testcase name="tools/modeling/tests/RemoteInstHandles/run_test.pl" status="0" time="1"/>
    <testcase name="tools/modeling/tests/Comments/run_test.pl" status="0" time="0"/>
    <testcase name="tools/modeling/tests/ReusedTypes/run_test.pl" status="0" time="1"/>
    <testcase name="tools/modeling/tests/ReusedExtTypes/run_test.pl" status="0" time="1"/>
    <testcase name="tools/modeling/tests/StockQuoter/run_test.pl" status="0" time="0"/>
    <testcase name="tools/modeling/tests/ModuleNameConflict/run_test.pl" status="0" time="1"/>
    <testcase name="tools/modeling/tests/Chained/run_test.pl" status="0" time="0"/>
    <testcase name="tests/security/IDL_Serialization/run_test.pl" status="0" time="1"/>
    <testcase name="tests/security/SSL/run_test.pl" status="0" time="0"/>
    <testcase name="tests/security/unit_tests/run_test.pl OpenDDS_AccessControlTest" status="0" time="0"/>
    <testcase name="tests/security/unit_tests/run_test.pl OpenDDS_AuthenticationTest" status="0" time="0"/>
    <testcase name="tests/security/unit_tests/run_test.pl OpenDDS_CryptoKeyFactoryTest" status="0" time="0"/>
    <testcase name="tests/security/unit_tests/run_test.pl OpenDDS_CryptoKeyExchangeTest" status="0" time="1"/>
    <testcase name="tests/security/unit_tests/run_test.pl OpenDDS_CryptoTransformTest" status="0" time="0"/>
    <testcase name="tests/security/attributes/run_test.pl SC0_sec_off" status="0" time="6"/>
    <testcase name="tests/security/attributes/run_test.pl SC0_sec_sub" status="0" time="11"/>
    <testcase name="tests/security/attributes/run_test.pl SC0_sec_pub" status="0" time="9"/>
    <testcase name="tests/security/attributes/run_test.pl SC0_sec_on" status="0" time="12"/>
    <testcase name="tests/security/attributes/run_test.pl SC0_sec_on_ec_pub" status="0" time="11"/>
    <testcase name="tests/security/attributes/run_test.pl SC0_sec_on_ec_sub" status="0" time="12"/>
    <testcase name="tests/security/attributes/run_test.pl SC0_sec_on_ec_both" status="0" time="12"/>
    <testcase name="tests/security/attributes/run_test.pl SC1_sec_on_bad_cert_failure" status="0" time="18"/>
    <testcase name="tests/security/attributes/run_test.pl SC1_sec_on_bad_perm_1_failure" status="0" time="18"/>
    <testcase name="tests/security/attributes/run_test.pl SC1_sec_on_success" status="0" time="12"/>
    <testcase name="tests/security/attributes/run_test.pl SC2" status="0" time="12"/>
    <testcase name="tests/security/attributes/run_test.pl SC3" status="0" time="14"/>
    <testcase name="tests/security/attributes/run_test.pl SC4" status="0" time="12"/>
    <testcase name="tests/security/attributes/run_test.pl SC5" status="0" time="14"/>
    <testcase name="tests/security/attributes/run_test.pl TEST_8_8_5_FAILURE" status="0" time="7"/>
    <testcase name="tests/security/attributes/run_test.pl TEST_8_8_5_SUCCESS" status="0" time="12"/>
    <testcase name="tests/security/attributes/run_test.pl multiple_grants" status="0" time="15"/>
    <testcase name="tests/security/attributes/run_test.pl FullMsgSign" status="0" time="12"/>
    <testcase name="tests/security/attributes/run_test.pl FullMsgEncrypt" status="0" time="14"/>
    <testcase name="tests/security/attributes/run_test.pl FullMsgSign_SubMsgSign" status="0" time="12"/>
    <testcase name="tests/security/attributes/run_test.pl FullMsgSign_SubMsgEncrypt" status="0" time="14"/>
    <testcase name="tests/security/attributes/run_test.pl FullMsgEncrypt_SubMsgSign" status="0" time="12"/>
    <testcase name="tests/security/attributes/run_test.pl FullMsgEncrypt_SubMsgEncrypt" status="0" time="14"/>
    <testcase name="tests/security/attributes/run_test.pl FullMsgSign_PayloadEncrypt" status="0" time="14"/>
    <testcase name="tests/security/attributes/run_test.pl FullMsgEncrypt_PayloadEncrypt" status="0" time="12"/>
    <testcase name="tests/security/attributes/run_test.pl FullMsgSign_SubMsgSign_PayloadEncrypt" status="0" time="14"/>
    <testcase name="tests/security/attributes/run_test.pl FullMsgSign_SubMsgEncrypt_PayloadEncrypt" status="0" time="14"/>
    <testcase name="tests/security/attributes/run_test.pl FullMsgEncrypt_SubMsgSign_PayloadEncrypt" status="0" time="12"/>
    <testcase name="tests/security/attributes/run_test.pl FullMsgEncrypt_SubMsgEncrypt_PayloadEncrypt" status="0" time="12"/>
    <testcase name="tests/security/attributes/run_test.pl Partitions_DefaultQoS" status="0" time="12"/>
    <testcase name="tests/security/attributes/run_test.pl Partitions_Denied" status="0" time="8"/>
    <testcase name="tests/security/attributes/run_test.pl Partitions_Match" status="0" time="11"/>
    <testcase name="tests/security/attributes/run_test.pl Partitions_Reordered" status="0" time="12"/>
    <testcase name="tests/security/attributes/run_test.pl Partitions_Subset" status="0" time="12"/>
    <testcase name="tests/security/attributes/run_test.pl secure-part-user-data" status="0" time="15"/>
    <testcase name="tests/security/attributes/run_test.pl unsecure-part-user-data" status="0" time="12"/>
    <testcase name="tests/security/TopicWithoutPermissions/run_test.pl" status="0" time="4"/>
    <testcase name="tests/DCPS/RtpsRelay/Unit/run_test.pl" status="0" time="0"/>
    <testcase name="tests/DCPS/RtpsRelay/Smoke/run_test.pl" status="0" time="8"/>
    <testcase name="tests/DCPS/RtpsRelay/Smoke/run_test.pl secure" status="0" time="38"/>
    <testcase name="tests/DCPS/RtpsRelay/Smoke/run_test.pl join" status="0" time="37"/>
    <testcase name="tests/DCPS/RtpsRelay/Smoke/run_test.pl single" status="0" time="10"/>
    <testcase name="tests/DCPS/RtpsRelay/Smoke/run_lease_duration_test.pl" status="0" time="49"/>
    <testcase name="tests/DCPS/RtpsRelay/Smoke/run_lease_duration_test.pl reverse" status="0" time="50"/>
    <testcase name="tests/DCPS/RtpsRelay/Smoke/run_lease_duration_test.pl secure" status="0" time="49"/>
    <testcase name="tests/DCPS/RtpsRelay/Smoke/run_lease_duration_test.pl reverse secure" status="0" time="49"/>
    <testcase name="tests/DCPS/RtpsRelay/STUN/run_test.pl" status="0" time="3"/>
    <testcase name="tests/DCPS/ParticipantLocationTopic/run_test.pl" status="0" time="13"/>
    <testcase name="tests/DCPS/ParticipantLocationTopic/run_test.pl noice" status="0" time="12"/>
    <testcase name="tests/DCPS/Restart/run_test.pl --secure" status="0" time="0"/>
    <testcase name="tests/DCPS/LargeSample/run_test.pl rtps_disc_sec" status="0" time="18"/>
  </testsuite>
</testsuites>
