<?xml version="1.0" encoding="UTF-8"?>
<testsuites xmlns:xsi="http://www.w3.org/2001/XMLSchema-instance"
            xsi:noNamespaceSchemaLocation="JUnit.xsd">
  <testsuite name="Autobuild_Tests" tests="413" failures="2">
    <testcase name="tests/DCPS/Prst_delayed_subscriber/run_test.pl" status="0" time="12"/>
    <testcase name="tests/DCPS/ZeroCopyRead/run_test.pl" status="0" time="2"/>
    <testcase name="tests/DCPS/ZeroCopyRead/run_test.pl by_instance" status="0" time="1"/>
    <testcase name="tests/DCPS/ZeroCopyDataReaderListener/run_test.pl" status="0" time="3"/>
    <testcase name="tests/DCPS/DCPSInfoRepo/run_test.pl" status="0" time="2"/>
    <testcase name="tests/DCPS/DCPSInfoRepo/run_test.pl rtps_disc" status="0" time="2"/>
    <testcase name="tests/DCPS/unit/run_test.pl" status="0" time="6"/>
    <testcase name="tests/DCPS/DestinationOrder/run_test.pl" status="0" time="5"/>
    <testcase name="tests/DCPS/DestinationOrder/run_test.pl source" status="0" time="5"/>
    <testcase name="tests/DCPS/Dispose/run_test.pl" status="0" time="6"/>
    <testcase name="tests/DCPS/FooTest3_0/run_test.pl" status="0" time="1"/>
    <testcase name="tests/DCPS/FooTest3_0/run_test.pl unregister" status="0" time="2"/>
    <testcase name="tests/DCPS/FooTest3_0/run_test.pl unregister_nil" status="0" time="1"/>
    <testcase name="tests/DCPS/FooTest3_0/run_test.pl dispose" status="0" time="2"/>
    <testcase name="tests/DCPS/FooTest3_0/run_test.pl dispose_qc" status="0" time="1"/>
    <testcase name="tests/DCPS/FooTest3_0/run_test.pl resume" status="0" time="1"/>
    <testcase name="tests/DCPS/FooTest3_0/run_test.pl listener" status="0" time="3"/>
    <testcase name="tests/DCPS/FooTest3_0/run_test.pl allocator" status="0" time="1"/>
    <testcase name="tests/DCPS/FooTest3_0/run_test.pl liveliness" status="0" time="27"/>
    <testcase name="tests/DCPS/FooTest3_2/run_test.pl" status="0" time="2"/>
    <testcase name="tests/DCPS/FooTest3_2/run_test.pl mi" status="0" time="1"/>
    <testcase name="tests/DCPS/FooTest3_2/run_test.pl mw" status="0" time="2"/>
    <testcase name="tests/DCPS/FooTest3_2/run_test.pl bp_remove" status="0" time="2"/>
    <testcase name="tests/DCPS/FooTest3_2/run_test.pl b" status="0" time="2"/>
    <testcase name="tests/DCPS/FooTest3_2/run_test.pl rtps b" status="0" time="4"/>
    <testcase name="tests/DCPS/LivelinessTest/run_test.pl" status="0" time="26"/>
    <testcase name="tests/DCPS/LivelinessTest/run_test.pl take" status="0" time="27"/>
    <testcase name="tests/DCPS/LivelinessTest/run_test.pl udp" status="0" time="25"/>
    <testcase name="tests/DCPS/LivelinessTest/run_test.pl rtps_disc" status="0" time="26"/>
    <testcase name="tests/DCPS/LivelinessTest/run_test.pl rtps_disc take" status="0" time="26"/>
    <testcase name="tests/DCPS/Inconsistent_Qos/run_test.pl" status="0" time="0"/>
    <testcase name="tests/DCPS/InconsistentTopic/run_test.pl rtps_disc" status="0" time="2"/>
    <testcase name="tests/DCPS/TopicReuse/run_test.pl" status="0" time="0"/>
    <testcase name="tests/DCPS/DpShutdown/run_test.pl" status="0" time="0"/>
    <testcase name="tests/DCPS/DpShutdown/run_test.pl tcp" status="0" time="0"/>
    <testcase name="tests/DCPS/DpShutdown/run_test.pl shmem" status="0" time="1"/>
    <testcase name="tests/DCPS/DpShutdown/run_test.pl udp" status="0" time="0"/>
    <testcase name="tests/DCPS/DpShutdown/run_test.pl multicast" status="0" time="0"/>
    <testcase name="tests/DCPS/Serializer/run_test.pl" status="0" time="0"/>
    <testcase name="tests/DCPS/Compiler/idl_test1_main/run_test.pl" status="0" time="0"/>
    <testcase name="tests/DCPS/Compiler/idl_test3_main/run_test.pl" status="0" time="0"/>
    <testcase name="tests/DCPS/Compiler/C++11/idl_test1_main/run_test.pl" status="0" time="1"/>
    <testcase name="tests/DCPS/Compiler/C++11/idl_test3_main/run_test.pl" status="0" time="0"/>
    <testcase name="tests/DCPS/Compiler/key_annotation/run_test.pl" status="0" time="0"/>
    <testcase name="tests/DCPS/Compiler/is_topic_type/run_test.pl" status="0" time="0"/>
    <testcase name="tests/DCPS/Compiler/rapidjson_generator/run_test.pl" status="0" time="0"/>
    <testcase name="tests/DCPS/C++11/Messenger/run_test.pl" status="0" time="3"/>
    <testcase name="tests/DCPS/DcpsIntegration/run_test-integration.pl" status="0" time="1"/>
    <testcase name="tests/DCPS/DcpsIntegration/run_test-topic.pl" status="0" time="2"/>
    <testcase name="tests/DCPS/DcpsIntegration/run_test-topic.pl rtps_disc" status="0" time="2"/>
    <testcase name="tests/DCPS/DcpsIntegration/run_test-topic.pl rtps_disc_tcp" status="0" time="3"/>
    <testcase name="tests/DCPS/FooTest4/run_test.pl" status="0" time="4"/>
    <testcase name="tests/DCPS/FooTest4/run_test.pl mi" status="0" time="4"/>
    <testcase name="tests/DCPS/FooTest4/run_test.pl mr" status="0" time="5"/>
    <testcase name="tests/DCPS/FooTest4/run_test.pl mri" status="0" time="4"/>
    <testcase name="tests/DCPS/FooTest4/run_test.pl mrit" status="0" time="5"/>
    <testcase name="tests/DCPS/FooTest4_0/run_test.pl" status="0" time="63"/>
    <testcase name="tests/DCPS/FooTest5/run_test.pl" status="0" time="2"/>
    <testcase name="tests/DCPS/FooTest5/run_test.pl udp" status="0" time="7"/>
    <testcase name="tests/DCPS/FooTest5/run_test.pl multicast" status="0" time="7"/>
    <testcase name="tests/DCPS/FooTest5/run_test.pl rtps" status="0" time="7"/>
    <testcase name="tests/DCPS/FooTest5/run_test.pl shmem" status="0" time="6"/>
    <testcase name="tests/DCPS/FooTest5/run_test.pl mi" status="0" time="2"/>
    <testcase name="tests/DCPS/FooTest5/run_test.pl udp mi" status="0" time="6"/>
    <testcase name="tests/DCPS/FooTest5/run_test.pl rtps mi" status="0" time="7"/>
    <testcase name="tests/DCPS/FooTest5/run_test.pl shmem mi" status="0" time="7"/>
    <testcase name="tests/DCPS/FooTest5/run_test.pl nokey mi" status="0" time="2"/>
    <testcase name="tests/DCPS/FooTest5/run_test.pl nokey udp mi" status="0" time="6"/>
    <testcase name="tests/DCPS/FooTest5/run_test.pl nokey rtps mi" status="0" time="6"/>
    <testcase name="tests/DCPS/FooTest5/run_test.pl nokey shmem mi" status="0" time="6"/>
    <testcase name="tests/DCPS/FooTest5/run_test.pl blocking" status="0" time="3"/>
    <testcase name="tests/DCPS/FooTest5/run_test.pl blocking_timeout" status="0" time="2"/>
    <testcase name="tests/DCPS/FooTest5/run_test.pl mwmr" status="0" time="2"/>
    <testcase name="tests/DCPS/FooTest5/run_test.pl mr" status="0" time="2"/>
    <testcase name="tests/DCPS/FooTest5/run_test.pl multicast mr" status="0" time="4"/>
    <testcase name="tests/DCPS/FooTest5/run_test.pl mixed_trans" status="0" time="2"/>
    <testcase name="tests/DCPS/FooTest5_0/run_test.pl" status="0" time="6"/>
    <testcase name="tests/DCPS/FooTest5_0/run_test.pl udp" status="0" time="5"/>
    <testcase name="tests/DCPS/FooTest5_0/run_test.pl rtps" status="0" time="6"/>
    <testcase name="tests/DCPS/FooTest5_0/run_test.pl shmem" status="0" time="5"/>
    <testcase name="tests/DCPS/FooTest5_0/run_test.pl diff_trans" status="0" time="6"/>
    <testcase name="tests/DCPS/MultiDPTest/run_test.pl" status="0" time="4"/>
    <testcase name="tests/DCPS/TransientLocalMultiInstanceTest/run_test.pl" status="0" time="9"/>
    <testcase name="tests/DCPS/TransientLocalMultiInstanceTest/run_test.pl rtps" status="0" time="10"/>
    <testcase name="tests/DCPS/TransientLocalMultiInstanceTest/run_test.pl rtps_disc" status="0" time="9"/>
    <testcase name="tests/DCPS/TransientLocalTest/run_test.pl" status="0" time="8"/>
    <testcase name="tests/DCPS/TransientLocalTest/run_test.pl rtps" status="0" time="7"/>
    <testcase name="tests/DCPS/DelayedDurable/run_test.pl" status="0" time="47"/>
    <testcase name="tests/DCPS/DelayedDurable/run_test.pl --large-samples" status="0" time="48"/>
    <testcase name="tests/DCPS/MultiRepoTest/run_test.pl" status="0" time="11"/>
    <testcase name="tests/DCPS/MultiRepoTest/run_test.pl fileconfig" status="0" time="11"/>
    <testcase name="tests/DCPS/Presentation/run_test.pl" status="0" time="2"/>
    <testcase name="tests/DCPS/ReaderDataLifecycle/run_test.pl" status="0" time="31"/>
    <testcase name="tests/DCPS/ReaderDataLifecycle/run_test.pl rtps" status="0" time="30"/>
    <testcase name="tests/DCPS/Reconnect/run_test.pl" status="0" time="29"/>
    <testcase name="tests/DCPS/Reconnect/run_test.pl restart_sub" status="0" time="39"/>
    <testcase name="tests/DCPS/Reconnect/run_test.pl restart_pub" status="0" time="45"/>
    <testcase name="tests/DCPS/Reconnect/run_test.pl bp_timeout" status="0" time="30"/>
    <testcase name="tests/DCPS/Reconnect/run_test.pl sub_init_crash" status="0" time="12"/>
    <testcase name="tests/DCPS/Restart/run_test.pl" status="0" time="0"/>
    <testcase name="tests/DCPS/sub_init_loop/run_test.pl" status="0" time="6"/>
    <testcase name="tests/DCPS/TimeBasedFilter/run_test.pl" status="0" time="21"/>
    <testcase name="tests/DCPS/TimeBasedFilter/run_test.pl -reliable" status="0" time="44"/>
    <testcase name="tests/DCPS/TcpReconnect/run_test.pl" status="0" time="29"/>
    <testcase name="tests/DCPS/BuiltInTopic/run_test.pl" status="0" time="13"/>
    <testcase name="tests/DCPS/BuiltInTopic/run_test.pl ignore_part" status="0" time="13"/>
    <testcase name="tests/DCPS/BuiltInTopic/run_test.pl ignore_topic" status="0" time="14"/>
    <testcase name="tests/DCPS/BuiltInTopic/run_test.pl ignore_pub" status="0" time="14"/>
    <testcase name="tests/DCPS/BuiltInTopic/run_test.pl ignore_sub" status="0" time="13"/>
    <testcase name="tests/DCPS/BuiltInTopicTest/run_test.pl" status="0" time="24"/>
    <testcase name="tests/DCPS/BuiltInTopicTest/prst_repo_run_test.pl" status="0" time="56"/>
    <testcase name="tests/DCPS/CorbaSeq/run_test.pl" status="0" time="5"/>
    <testcase name="tests/DCPS/ViewState/run_test.pl" status="0" time="1"/>
    <testcase name="tests/DCPS/NotifyTest/run_test.pl" status="0" time="3"/>
    <testcase name="tests/DCPS/Observer/run_test.pl" status="0" time="14"/>
    <testcase name="tests/DCPS/Reliability/run_test.pl" status="0" time="14"/>
    <testcase name="tests/DCPS/Reliability/run_test.pl rtps" status="0" time="16"/>
    <testcase name="tests/DCPS/Reliability/run_test.pl keep-last-one" status="0" time="15"/>
    <testcase name="tests/DCPS/Reliability/run_test.pl rtps keep-last-one" status="256" time="7"><failure>
      <![CDATA[ERROR: Got 1 samples, expected 50
ERROR: <sub/subscriber> failed: No such file or directory
2020-12-31 20:59:22: ERROR: sub returned 255 (started at 2020-12-31 20:59:18)
test FAILED.
Error: tests/DCPS/Reliability/run_test.pl rtps keep-last-one returned with status 256
]]></failure><system-out>
      <![CDATA[start tests/DCPS/Reliability/run_test.pl rtps keep-last-one at Thu Dec 31 20:59:15 2020
/home/runner/work/OpenDDS/OpenDDS/OpenDDS/bin/DCPSInfoRepo  -o repo.ior -DCPSPendingTimeout 3 
InfoRepo PID: 63002
/home/runner/work/OpenDDS/OpenDDS/OpenDDS/tests/DCPS/Reliability/sub/subscriber  -num_sleeps 5 -sleep_secs 2 -DCPSPendingTimeout 4 -keep-last-one -DCPSConfigFile rtps.ini 
sub PID: 63009
/home/runner/work/OpenDDS/OpenDDS/OpenDDS/tests/DCPS/Reliability/pub/publisher  -DCPSPendingTimeout 4 50 -keep-last-one -DCPSConfigFile rtps.ini 
pub PID: 63010
(63009|63009) NOTICE: using DCPSPendingTimeout value from command option (overrides value if it's in config file)
(63010|63010) NOTICE: using DCPSPendingTimeout value from command option (overrides value if it's in config file)
Using TakeNextReaderListenerImpl
Datawriter QOS keep last one
Datareader QOS keep last one
Waiting for connection
Trying to send: 0
Trying to send: 1
Trying to send: 2
Trying to send: 3
Trying to send: 4
Trying to send: 5
Trying to send: 6
Trying to send: 7
Trying to send: 8
Trying to send: 9
Trying to send: 10
Trying to send: 11
Trying to send: 12
Trying to send: 13
Trying to send: 14
Trying to send: 15
Trying to send: 16
Trying to send: 17
Trying to send: 18
Trying to send: 19
Trying to send: 20
Trying to send: 21
Trying to send: 22
Trying to send: 23
Trying to send: 24
Trying to send: 25
Trying to send: 26
Trying to send: 27
Trying to send: 28
Trying to send: 29
Trying to send: 30
Trying to send: 31
Trying to send: 32
Trying to send: 33
Trying to send: 34
Trying to send: 35
Trying to send: 36
Trying to send: 37
Trying to send: 38
Trying to send: 39
Trying to send: 40
Trying to send: 41
Trying to send: 42
Trying to send: 43
Trying to send: 44
Trying to send: 45
Trying to send: 46
Trying to send: 47
Trying to send: 48
Trying to send: 49
Waiting for acks from sub
Expected: 0 Received: 49
delete_contained_entities
delete_participant
shutdown
shutdown complete
ERROR: Got 1 samples, expected 50
delete_contained_entities
delete_participant
shutdown
shutdown complete
ERROR: <sub/subscriber> failed: No such file or directory
2020-12-31 20:59:22: ERROR: sub returned 255 (started at 2020-12-31 20:59:18)
INFO: /home/runner/work/OpenDDS/OpenDDS/OpenDDS/bin/DCPSInfoRepo being killed.
InfoRepo_Shutdown: shutting down on signal 15
test FAILED.
Error: tests/DCPS/Reliability/run_test.pl rtps keep-last-one returned with status 256
stop tests/DCPS/Reliability/run_test.pl rtps keep-last-one at Thu Dec 31 20:59:22 2020

]]></system-out></testcase>
    <testcase name="tests/DCPS/ReliableBestEffortReaders/run_test.pl" status="0" time="29"/>
    <testcase name="tests/DCPS/WriteDataContainer/run_test.pl" status="0" time="3"/>
    <testcase name="tests/transport/simple/run_test.pl bp" status="0" time="16"/>
    <testcase name="tests/transport/simple/run_test.pl n" status="0" time="2"/>
    <testcase name="tests/transport/simple/run_test.pl" status="0" time="2"/>
    <testcase name="tests/transport/simple/run_test.pl shmem bp" status="0" time="17"/>
    <testcase name="tests/transport/simple/run_test.pl shmem n" status="0" time="4"/>
    <testcase name="tests/transport/simple/run_test.pl shmem" status="0" time="3"/>
    <testcase name="tests/transport/error_handling/run_test.pl" status="0" time="0"/>
    <testcase name="performance-tests/DCPS/InfoRepo_population/run_test.pl" status="0" time="2"/>
    <testcase name="performance-tests/DCPS/TCPListenerTest/run_test.pl -p 1 -s 1" status="0" time="2"/>
    <testcase name="performance-tests/DCPS/TCPListenerTest/run_test.pl -p 1 -s 1 -c" status="0" time="2"/>
    <testcase name="performance-tests/DCPS/TCPListenerTest/run_test.pl -p 1 -s 4" status="0" time="3"/>
    <testcase name="performance-tests/DCPS/TCPListenerTest/run_test.pl -p 2 -s 3" status="0" time="2"/>
    <testcase name="performance-tests/DCPS/TCPListenerTest/run_test.pl -p 4 -s 1" status="0" time="3"/>
    <testcase name="DevGuideExamples/DCPS/Messenger/run_test.pl" status="0" time="1"/>
    <testcase name="DevGuideExamples/DCPS/Messenger/run_test.pl --rtps" status="0" time="4"/>
    <testcase name="DevGuideExamples/DCPS/Messenger_ZeroCopy/run_test.pl" status="0" time="1"/>
    <testcase name="tests/DCPS/Messenger/run_test.pl" status="0" time="3"/>
    <testcase name="tests/DCPS/Messenger/run_test.pl default_tcp" status="0" time="4"/>
    <testcase name="tests/DCPS/Messenger/run_test.pl thread_per" status="0" time="3"/>
    <testcase name="tests/DCPS/Messenger/run_test.pl udp" status="0" time="4"/>
    <testcase name="tests/DCPS/Messenger/run_test.pl default_udp" status="0" time="4"/>
    <testcase name="tests/DCPS/Messenger/run_test.pl multicast" status="0" time="4"/>
    <testcase name="tests/DCPS/Messenger/run_test.pl default_multicast" status="0" time="4"/>
    <testcase name="tests/DCPS/Messenger/run_test.pl shmem" status="0" time="4"/>
    <testcase name="tests/DCPS/Messenger/run_test.pl nobits" status="0" time="4"/>
    <testcase name="tests/DCPS/Messenger/run_test.pl stack" status="0" time="3"/>
    <testcase name="tests/DCPS/Messenger/run_test.pl rtps" status="0" time="5"/>
    <testcase name="tests/DCPS/Messenger/run_test.pl rtps_unicast" status="0" time="4"/>
    <testcase name="tests/DCPS/Messenger/run_test.pl rtps_disc" status="0" time="5"/>
    <testcase name="tests/DCPS/Messenger/run_test.pl rtps_disc_tcp" status="0" time="5"/>
    <testcase name="tests/DCPS/Messenger/run_test.pl rtps_disc_tcp thread_per" status="0" time="3"/>
    <testcase name="tests/DCPS/Messenger/run_test.pl rtps_disc_tcp_udp" status="0" time="4"/>
    <testcase name="tests/DCPS/Messenger/run_test.pl rtps_disc_half_sec_pub" status="0" time="4"/>
    <testcase name="tests/DCPS/Messenger/run_test.pl rtps_disc_half_sec_sub" status="0" time="5"/>
    <testcase name="tests/DCPS/Messenger/run_test.pl rtps_disc_sec" status="0" time="4"/>
    <testcase name="tests/DCPS/Messenger/run_corbaloc_test.pl" status="0" time="1"/>
    <testcase name="tests/DCPS/Messenger/run_corbaloc_test.pl host_port_only" status="0" time="1"/>
    <testcase name="tests/DCPS/Messenger/run_ns_test.pl" status="0" time="1"/>
    <testcase name="tests/DCPS/UnionTopic/run_test.pl" status="0" time="0"/>
    <testcase name="tests/DCPS/RecorderReplayer/run_test.pl" status="0" time="3"/>
    <testcase name="tests/DCPS/RecorderReplayer/run_test.pl rtps_disc" status="0" time="5"/>
    <testcase name="examples/DCPS/Messenger_Imr/run_test.pl" status="0" time="5"/>
    <testcase name="tests/DCPS/LivelinessKeepAliveTest/run_test.pl" status="0" time="25"/>
    <testcase name="tests/DCPS/LivelinessTimeout/run_test.pl" status="0" time="73"/>
    <testcase name="tests/DCPS/LivelinessTimeout/run_test.pl rtps_disc" status="0" time="72"/>
    <testcase name="tests/DCPS/UnitTests/run_test.pl" status="0" time="19"/>
    <testcase name="tests/DCPS/KeyTest/run_test.pl keymarshalling" status="0" time="5"/>
    <testcase name="tests/DCPS/KeyTest/run_test.pl isbounded" status="0" time="5"/>
    <testcase name="tests/DCPS/KeyTest/run_test.pl md5" status="0" time="5"/>
    <testcase name="tests/DCPS/KeyTest/run_test.pl compiler" status="0" time="1"/>
    <testcase name="tests/DCPS/CompatibilityTest/run_test.pl" status="0" time="104"/>
    <testcase name="tests/DCPS/CompatibilityTest/run_test.pl rtps_disc" status="0" time="101"/>
    <testcase name="tests/DCPS/CompatibilityTest/run_test.pl rtps_disc_tcp" status="0" time="102"/>
    <testcase name="tests/DCPS/Partition/run_test.pl" status="0" time="20"/>
    <testcase name="tests/DCPS/Deadline/run_test.pl" status="0" time="30"/>
    <testcase name="tests/DCPS/Deadline/run_test.pl rtps_disc" status="0" time="30"/>
    <testcase name="tests/DCPS/Lifespan/run_test.pl" status="0" time="31"/>
    <testcase name="tests/DCPS/Lifespan/run_test.pl rtps_disc" status="0" time="30"/>
    <testcase name="tests/DCPS/TransientDurability/run_test.pl" status="0" time="13"/>
    <testcase name="tests/DCPS/PersistentDurability/run_test.pl" status="0" time="22"/>
    <testcase name="tests/DCPS/SampleLost/run_test.pl" status="0" time="9"/>
    <testcase name="tests/DCPS/SetQosDeadline/run_test.pl" status="0" time="25"/>
    <testcase name="tests/DCPS/SetQosDeadline/run_test.pl rtps_disc" status="0" time="24"/>
    <testcase name="tests/DCPS/SetQosPartition/run_test.pl" status="0" time="16"/>
    <testcase name="tests/DCPS/SetQosPartition/run_test.pl rtps_disc" status="0" time="15"/>
    <testcase name="tests/DCPS/SetQosPartition/run_test.pl rtps_disc_tcp" status="0" time="17"/>
    <testcase name="tests/DCPS/StringKey/run_test.pl" status="0" time="1"/>
    <testcase name="tests/DCPS/GuardCondition/run_test.pl" status="0" time="9"/>
    <testcase name="tests/DCPS/StatusCondition/run_test.pl" status="0" time="1"/>
    <testcase name="tests/DCPS/ReadCondition/run_test.pl" status="0" time="0"/>
    <testcase name="tests/DCPS/RegisterInstance/run_test.pl" status="0" time="1"/>
    <testcase name="tests/DCPS/Rejects/run_test.pl" status="0" time="25"/>
    <testcase name="tests/DCPS/Rejects/run_test.pl rtps_disc" status="0" time="25"/>
    <testcase name="tests/DCPS/FilterExpression/run_test.pl" status="0" time="0"/>
    <testcase name="tests/DCPS/QueryCondition/run_test.pl" status="0" time="12"/>
    <testcase name="tests/DCPS/QueryCondition/run_test.pl rtps_disc" status="0" time="11"/>
    <testcase name="tests/DCPS/ContentFilteredTopic/run_test.pl" status="0" time="3"/>
    <testcase name="tests/DCPS/ContentFilteredTopic/run_test.pl nopub" status="0" time="4"/>
    <testcase name="tests/DCPS/ContentFilteredTopic/run_test.pl rtps_disc" status="0" time="9"/>
    <testcase name="tests/DCPS/ContentFilteredTopic/run_test.pl rtps_disc nopub" status="0" time="10"/>
    <testcase name="tests/DCPS/TopicExpression/run_test.pl" status="0" time="0"/>
    <testcase name="tests/DCPS/MultiTopic/run_test.pl classic" status="0" time="0"/>
    <testcase name="tests/DCPS/MultiTopic/run_test.pl classic rtps_disc" status="0" time="3"/>
    <testcase name="tests/DCPS/MultiTopic/run_test.pl cpp11" status="0" time="1"/>
    <testcase name="tests/DCPS/MultiTopic/run_test.pl cpp11 rtps_disc" status="0" time="3"/>
    <testcase name="tests/DCPS/MetaStruct/run_test.pl" status="0" time="0"/>
    <testcase name="tests/DCPS/Federation/run_test.pl" status="0" time="2"/>
    <testcase name="tests/DCPS/FileSystemStorage/run_test.pl" status="0" time="0"/>
    <testcase name="tests/DCPS/Priority/run_test.pl" status="0" time="9"/>
    <testcase name="tests/DCPS/Priority/run_test.pl --instances" status="0" time="10"/>
    <testcase name="tests/DCPS/LatencyBudget/run_test.pl" status="0" time="30"/>
    <testcase name="tests/DCPS/LatencyBudget/run_test.pl late" status="0" time="31"/>
    <testcase name="tests/DCPS/WaitForAck/run_test.pl" status="0" time="4"/>
    <testcase name="tests/DCPS/WaitForAck/run_test.pl rtps" status="0" time="10"/>
    <testcase name="tests/DCPS/WaitForAck/run_test.pl --publisher" status="0" time="4"/>
    <testcase name="tests/DCPS/WaitForAck/run_test.pl rtps --publisher" status="0" time="8"/>
    <testcase name="tests/DCPS/Thrasher/run_test.pl single" status="0" time="3"/>
    <testcase name="tests/DCPS/Thrasher/run_test.pl double" status="0" time="4"/>
    <testcase name="tests/DCPS/Thrasher/run_test.pl triangle" status="0" time="3"/>
    <testcase name="tests/DCPS/Thrasher/run_test.pl default" status="0" time="4"/>
    <testcase name="tests/DCPS/Thrasher/run_test.pl low" status="0" time="3"/>
    <testcase name="tests/DCPS/Thrasher/run_test.pl medium" status="0" time="4"/>
    <testcase name="tests/DCPS/Thrasher/run_test.pl high" status="0" time="4"/>
    <testcase name="tests/DCPS/Thrasher/run_test.pl aggressive" status="0" time="4"/>
    <testcase name="tests/DCPS/Thrasher/run_test.pl single rtps" status="0" time="4"/>
    <testcase name="tests/DCPS/Thrasher/run_test.pl double rtps" status="0" time="5"/>
    <testcase name="tests/DCPS/Thrasher/run_test.pl triangle rtps" status="0" time="4"/>
    <testcase name="tests/DCPS/Thrasher/run_test.pl default rtps" status="0" time="5"/>
    <testcase name="tests/DCPS/Thrasher/run_test.pl low rtps" status="0" time="5"/>
    <testcase name="tests/DCPS/Thrasher/run_test.pl medium rtps" status="0" time="5"/>
    <testcase name="tests/DCPS/Thrasher/run_test.pl high rtps" status="0" time="6"/>
    <testcase name="tests/DCPS/Thrasher/run_test.pl aggressive rtps" status="0" time="11"/>
    <testcase name="tests/DCPS/Thrasher/run_test.pl single durable" status="0" time="3"/>
    <testcase name="tests/DCPS/Thrasher/run_test.pl double durable" status="0" time="4"/>
    <testcase name="tests/DCPS/Thrasher/run_test.pl triangle durable" status="0" time="3"/>
    <testcase name="tests/DCPS/Thrasher/run_test.pl default durable" status="0" time="4"/>
    <testcase name="tests/DCPS/Thrasher/run_test.pl low durable" status="0" time="3"/>
    <testcase name="tests/DCPS/Thrasher/run_test.pl medium durable" status="0" time="4"/>
    <testcase name="tests/DCPS/Thrasher/run_test.pl high durable" status="0" time="4"/>
    <testcase name="tests/DCPS/Thrasher/run_test.pl aggressive durable" status="0" time="4"/>
    <testcase name="tests/DCPS/Thrasher/run_test.pl single rtps durable" status="0" time="4"/>
    <testcase name="tests/DCPS/Thrasher/run_test.pl double rtps durable" status="0" time="4"/>
    <testcase name="tests/DCPS/Thrasher/run_test.pl triangle rtps durable" status="0" time="5"/>
    <testcase name="tests/DCPS/Thrasher/run_test.pl default rtps durable" status="0" time="5"/>
    <testcase name="tests/DCPS/Thrasher/run_test.pl low rtps durable" status="0" time="4"/>
    <testcase name="tests/DCPS/Thrasher/run_test.pl medium rtps durable" status="0" time="5"/>
    <testcase name="tests/DCPS/Thrasher/run_test.pl high rtps durable" status="0" time="6"/>
    <testcase name="tests/DCPS/Thrasher/run_test.pl aggressive rtps durable" status="0" time="13"/>
    <testcase name="tests/DCPS/DPFactoryQos/run_test.pl" status="0" time="8"/>
    <testcase name="tests/DCPS/DPFactoryQos/run_test.pl rtps_disc" status="0" time="9"/>
    <testcase name="tests/DCPS/ManualAssertLiveliness/run_test.pl" status="0" time="23"/>
    <testcase name="tests/DCPS/ManualAssertLiveliness/run_test.pl lost" status="0" time="41"/>
    <testcase name="tests/DCPS/ManualAssertLiveliness/run_test.pl rtps" status="0" time="24"/>
    <testcase name="tests/DCPS/ManualAssertLiveliness/run_test.pl rtps lost" status="0" time="42"/>
    <testcase name="tests/DCPS/ManualAssertLiveliness/run_test.pl rtpsdisco" status="0" time="23"/>
    <testcase name="tests/DCPS/ManualAssertLiveliness/run_test.pl rtpsdisco lost" status="0" time="43"/>
    <testcase name="tests/DCPS/ManualAssertLiveliness/run_test.pl rtpsdisco rtps" status="0" time="23"/>
    <testcase name="tests/DCPS/ManualAssertLiveliness/run_test.pl rtpsdisco rtps lost" status="0" time="42"/>
    <testcase name="tests/DCPS/Serializer_wstring/run_test.pl" status="0" time="4"/>
    <testcase name="tests/DCPS/SharedTransport/run_test.pl" status="0" time="4"/>
    <testcase name="tests/DCPS/SharedTransport/run_test.pl rtps" status="0" time="3"/>
    <testcase name="tests/DCPS/SharedTransport/run_test.pl rtps 2" status="0" time="3"/>
    <testcase name="tests/DCPS/SharedTransport/run_test.pl udp" status="0" time="3"/>
    <testcase name="tests/DCPS/SharedTransport/run_test.pl multicast" status="0" time="4"/>
    <testcase name="tests/DCPS/SharedTransport/run_test.pl shmem" status="0" time="3"/>
    <testcase name="tests/DCPS/SharedTransport/run_test.pl rtps_disc_tcp" status="0" time="3"/>
    <testcase name="tests/DCPS/Ownership/run_test.pl" status="0" time="24"/>
    <testcase name="tests/DCPS/Ownership/run_test.pl update_strength" status="0" time="22"/>
    <testcase name="tests/DCPS/Ownership/run_test.pl liveliness_change" status="0" time="12"/>
    <testcase name="tests/DCPS/Ownership/run_test.pl miss_deadline" status="0" time="16"/>
    <testcase name="tests/DCPS/GroupPresentation/run_test.pl" status="0" time="6"/>
    <testcase name="tests/DCPS/GroupPresentation/run_test.pl topic" status="0" time="5"/>
    <testcase name="tests/DCPS/GroupPresentation/run_test.pl instance" status="0" time="6"/>
    <testcase name="tests/DCPS/LargeSample/run_test.pl" status="0" time="5"/>
    <testcase name="tests/DCPS/LargeSample/run_test.pl udp" status="0" time="6"/>
    <testcase name="tests/DCPS/LargeSample/run_test.pl multicast" status="0" time="5"/>
    <testcase name="tests/DCPS/LargeSample/run_test.pl multicast_async" status="0" time="4"/>
    <testcase name="tests/DCPS/LargeSample/run_test.pl shmem" status="256" time="33"><failure>
      <![CDATA[ERROR: Expected to receive 10 samples from process=69193 writer=1 but instead received 4
ERROR: Missing process 69193 writer 1 sample 0 expected data length 10240
ERROR: Missing process 69193 writer 1 sample 1 expected data length 20480
ERROR: Missing process 69193 writer 1 sample 2 expected data length 30720
ERROR: Missing process 69193 writer 1 sample 3 expected data length 40960
ERROR: Missing process 69193 writer 1 sample 4 expected data length 51200
ERROR: Missing process 69193 writer 1 sample 5 expected data length 61440
2020-12-31 21:29:25: ERROR: subscriber returned 1 (started at 2020-12-31 21:28:55)
test FAILED.
Error: tests/DCPS/LargeSample/run_test.pl shmem returned with status 256
]]></failure><system-out>
      <![CDATA[start tests/DCPS/LargeSample/run_test.pl shmem at Thu Dec 31 21:28:55 2020
/home/runner/work/OpenDDS/OpenDDS/OpenDDS/bin/DCPSInfoRepo -ORBDebugLevel 1 -ORBLogFile DCPSInfoRepo.log -DCPSDebugLevel 1 -o repo.ior -DCPSPendingTimeout 3 
InfoRepo PID: 69185
/home/runner/work/OpenDDS/OpenDDS/OpenDDS/tests/DCPS/LargeSample/publisher -r 1 -w 2 -s 10 -o 0 -i 2 -DCPSDebugLevel 1 -ORBVerboseLogging 1 -DCPSTransportDebugLevel 1 -ORBLogFile publisher_1.log -DCPSConfigFile shmem.ini  -DCPSPendingTimeout 3 
publisher #1 PID: 69192
/home/runner/work/OpenDDS/OpenDDS/OpenDDS/tests/DCPS/LargeSample/publisher -r 1 -w 2 -s 10 -o 0 -i 3 -DCPSDebugLevel 1 -ORBVerboseLogging 1 -DCPSTransportDebugLevel 1 -ORBLogFile publisher_2.log -DCPSConfigFile shmem.ini  -DCPSPendingTimeout 3 
publisher #2 PID: 69193
/home/runner/work/OpenDDS/OpenDDS/OpenDDS/tests/DCPS/LargeSample/subscriber -r 1 -w 2 -s 10 -o 0 -p 2 -i 1 -DCPSDebugLevel 1 -ORBVerboseLogging 1 -DCPSTransportDebugLevel 1 -ORBLogFile subscriber.log -DCPSConfigFile shmem.ini  -DCPSPendingTimeout 3 
subscriber PID: 69194
Received message: process_id = 69192 writer_id = 1 sample_id = 0 data.length = 10240
Received message: process_id = 69192 writer_id = 1 sample_id = 1 data.length = 20480
Received message: process_id = 69192 writer_id = 1 sample_id = 2 data.length = 40960
Received message: process_id = 69192 writer_id = 1 sample_id = 3 data.length = 51200
Received message: process_id = 69192 writer_id = 1 sample_id = 4 data.length = 71680
Received message: process_id = 69192 writer_id = 1 sample_id = 5 data.length = 81920
Received message: process_id = 69192 writer_id = 1 sample_id = 6 data.length = 102400
Received message: process_id = 69192 writer_id = 1 sample_id = 7 data.length = 112640
Received message: process_id = 69192 writer_id = 1 sample_id = 8 data.length = 133120
Received message: process_id = 69192 writer_id = 1 sample_id = 9 data.length = 143360
Received message: process_id = 69193 writer_id = 2 sample_id = 0 data.length = 20480
Received message: process_id = 69193 writer_id = 2 sample_id = 1 data.length = 30720
Received message: process_id = 69193 writer_id = 2 sample_id = 2 data.length = 51200
Received message: process_id = 69193 writer_id = 2 sample_id = 3 data.length = 61440
Received message: process_id = 69193 writer_id = 2 sample_id = 4 data.length = 81920
Received message: process_id = 69193 writer_id = 2 sample_id = 5 data.length = 92160
Received message: process_id = 69193 writer_id = 2 sample_id = 6 data.length = 112640
Received message: process_id = 69193 writer_id = 2 sample_id = 7 data.length = 122880
Received message: process_id = 69193 writer_id = 2 sample_id = 8 data.length = 143360
Received message: process_id = 69193 writer_id = 2 sample_id = 9 data.length = 153600
Received message: process_id = 69193 writer_id = 1 sample_id = 6 data.length = 102400
Received message: process_id = 69193 writer_id = 1 sample_id = 7 data.length = 112640
Received message: process_id = 69193 writer_id = 1 sample_id = 8 data.length = 133120
Received message: process_id = 69193 writer_id = 1 sample_id = 9 data.length = 143360
Received message: process_id = 69192 writer_id = 2 sample_id = 0 data.length = 20480
Received message: process_id = 69192 writer_id = 2 sample_id = 1 data.length = 30720
Received message: process_id = 69192 writer_id = 2 sample_id = 2 data.length = 51200
Received message: process_id = 69192 writer_id = 2 sample_id = 3 data.length = 61440
Received message: process_id = 69192 writer_id = 2 sample_id = 4 data.length = 81920
Received message: process_id = 69192 writer_id = 2 sample_id = 5 data.length = 92160
Received message: process_id = 69192 writer_id = 2 sample_id = 6 data.length = 112640
Received message: process_id = 69192 writer_id = 2 sample_id = 7 data.length = 122880
Received message: process_id = 69192 writer_id = 2 sample_id = 8 data.length = 143360
Received message: process_id = 69192 writer_id = 2 sample_id = 9 data.length = 153600
ERROR: Expected to receive 10 samples from process=69193 writer=1 but instead received 4
ERROR: Missing process 69193 writer 1 sample 0 expected data length 10240
ERROR: Missing process 69193 writer 1 sample 1 expected data length 20480
ERROR: Missing process 69193 writer 1 sample 2 expected data length 30720
ERROR: Missing process 69193 writer 1 sample 3 expected data length 40960
ERROR: Missing process 69193 writer 1 sample 4 expected data length 51200
ERROR: Missing process 69193 writer 1 sample 5 expected data length 61440
           Got process 69193 writer 1 sample 6 expected data length 71680
           Got process 69193 writer 1 sample 7 expected data length 81920
           Got process 69193 writer 1 sample 8 expected data length 92160
           Got process 69193 writer 1 sample 9 expected data length 102400
2020-12-31 21:29:25: ERROR: subscriber returned 1 (started at 2020-12-31 21:28:55)
INFO: /home/runner/work/OpenDDS/OpenDDS/OpenDDS/bin/DCPSInfoRepo being killed.
<<<<<  DCPSInfoRepo.log  >>>>>
TAO (69185|69185) - Default_Resource_Factory - codeset manager=0x55fd62e19770
TAO (69185|69185) - Loaded default protocol <IIOP_Factory>
(69185|69185) NOTICE: not using file configuration - no configuration file specified.
(69185|69185) NOTICE: Service_Participant::get_domain_participant_factory - This is OpenDDS 3.16dev using ACE 6.5.12.
(69185|69185) NOTICE: Service_Participant::intializeScheduling() - no scheduling policy specified, not setting policy.
(69185|69185) Service_Participant::set_repo_ior: Repo[ DEFAULT_REPO] == IOR:010000001e00000049444c3a4f70656e4444532f444350532f44435053496e666f3a312e3000000002000000000000009c000000010102002300000066762d617a3138362d3932302e696e7465726e616c2e636c6f75646170702e6e6574000059a100003400000014010f004e5550000000190000000001000000526f6f74504f4100496e666f5265706f000000000001000000496e666f5265706f02000000000000000800000001000000004f415401000000180000000100000001000100010000000100010509010100000000000000000084000000010102000d00000066762d617a3138362d393230006959a13400000014010f004e5550000000190000000001000000526f6f74504f4100496e666f5265706f000000000001000000496e666f5265706f02000000000000000800000001000000004f41540100000018000000010000000100010001000000010001050901010000000000
(69185|69185) [repository/DEFAULT_REPO]: RepositoryIor == IOR:010000001e00000049444c3a4f70656e4444532f444350532f44435053496e666f3a312e3000000002000000000000009c000000010102002300000066762d617a3138362d3932302e696e7465726e616c2e636c6f75646170702e6e6574000059a100003400000014010f004e5550000000190000000001000000526f6f74504f4100496e666f5265706f000000000001000000496e666f5265706f02000000000000000800000001000000004f415401000000180000000100000001000100010000000100010509010100000000000000000084000000010102000d00000066762d617a3138362d393230006959a13400000014010f004e5550000000190000000001000000526f6f74504f4100496e666f5265706f000000000001000000496e666f5265706f02000000000000000800000001000000004f41540100000018000000010000000100010001000000010001050901010000000000
TAO (69185|69185) - IIOP_Connection_Handler::open, IIOP connection to peer <10.1.0.4:52081> on [9]
(69185|69185) DCPS_IR_Domain::init_built_in_topics()  Initializing Built In Topics for domain 113
(69185|69185) DCPS_IR_Domain::add_participant: added participant 01030000.60b61fb4.00000001.000001c1(c7f7c956) in domain 113 at 0x62e70d10.
(69185|69185) DCPS_IR_Domain::add_topic_description: added Topic Description 0x62e170a0 in domain 113.
(69185|69185) DCPS_IR_Topic_Description::add_topic: topic description DCPSParticipant added topic 01030000.60b61fb4.00000001.000001c5(c09a0d4f) at 62e94c40.
(69185|69185) DCPS_IR_Participant::add_topic_reference: participant 01030000.60b61fb4.00000001.000001c1(c7f7c956) successfully added topic 01030000.60b61fb4.00000001.000001c5(c09a0d4f) at 0x62e94c40.
(69185|69185) DCPS_IR_Domain::add_topic_i: Domain 113 successfully added topic 01030000.60b61fb4.00000001.000001c5(c09a0d4f) at 0x62e94c40.
(69185|69185) DCPS_IR_Domain::add_topic_description: added Topic Description 0x62e19a10 in domain 113.
(69185|69185) DCPS_IR_Topic_Description::add_topic: topic description DCPSTopic added topic 01030000.60b61fb4.00000001.000002c5(ebb75e8c) at 62e954a0.
(69185|69185) DCPS_IR_Participant::add_topic_reference: participant 01030000.60b61fb4.00000001.000001c1(c7f7c956) successfully added topic 01030000.60b61fb4.00000001.000002c5(ebb75e8c) at 0x62e954a0.
(69185|69185) DCPS_IR_Domain::add_topic_i: Domain 113 successfully added topic 01030000.60b61fb4.00000001.000002c5(ebb75e8c) at 0x62e954a0.
(69185|69185) DCPS_IR_Domain::add_topic_description: added Topic Description 0x62e19970 in domain 113.
(69185|69185) DCPS_IR_Topic_Description::add_topic: topic description DCPSSubscription added topic 01030000.60b61fb4.00000001.000003c5(f2ac6fcd) at 62e95d80.
(69185|69185) DCPS_IR_Participant::add_topic_reference: participant 01030000.60b61fb4.00000001.000001c1(c7f7c956) successfully added topic 01030000.60b61fb4.00000001.000003c5(f2ac6fcd) at 0x62e95d80.
(69185|69185) DCPS_IR_Domain::add_topic_i: Domain 113 successfully added topic 01030000.60b61fb4.00000001.000003c5(f2ac6fcd) at 0x62e95d80.
(69185|69185) DCPS_IR_Domain::add_topic_description: added Topic Description 0x62e965a0 in domain 113.
(69185|69185) DCPS_IR_Topic_Description::add_topic: topic description DCPSPublication added topic 01030000.60b61fb4.00000001.000004c5(bdedf90a) at 62e96700.
(69185|69185) DCPS_IR_Participant::add_topic_reference: participant 01030000.60b61fb4.00000001.000001c1(c7f7c956) successfully added topic 01030000.60b61fb4.00000001.000004c5(bdedf90a) at 0x62e96700.
(69185|69185) DCPS_IR_Domain::add_topic_i: Domain 113 successfully added topic 01030000.60b61fb4.00000001.000004c5(bdedf90a) at 0x62e96700.
(69185|69185) DCPS_IR_Participant::add_publication: participant 01030000.60b61fb4.00000001.000001c1(c7f7c956) successfully added publication 01030000.60b61fb4.00000001.000001c2(5efe98ec) at 0x62f05d40.
(69185|69185) DCPS_IR_Topic::add_publication_reference: topic 01030000.60b61fb4.00000001.000001c5(c09a0d4f) added publication 01030000.60b61fb4.00000001.000001c2(5efe98ec) at 62f05d40
(69185|69185) DCPS_IR_Participant::add_publication: participant 01030000.60b61fb4.00000001.000001c1(c7f7c956) successfully added publication 01030000.60b61fb4.00000001.000002c2(75d3cb2f) at 0x62f14f50.
(69185|69185) DCPS_IR_Topic::add_publication_reference: topic 01030000.60b61fb4.00000001.000002c5(ebb75e8c) added publication 01030000.60b61fb4.00000001.000002c2(75d3cb2f) at 62f14f50
(69185|69185) DCPS_IR_Participant::add_publication: participant 01030000.60b61fb4.00000001.000001c1(c7f7c956) successfully added publication 01030000.60b61fb4.00000001.000003c2(6cc8fa6e) at 0x62f241a0.
(69185|69185) DCPS_IR_Topic::add_publication_reference: topic 01030000.60b61fb4.00000001.000003c5(f2ac6fcd) added publication 01030000.60b61fb4.00000001.000003c2(6cc8fa6e) at 62f241a0
(69185|69185) DCPS_IR_Participant::add_publication: participant 01030000.60b61fb4.00000001.000001c1(c7f7c956) successfully added publication 01030000.60b61fb4.00000001.000004c2(23896ca9) at 0x62f33410.
(69185|69185) DCPS_IR_Topic::add_publication_reference: topic 01030000.60b61fb4.00000001.000004c5(bdedf90a) added publication 01030000.60b61fb4.00000001.000004c2(23896ca9) at 62f33410
(69185|69185) TAO_DDS_DCPSInfo_i::domain: successfully loaded domain 113 at 62e6c870.
(69185|69185) DCPS_IR_Domain::publish_participant_bit: 01030000.60b61fb4.00000002.000001c1(8057b386), handle 2.
(69185|69185) DCPS_IR_Domain::add_participant: added participant 01030000.60b61fb4.00000002.000001c1(8057b386) in domain 113 at 0x62f337a0.
(69185|69185) DCPS_IR_Domain::find_topic_description: located topic description DCPSParticipant/PARTICIPANT_BUILT_IN_TOPIC_TYPE in domain 113.
(69185|69185) DCPS_IR_Topic_Description::add_topic: topic description DCPSParticipant added topic 01030000.60b61fb4.00000002.000001c5(873a779f) at 62f33e00.
(69185|69185) DCPS_IR_Participant::add_topic_reference: participant 01030000.60b61fb4.00000002.000001c1(8057b386) successfully added topic 01030000.60b61fb4.00000002.000001c5(873a779f) at 0x62f33e00.
(69185|69185) DCPS_IR_Domain::add_topic_i: Domain 113 successfully added topic 01030000.60b61fb4.00000002.000001c5(873a779f) at 0x62f33e00.
(69185|69185) DCPS_IR_Domain::add_topic_description: added Topic Description 0x62ef1950 in domain 113.
(69185|69185) DCPS_IR_Topic_Description::add_topic: topic description OpenDDSParticipantLocation added topic 01030000.60b61fb4.00000002.000002c5(ac17245c) at 62f34040.
(69185|69185) DCPS_IR_Participant::add_topic_reference: participant 01030000.60b61fb4.00000002.000001c1(8057b386) successfully added topic 01030000.60b61fb4.00000002.000002c5(ac17245c) at 0x62f34040.
(69185|69185) DCPS_IR_Domain::add_topic_i: Domain 113 successfully added topic 01030000.60b61fb4.00000002.000002c5(ac17245c) at 0x62f34040.
(69185|69185) DCPS_IR_Domain::add_topic_description: added Topic Description 0x62f342c0 in domain 113.
(69185|69185) DCPS_IR_Topic_Description::add_topic: topic description OpenDDSInternalThread added topic 01030000.60b61fb4.00000002.000003c5(b50c151d) at 62f343c0.
(69185|69185) DCPS_IR_Participant::add_topic_reference: participant 01030000.60b61fb4.00000002.000001c1(8057b386) successfully added topic 01030000.60b61fb4.00000002.000003c5(b50c151d) at 0x62f343c0.
(69185|69185) DCPS_IR_Domain::add_topic_i: Domain 113 successfully added topic 01030000.60b61fb4.00000002.000003c5(b50c151d) at 0x62f343c0.
(69185|69185) DCPS_IR_Domain::add_topic_description: added Topic Description 0x62f345e0 in domain 113.
(69185|69185) DCPS_IR_Topic_Description::add_topic: topic description OpenDDSConnectionRecord added topic 01030000.60b61fb4.00000002.000004c5(fa4d83da) at 62f346e0.
(69185|69185) DCPS_IR_Participant::add_topic_reference: participant 01030000.60b61fb4.00000002.000001c1(8057b386) successfully added topic 01030000.60b61fb4.00000002.000004c5(fa4d83da) at 0x62f346e0.
(69185|69185) DCPS_IR_Domain::add_topic_i: Domain 113 successfully added topic 01030000.60b61fb4.00000002.000004c5(fa4d83da) at 0x62f346e0.
(69185|69185) DCPS_IR_Domain::find_topic_description: located topic description DCPSTopic/TOPIC_BUILT_IN_TOPIC_TYPE in domain 113.
(69185|69185) DCPS_IR_Topic_Description::add_topic: topic description DCPSTopic added topic 01030000.60b61fb4.00000002.000005c5(e356b29b) at 62f34980.
(69185|69185) DCPS_IR_Participant::add_topic_reference: participant 01030000.60b61fb4.00000002.000001c1(8057b386) successfully added topic 01030000.60b61fb4.00000002.000005c5(e356b29b) at 0x62f34980.
(69185|69185) DCPS_IR_Domain::add_topic_i: Domain 113 successfully added topic 01030000.60b61fb4.00000002.000005c5(e356b29b) at 0x62f34980.
(69185|69185) DCPS_IR_Domain::find_topic_description: located topic description DCPSSubscription/SUBSCRIPTION_BUILT_IN_TOPIC_TYPE in domain 113.
(69185|69185) DCPS_IR_Topic_Description::add_topic: topic description DCPSSubscription added topic 01030000.60b61fb4.00000002.000006c5(c87be158) at 62f34b80.
(69185|69185) DCPS_IR_Participant::add_topic_reference: participant 01030000.60b61fb4.00000002.000001c1(8057b386) successfully added topic 01030000.60b61fb4.00000002.000006c5(c87be158) at 0x62f34b80.
(69185|69185) DCPS_IR_Domain::add_topic_i: Domain 113 successfully added topic 01030000.60b61fb4.00000002.000006c5(c87be158) at 0x62f34b80.
(69185|69185) DCPS_IR_Domain::find_topic_description: located topic description DCPSPublication/PUBLICATION_BUILT_IN_TOPIC_TYPE in domain 113.
(69185|69185) DCPS_IR_Topic_Description::add_topic: topic description DCPSPublication added topic 01030000.60b61fb4.00000002.000007c5(d160d019) at 62f34d80.
(69185|69185) DCPS_IR_Participant::add_topic_reference: participant 01030000.60b61fb4.00000002.000001c1(8057b386) successfully added topic 01030000.60b61fb4.00000002.000007c5(d160d019) at 0x62f34d80.
(69185|69185) DCPS_IR_Domain::add_topic_i: Domain 113 successfully added topic 01030000.60b61fb4.00000002.000007c5(d160d019) at 0x62f34d80.
TAO (69185|69185) - IIOP_Connection_Handler::process_listen_point_list, Listening port [42415] on [fv-az186-920.internal.cloudapp.net]
(69185|69185) DCPS_IR_Participant::add_subscription: participant 01030000.60b61fb4.00000002.000001c1(8057b386) successfully added subscription 01030000.60b61fb4.00000002.000001c7(693416b3) at 0x62f35a10.
(69185|69185) DCPS_IR_Topic::add_subscription_reference: topic 01030000.60b61fb4.00000002.000001c5(873a779f) added subscription 01030000.60b61fb4.00000002.000001c7(693416b3) at 62f35a10.
(69185|69185) DCPS_IR_Topic_Description::try_associate: topic description DCPSParticipant checking compatibility of publication 01030000.60b61fb4.00000001.000001c2(5efe98ec) with subscription 01030000.60b61fb4.00000002.000001c7(693416b3).
(69185|69185) DCPS_IR_Topic_Description::associate: topic description DCPSParticipant associating publication 01030000.60b61fb4.00000001.000001c2(5efe98ec) with subscription 01030000.60b61fb4.00000002.000001c7(693416b3).
(69185|69185) DCPS_IR_Publication::add_associated_subscription: publication 01030000.60b61fb4.00000001.000001c2(5efe98ec) adding subscription 01030000.60b61fb4.00000002.000001c7(693416b3).
(69185|69185) DataWriterRemoteImpl::add_association - local 01030000.60b61fb4.00000001.000001c2(5efe98ec) remote 01030000.60b61fb4.00000002.000001c7(693416b3)
(69185|69185) DataWriterImpl::add_association - bit 1 local 01030000.60b61fb4.00000001.000001c2(5efe98ec) remote 01030000.60b61fb4.00000002.000001c7(693416b3)
(69185|69185) DCPS_IR_Publication::add_associated_subscription: successfully added subscription 62f35a10.
(69185|69185) DCPS_IR_Subscription::add_associated_publication: subscription 01030000.60b61fb4.00000002.000001c7(693416b3) adding publication 01030000.60b61fb4.00000001.000001c2(5efe98ec).
(69185|69185) DCPS_IR_Subscription::add_associated_publication: successfully added publication 62f05d40
(69185|69185) DCPS_IR_Topic_Description::add_subscription_reference: topic description DCPSParticipant added subscription 01030000.60b61fb4.00000002.000001c7(693416b3) at 62f35a10
TAO (69185|69185) - IIOP_Connection_Handler::open, IIOP connection to peer <10.1.0.4:45411> on [19]
TAO (69185|69185) - IIOP_Connection_Handler::open, IIOP connection to peer <10.1.0.4:52947> on [20]
(69185|69185) DCPS_IR_Participant::add_subscription: participant 01030000.60b61fb4.00000002.000001c1(8057b386) successfully added subscription 01030000.60b61fb4.00000002.000002c7(42194570) at 0x62f4ae40.
(69185|69185) DCPS_IR_Topic::add_subscription_reference: topic 01030000.60b61fb4.00000002.000005c5(e356b29b) added subscription 01030000.60b61fb4.00000002.000002c7(42194570) at 62f4ae40.
(69185|69185) DCPS_IR_Topic_Description::try_associate: topic description DCPSTopic checking compatibility of publication 01030000.60b61fb4.00000001.000002c2(75d3cb2f) with subscription 01030000.60b61fb4.00000002.000002c7(42194570).
(69185|69185) DCPS_IR_Topic_Description::associate: topic description DCPSTopic associating publication 01030000.60b61fb4.00000001.000002c2(75d3cb2f) with subscription 01030000.60b61fb4.00000002.000002c7(42194570).
(69185|69185) DCPS_IR_Publication::add_associated_subscription: publication 01030000.60b61fb4.00000001.000002c2(75d3cb2f) adding subscription 01030000.60b61fb4.00000002.000002c7(42194570).
(69185|69185) DataWriterRemoteImpl::add_association - local 01030000.60b61fb4.00000001.000002c2(75d3cb2f) remote 01030000.60b61fb4.00000002.000002c7(42194570)
(69185|69185) DataWriterImpl::add_association - bit 1 local 01030000.60b61fb4.00000001.000002c2(75d3cb2f) remote 01030000.60b61fb4.00000002.000002c7(42194570)
(69185|69185) DCPS_IR_Publication::add_associated_subscription: successfully added subscription 62f4ae40.
(69185|69185) DCPS_IR_Subscription::add_associated_publication: subscription 01030000.60b61fb4.00000002.000002c7(42194570) adding publication 01030000.60b61fb4.00000001.000002c2(75d3cb2f).
(69185|69185) DCPS_IR_Subscription::add_associated_publication: successfully added publication 62f14f50
(69185|69185) DCPS_IR_Topic_Description::add_subscription_reference: topic description DCPSTopic added subscription 01030000.60b61fb4.00000002.000002c7(42194570) at 62f4ae40
(69185|69185) DCPS_IR_Domain::publish_participant_bit: 01030000.60b61fb4.00000003.000001c1(bd379a36), handle 3.
(69185|69185) DCPS_IR_Domain::add_participant: added participant 01030000.60b61fb4.00000003.000001c1(bd379a36) in domain 113 at 0x62f4b6e0.
(69185|69200) DataWriterImpl::transport_assoc_done: writer 01030000.60b61fb4.00000001.000001c2(5efe98ec) succeeded in associating with reader 01030000.60b61fb4.00000002.000001c7(693416b3)
(69185|69200) DataWriterImpl::transport_assoc_done: writer 01030000.60b61fb4.00000001.000001c2(5efe98ec) reader 01030000.60b61fb4.00000002.000001c7(693416b3) calling association_complete_i
(69185|69200) DataWriterImpl::association_complete_i - bit 1 local 01030000.60b61fb4.00000001.000001c2(5efe98ec) remote 01030000.60b61fb4.00000002.000001c7(693416b3)
(69185|69185) DCPS_IR_Domain::find_topic_description: located topic description DCPSParticipant/PARTICIPANT_BUILT_IN_TOPIC_TYPE in domain 113.
(69185|69185) DCPS_IR_Topic_Description::add_topic: topic description DCPSParticipant added topic 01030000.60b61fb4.00000003.000001c5(ba5a5e2f) at 62f4bbb0.
(69185|69185) DCPS_IR_Participant::add_topic_reference: participant 01030000.60b61fb4.00000003.000001c1(bd379a36) successfully added topic 01030000.60b61fb4.00000003.000001c5(ba5a5e2f) at 0x62f4bbb0.
(69185|69185) DCPS_IR_Domain::add_topic_i: Domain 113 successfully added topic 01030000.60b61fb4.00000003.000001c5(ba5a5e2f) at 0x62f4bbb0.
(69185|69185) DCPS_IR_Domain::publish_participant_bit: 01030000.60b61fb4.00000004.000001c1(0f174626), handle 4.
(69185|69185) DCPS_IR_Domain::add_participant: added participant 01030000.60b61fb4.00000004.000001c1(0f174626) in domain 113 at 0x62f4bcf0.
(69185|69200) DataWriterImpl::transport_assoc_done: writer 01030000.60b61fb4.00000001.000002c2(75d3cb2f) succeeded in associating with reader 01030000.60b61fb4.00000002.000002c7(42194570)
(69185|69200) DataWriterImpl::transport_assoc_done: writer 01030000.60b61fb4.00000001.000002c2(75d3cb2f) reader 01030000.60b61fb4.00000002.000002c7(42194570) calling association_complete_i
(69185|69200) DataWriterImpl::association_complete_i - bit 1 local 01030000.60b61fb4.00000001.000002c2(75d3cb2f) remote 01030000.60b61fb4.00000002.000002c7(42194570)
(69185|69185) DCPS_IR_Domain::find_topic_description: located topic description OpenDDSParticipantLocation/PARTICIPANT_LOCATION_BUILT_IN_TOPIC_TYPE in domain 113.
(69185|69185) DCPS_IR_Topic_Description::add_topic: topic description OpenDDSParticipantLocation added topic 01030000.60b61fb4.00000003.000002c5(91770dec) at 62f4c4a0.
(69185|69185) DCPS_IR_Participant::add_topic_reference: participant 01030000.60b61fb4.00000003.000001c1(bd379a36) successfully added topic 01030000.60b61fb4.00000003.000002c5(91770dec) at 0x62f4c4a0.
(69185|69185) DCPS_IR_Domain::add_topic_i: Domain 113 successfully added topic 01030000.60b61fb4.00000003.000002c5(91770dec) at 0x62f4c4a0.
(69185|69185) DCPS_IR_Domain::find_topic_description: located topic description DCPSParticipant/PARTICIPANT_BUILT_IN_TOPIC_TYPE in domain 113.
(69185|69185) DCPS_IR_Topic_Description::add_topic: topic description DCPSParticipant added topic 01030000.60b61fb4.00000004.000001c5(087a823f) at 62f4c680.
(69185|69185) DCPS_IR_Participant::add_topic_reference: participant 01030000.60b61fb4.00000004.000001c1(0f174626) successfully added topic 01030000.60b61fb4.00000004.000001c5(087a823f) at 0x62f4c680.
(69185|69185) DCPS_IR_Domain::add_topic_i: Domain 113 successfully added topic 01030000.60b61fb4.00000004.000001c5(087a823f) at 0x62f4c680.
(69185|69185) DCPS_IR_Participant::add_subscription: participant 01030000.60b61fb4.00000002.000001c1(8057b386) successfully added subscription 01030000.60b61fb4.00000002.000003c7(5b027431) at 0x62f4d0e0.
(69185|69185) DCPS_IR_Topic::add_subscription_reference: topic 01030000.60b61fb4.00000002.000007c5(d160d019) added subscription 01030000.60b61fb4.00000002.000003c7(5b027431) at 62f4d0e0.
(69185|69185) DCPS_IR_Topic_Description::try_associate: topic description DCPSPublication checking compatibility of publication 01030000.60b61fb4.00000001.000004c2(23896ca9) with subscription 01030000.60b61fb4.00000002.000003c7(5b027431).
(69185|69185) DCPS_IR_Topic_Description::associate: topic description DCPSPublication associating publication 01030000.60b61fb4.00000001.000004c2(23896ca9) with subscription 01030000.60b61fb4.00000002.000003c7(5b027431).
(69185|69185) DCPS_IR_Publication::add_associated_subscription: publication 01030000.60b61fb4.00000001.000004c2(23896ca9) adding subscription 01030000.60b61fb4.00000002.000003c7(5b027431).
(69185|69185) DataWriterRemoteImpl::add_association - local 01030000.60b61fb4.00000001.000004c2(23896ca9) remote 01030000.60b61fb4.00000002.000003c7(5b027431)
(69185|69185) DataWriterImpl::add_association - bit 1 local 01030000.60b61fb4.00000001.000004c2(23896ca9) remote 01030000.60b61fb4.00000002.000003c7(5b027431)
(69185|69185) DCPS_IR_Publication::add_associated_subscription: successfully added subscription 62f4d0e0.
(69185|69185) DCPS_IR_Subscription::add_associated_publication: subscription 01030000.60b61fb4.00000002.000003c7(5b027431) adding publication 01030000.60b61fb4.00000001.000004c2(23896ca9).
(69185|69185) DCPS_IR_Subscription::add_associated_publication: successfully added publication 62f33410
(69185|69185) DCPS_IR_Topic_Description::add_subscription_reference: topic description DCPSPublication added subscription 01030000.60b61fb4.00000002.000003c7(5b027431) at 62f4d0e0
(69185|69185) DCPS_IR_Domain::find_topic_description: located topic description OpenDDSInternalThread/INTERNAL_THREAD_BUILT_IN_TOPIC_TYPE in domain 113.
(69185|69185) DCPS_IR_Topic_Description::add_topic: topic description OpenDDSInternalThread added topic 01030000.60b61fb4.00000003.000003c5(886c3cad) at 62f4da40.
(69185|69185) DCPS_IR_Participant::add_topic_reference: participant 01030000.60b61fb4.00000003.000001c1(bd379a36) successfully added topic 01030000.60b61fb4.00000003.000003c5(886c3cad) at 0x62f4da40.
(69185|69185) DCPS_IR_Domain::add_topic_i: Domain 113 successfully added topic 01030000.60b61fb4.00000003.000003c5(886c3cad) at 0x62f4da40.
(69185|69185) DCPS_IR_Domain::find_topic_description: located topic description OpenDDSParticipantLocation/PARTICIPANT_LOCATION_BUILT_IN_TOPIC_TYPE in domain 113.
(69185|69185) DCPS_IR_Topic_Description::add_topic: topic description OpenDDSParticipantLocation added topic 01030000.60b61fb4.00000004.000002c5(2357d1fc) at 62f4db60.
(69185|69185) DCPS_IR_Participant::add_topic_reference: participant 01030000.60b61fb4.00000004.000001c1(0f174626) successfully added topic 01030000.60b61fb4.00000004.000002c5(2357d1fc) at 0x62f4db60.
(69185|69185) DCPS_IR_Domain::add_topic_i: Domain 113 successfully added topic 01030000.60b61fb4.00000004.000002c5(2357d1fc) at 0x62f4db60.
(69185|69200) DataWriterImpl::transport_assoc_done: writer 01030000.60b61fb4.00000001.000004c2(23896ca9) succeeded in associating with reader 01030000.60b61fb4.00000002.000003c7(5b027431)
(69185|69200) DataWriterImpl::transport_assoc_done: writer 01030000.60b61fb4.00000001.000004c2(23896ca9) reader 01030000.60b61fb4.00000002.000003c7(5b027431) calling association_complete_i
(69185|69200) DataWriterImpl::association_complete_i - bit 1 local 01030000.60b61fb4.00000001.000004c2(23896ca9) remote 01030000.60b61fb4.00000002.000003c7(5b027431)
(69185|69185) DCPS_IR_Participant::add_subscription: participant 01030000.60b61fb4.00000002.000001c1(8057b386) successfully added subscription 01030000.60b61fb4.00000002.000004c7(1443e2f6) at 0x62f4f570.
(69185|69185) DCPS_IR_Topic::add_subscription_reference: topic 01030000.60b61fb4.00000002.000006c5(c87be158) added subscription 01030000.60b61fb4.00000002.000004c7(1443e2f6) at 62f4f570.
(69185|69185) DCPS_IR_Topic_Description::try_associate: topic description DCPSSubscription checking compatibility of publication 01030000.60b61fb4.00000001.000003c2(6cc8fa6e) with subscription 01030000.60b61fb4.00000002.000004c7(1443e2f6).
(69185|69185) DCPS_IR_Topic_Description::associate: topic description DCPSSubscription associating publication 01030000.60b61fb4.00000001.000003c2(6cc8fa6e) with subscription 01030000.60b61fb4.00000002.000004c7(1443e2f6).
(69185|69185) DCPS_IR_Publication::add_associated_subscription: publication 01030000.60b61fb4.00000001.000003c2(6cc8fa6e) adding subscription 01030000.60b61fb4.00000002.000004c7(1443e2f6).
(69185|69185) DataWriterRemoteImpl::add_association - local 01030000.60b61fb4.00000001.000003c2(6cc8fa6e) remote 01030000.60b61fb4.00000002.000004c7(1443e2f6)
(69185|69185) DataWriterImpl::add_association - bit 1 local 01030000.60b61fb4.00000001.000003c2(6cc8fa6e) remote 01030000.60b61fb4.00000002.000004c7(1443e2f6)
(69185|69185) DCPS_IR_Publication::add_associated_subscription: successfully added subscription 62f4f570.
(69185|69185) DCPS_IR_Subscription::add_associated_publication: subscription 01030000.60b61fb4.00000002.000004c7(1443e2f6) adding publication 01030000.60b61fb4.00000001.000003c2(6cc8fa6e).
(69185|69185) DCPS_IR_Subscription::add_associated_publication: successfully added publication 62f241a0
(69185|69185) DCPS_IR_Topic_Description::add_subscription_reference: topic description DCPSSubscription added subscription 01030000.60b61fb4.00000002.000004c7(1443e2f6) at 62f4f570
(69185|69185) DCPS_IR_Domain::find_topic_description: located topic description OpenDDSConnectionRecord/CONNECTION_RECORD_BUILT_IN_TOPIC_TYPE in domain 113.
(69185|69185) DCPS_IR_Topic_Description::add_topic: topic description OpenDDSConnectionRecord added topic 01030000.60b61fb4.00000003.000004c5(c72daa6a) at 62f4fff0.
(69185|69185) DCPS_IR_Participant::add_topic_reference: participant 01030000.60b61fb4.00000003.000001c1(bd379a36) successfully added topic 01030000.60b61fb4.00000003.000004c5(c72daa6a) at 0x62f4fff0.
(69185|69185) DCPS_IR_Domain::add_topic_i: Domain 113 successfully added topic 01030000.60b61fb4.00000003.000004c5(c72daa6a) at 0x62f4fff0.
(69185|69185) DCPS_IR_Domain::find_topic_description: located topic description OpenDDSInternalThread/INTERNAL_THREAD_BUILT_IN_TOPIC_TYPE in domain 113.
(69185|69185) DCPS_IR_Topic_Description::add_topic: topic description OpenDDSInternalThread added topic 01030000.60b61fb4.00000004.000003c5(3a4ce0bd) at 62f50110.
(69185|69185) DCPS_IR_Participant::add_topic_reference: participant 01030000.60b61fb4.00000004.000001c1(0f174626) successfully added topic 01030000.60b61fb4.00000004.000003c5(3a4ce0bd) at 0x62f50110.
(69185|69185) DCPS_IR_Domain::add_topic_i: Domain 113 successfully added topic 01030000.60b61fb4.00000004.000003c5(3a4ce0bd) at 0x62f50110.
(69185|69200) DataWriterImpl::transport_assoc_done: writer 01030000.60b61fb4.00000001.000003c2(6cc8fa6e) succeeded in associating with reader 01030000.60b61fb4.00000002.000004c7(1443e2f6)
(69185|69200) DataWriterImpl::transport_assoc_done: writer 01030000.60b61fb4.00000001.000003c2(6cc8fa6e) reader 01030000.60b61fb4.00000002.000004c7(1443e2f6) calling association_complete_i
(69185|69200) DataWriterImpl::association_complete_i - bit 1 local 01030000.60b61fb4.00000001.000003c2(6cc8fa6e) remote 01030000.60b61fb4.00000002.000004c7(1443e2f6)
(69185|69185) DCPS_IR_Domain::find_topic_description: located topic description OpenDDSConnectionRecord/CONNECTION_RECORD_BUILT_IN_TOPIC_TYPE in domain 113.
(69185|69185) DCPS_IR_Topic_Description::add_topic: topic description OpenDDSConnectionRecord added topic 01030000.60b61fb4.00000004.000004c5(750d767a) at 62f50230.
(69185|69185) DCPS_IR_Participant::add_topic_reference: participant 01030000.60b61fb4.00000004.000001c1(0f174626) successfully added topic 01030000.60b61fb4.00000004.000004c5(750d767a) at 0x62f50230.
(69185|69185) DCPS_IR_Domain::add_topic_i: Domain 113 successfully added topic 01030000.60b61fb4.00000004.000004c5(750d767a) at 0x62f50230.
(69185|69185) DCPS_IR_Domain::add_topic_description: added Topic Description 0x62f50390 in domain 113.
(69185|69185) DCPS_IR_Topic_Description::add_topic: topic description Movie Discussion List added topic 01030000.60b61fb4.00000002.00000845(bb404ff6) at 62f504b0.
(69185|69185) DCPS_IR_Participant::add_topic_reference: participant 01030000.60b61fb4.00000002.000001c1(8057b386) successfully added topic 01030000.60b61fb4.00000002.00000845(bb404ff6) at 0x62f504b0.
(69185|69185) DCPS_IR_Domain::add_topic_i: Domain 113 successfully added topic 01030000.60b61fb4.00000002.00000845(bb404ff6) at 0x62f504b0.
(69185|69185) DCPS_IR_Domain::publish_topic_bit: 01030000.60b61fb4.00000002.00000845(bb404ff6), handle 5.
(69185|69185) DCPS_IR_Domain::find_topic_description: located topic description DCPSTopic/TOPIC_BUILT_IN_TOPIC_TYPE in domain 113.
(69185|69185) DCPS_IR_Topic_Description::add_topic: topic description DCPSTopic added topic 01030000.60b61fb4.00000003.000005c5(de369b2b) at 62f50c70.
(69185|69185) DCPS_IR_Participant::add_topic_reference: participant 01030000.60b61fb4.00000003.000001c1(bd379a36) successfully added topic 01030000.60b61fb4.00000003.000005c5(de369b2b) at 0x62f50c70.
(69185|69185) DCPS_IR_Domain::add_topic_i: Domain 113 successfully added topic 01030000.60b61fb4.00000003.000005c5(de369b2b) at 0x62f50c70.
(69185|69185) DCPS_IR_Domain::find_topic_description: located topic description DCPSTopic/TOPIC_BUILT_IN_TOPIC_TYPE in domain 113.
(69185|69185) DCPS_IR_Topic_Description::add_topic: topic description DCPSTopic added topic 01030000.60b61fb4.00000004.000005c5(6c16473b) at 62f50e10.
(69185|69185) DCPS_IR_Participant::add_topic_reference: participant 01030000.60b61fb4.00000004.000001c1(0f174626) successfully added topic 01030000.60b61fb4.00000004.000005c5(6c16473b) at 0x62f50e10.
(69185|69185) DCPS_IR_Domain::add_topic_i: Domain 113 successfully added topic 01030000.60b61fb4.00000004.000005c5(6c16473b) at 0x62f50e10.
(69185|69185) DCPS_IR_Domain::find_topic_description: located topic description DCPSSubscription/SUBSCRIPTION_BUILT_IN_TOPIC_TYPE in domain 113.
(69185|69185) DCPS_IR_Topic_Description::add_topic: topic description DCPSSubscription added topic 01030000.60b61fb4.00000003.000006c5(f51bc8e8) at 62f50ff0.
(69185|69185) DCPS_IR_Participant::add_topic_reference: participant 01030000.60b61fb4.00000003.000001c1(bd379a36) successfully added topic 01030000.60b61fb4.00000003.000006c5(f51bc8e8) at 0x62f50ff0.
(69185|69185) DCPS_IR_Domain::add_topic_i: Domain 113 successfully added topic 01030000.60b61fb4.00000003.000006c5(f51bc8e8) at 0x62f50ff0.
(69185|69185) DCPS_IR_Domain::find_topic_description: located topic description DCPSSubscription/SUBSCRIPTION_BUILT_IN_TOPIC_TYPE in domain 113.
(69185|69185) DCPS_IR_Topic_Description::add_topic: topic description DCPSSubscription added topic 01030000.60b61fb4.00000004.000006c5(473b14f8) at 62f511f0.
(69185|69185) DCPS_IR_Participant::add_topic_reference: participant 01030000.60b61fb4.00000004.000001c1(0f174626) successfully added topic 01030000.60b61fb4.00000004.000006c5(473b14f8) at 0x62f511f0.
(69185|69185) DCPS_IR_Domain::add_topic_i: Domain 113 successfully added topic 01030000.60b61fb4.00000004.000006c5(473b14f8) at 0x62f511f0.
(69185|69185) DCPS_IR_Domain::find_topic_description: located topic description DCPSPublication/PUBLICATION_BUILT_IN_TOPIC_TYPE in domain 113.
(69185|69185) DCPS_IR_Topic_Description::add_topic: topic description DCPSPublication added topic 01030000.60b61fb4.00000003.000007c5(ec00f9a9) at 62f513f0.
(69185|69185) DCPS_IR_Participant::add_topic_reference: participant 01030000.60b61fb4.00000003.000001c1(bd379a36) successfully added topic 01030000.60b61fb4.00000003.000007c5(ec00f9a9) at 0x62f513f0.
(69185|69185) DCPS_IR_Domain::add_topic_i: Domain 113 successfully added topic 01030000.60b61fb4.00000003.000007c5(ec00f9a9) at 0x62f513f0.
(69185|69185) DCPS_IR_Participant::add_publication: participant 01030000.60b61fb4.00000002.000001c1(8057b386) successfully added publication 01030000.60b61fb4.00000002.00000102(823a208c) at 0x62f52e80.
(69185|69185) DCPS_IR_Domain::publish_publication_bit: 01030000.60b61fb4.00000002.00000102(823a208c), handle 6.
(69185|69185) DCPS_IR_Topic::add_publication_reference: topic 01030000.60b61fb4.00000002.00000845(bb404ff6) added publication 01030000.60b61fb4.00000002.00000102(823a208c) at 62f52e80
(69185|69185) DCPS_IR_Domain::find_topic_description: located topic description DCPSPublication/PUBLICATION_BUILT_IN_TOPIC_TYPE in domain 113.
(69185|69185) DCPS_IR_Topic_Description::add_topic: topic description DCPSPublication added topic 01030000.60b61fb4.00000004.000007c5(5e2025b9) at 62f53800.
(69185|69185) DCPS_IR_Participant::add_topic_reference: participant 01030000.60b61fb4.00000004.000001c1(0f174626) successfully added topic 01030000.60b61fb4.00000004.000007c5(5e2025b9) at 0x62f53800.
(69185|69185) DCPS_IR_Domain::add_topic_i: Domain 113 successfully added topic 01030000.60b61fb4.00000004.000007c5(5e2025b9) at 0x62f53800.
(69185|69185) DCPS_IR_Participant::add_publication: participant 01030000.60b61fb4.00000002.000001c1(8057b386) successfully added publication 01030000.60b61fb4.00000002.00000202(a917734f) at 0x62f541c0.
(69185|69185) DCPS_IR_Domain::publish_publication_bit: 01030000.60b61fb4.00000002.00000202(a917734f), handle 7.
(69185|69185) DCPS_IR_Topic::add_publication_reference: topic 01030000.60b61fb4.00000002.00000845(bb404ff6) added publication 01030000.60b61fb4.00000002.00000202(a917734f) at 62f541c0
TAO (69185|69185) - IIOP_Connection_Handler::process_listen_point_list, Listening port [35333] on [fv-az186-920.internal.cloudapp.net]
(69185|69185) DCPS_IR_Participant::add_subscription: participant 01030000.60b61fb4.00000003.000001c1(bd379a36) successfully added subscription 01030000.60b61fb4.00000003.000001c7(54543f03) at 0x62f56370.
(69185|69185) DCPS_IR_Topic::add_subscription_reference: topic 01030000.60b61fb4.00000003.000001c5(ba5a5e2f) added subscription 01030000.60b61fb4.00000003.000001c7(54543f03) at 62f56370.
(69185|69185) DCPS_IR_Topic_Description::try_associate: topic description DCPSParticipant checking compatibility of publication 01030000.60b61fb4.00000001.000001c2(5efe98ec) with subscription 01030000.60b61fb4.00000003.000001c7(54543f03).
(69185|69185) DCPS_IR_Topic_Description::associate: topic description DCPSParticipant associating publication 01030000.60b61fb4.00000001.000001c2(5efe98ec) with subscription 01030000.60b61fb4.00000003.000001c7(54543f03).
(69185|69185) DCPS_IR_Publication::add_associated_subscription: publication 01030000.60b61fb4.00000001.000001c2(5efe98ec) adding subscription 01030000.60b61fb4.00000003.000001c7(54543f03).
(69185|69185) DataWriterRemoteImpl::add_association - local 01030000.60b61fb4.00000001.000001c2(5efe98ec) remote 01030000.60b61fb4.00000003.000001c7(54543f03)
(69185|69185) DataWriterImpl::add_association - bit 1 local 01030000.60b61fb4.00000001.000001c2(5efe98ec) remote 01030000.60b61fb4.00000003.000001c7(54543f03)
(69185|69185) DCPS_IR_Publication::add_associated_subscription: successfully added subscription 62f56370.
(69185|69185) DCPS_IR_Subscription::add_associated_publication: subscription 01030000.60b61fb4.00000003.000001c7(54543f03) adding publication 01030000.60b61fb4.00000001.000001c2(5efe98ec).
(69185|69185) DCPS_IR_Subscription::add_associated_publication: successfully added publication 62f05d40
(69185|69185) DCPS_IR_Topic_Description::add_subscription_reference: topic description DCPSParticipant added subscription 01030000.60b61fb4.00000003.000001c7(54543f03) at 62f56370
TAO (69185|69185) - IIOP_Connection_Handler::process_listen_point_list, Listening port [36071] on [fv-az186-920.internal.cloudapp.net]
(69185|69185) DCPS_IR_Participant::add_subscription: participant 01030000.60b61fb4.00000004.000001c1(0f174626) successfully added subscription 01030000.60b61fb4.00000004.000001c7(e674e313) at 0x62f5a380.
(69185|69185) DCPS_IR_Topic::add_subscription_reference: topic 01030000.60b61fb4.00000004.000001c5(087a823f) added subscription 01030000.60b61fb4.00000004.000001c7(e674e313) at 62f5a380.
(69185|69185) DCPS_IR_Topic_Description::try_associate: topic description DCPSParticipant checking compatibility of publication 01030000.60b61fb4.00000001.000001c2(5efe98ec) with subscription 01030000.60b61fb4.00000004.000001c7(e674e313).
(69185|69185) DCPS_IR_Topic_Description::associate: topic description DCPSParticipant associating publication 01030000.60b61fb4.00000001.000001c2(5efe98ec) with subscription 01030000.60b61fb4.00000004.000001c7(e674e313).
(69185|69185) DCPS_IR_Publication::add_associated_subscription: publication 01030000.60b61fb4.00000001.000001c2(5efe98ec) adding subscription 01030000.60b61fb4.00000004.000001c7(e674e313).
(69185|69185) DataWriterRemoteImpl::add_association - local 01030000.60b61fb4.00000001.000001c2(5efe98ec) remote 01030000.60b61fb4.00000004.000001c7(e674e313)
(69185|69185) DataWriterImpl::add_association - bit 1 local 01030000.60b61fb4.00000001.000001c2(5efe98ec) remote 01030000.60b61fb4.00000004.000001c7(e674e313)
(69185|69185) DCPS_IR_Publication::add_associated_subscription: successfully added subscription 62f5a380.
(69185|69185) DCPS_IR_Subscription::add_associated_publication: subscription 01030000.60b61fb4.00000004.000001c7(e674e313) adding publication 01030000.60b61fb4.00000001.000001c2(5efe98ec).
(69185|69185) DCPS_IR_Subscription::add_associated_publication: successfully added publication 62f05d40
(69185|69185) DCPS_IR_Topic_Description::add_subscription_reference: topic description DCPSParticipant added subscription 01030000.60b61fb4.00000004.000001c7(e674e313) at 62f5a380
(69185|69185) DCPS_IR_Participant::add_subscription: participant 01030000.60b61fb4.00000003.000001c1(bd379a36) successfully added subscription 01030000.60b61fb4.00000003.000002c7(7f796cc0) at 0x62f5d4f0.
(69185|69185) DCPS_IR_Topic::add_subscription_reference: topic 01030000.60b61fb4.00000003.000005c5(de369b2b) added subscription 01030000.60b61fb4.00000003.000002c7(7f796cc0) at 62f5d4f0.
(69185|69185) DCPS_IR_Topic_Description::try_associate: topic description DCPSTopic checking compatibility of publication 01030000.60b61fb4.00000001.000002c2(75d3cb2f) with subscription 01030000.60b61fb4.00000003.000002c7(7f796cc0).
(69185|69185) DCPS_IR_Topic_Description::associate: topic description DCPSTopic associating publication 01030000.60b61fb4.00000001.000002c2(75d3cb2f) with subscription 01030000.60b61fb4.00000003.000002c7(7f796cc0).
(69185|69185) DCPS_IR_Publication::add_associated_subscription: publication 01030000.60b61fb4.00000001.000002c2(75d3cb2f) adding subscription 01030000.60b61fb4.00000003.000002c7(7f796cc0).
(69185|69185) DataWriterRemoteImpl::add_association - local 01030000.60b61fb4.00000001.000002c2(75d3cb2f) remote 01030000.60b61fb4.00000003.000002c7(7f796cc0)
(69185|69185) DataWriterImpl::add_association - bit 1 local 01030000.60b61fb4.00000001.000002c2(75d3cb2f) remote 01030000.60b61fb4.00000003.000002c7(7f796cc0)
(69185|69185) DCPS_IR_Publication::add_associated_subscription: successfully added subscription 62f5d4f0.
(69185|69185) DCPS_IR_Subscription::add_associated_publication: subscription 01030000.60b61fb4.00000003.000002c7(7f796cc0) adding publication 01030000.60b61fb4.00000001.000002c2(75d3cb2f).
(69185|69185) DCPS_IR_Subscription::add_associated_publication: successfully added publication 62f14f50
(69185|69185) DCPS_IR_Topic_Description::add_subscription_reference: topic description DCPSTopic added subscription 01030000.60b61fb4.00000003.000002c7(7f796cc0) at 62f5d4f0
(69185|69185) DCPS_IR_Participant::add_subscription: participant 01030000.60b61fb4.00000004.000001c1(0f174626) successfully added subscription 01030000.60b61fb4.00000004.000002c7(cd59b0d0) at 0x62f5f350.
(69185|69185) DCPS_IR_Topic::add_subscription_reference: topic 01030000.60b61fb4.00000004.000005c5(6c16473b) added subscription 01030000.60b61fb4.00000004.000002c7(cd59b0d0) at 62f5f350.
(69185|69185) DCPS_IR_Topic_Description::try_associate: topic description DCPSTopic checking compatibility of publication 01030000.60b61fb4.00000001.000002c2(75d3cb2f) with subscription 01030000.60b61fb4.00000004.000002c7(cd59b0d0).
(69185|69185) DCPS_IR_Topic_Description::associate: topic description DCPSTopic associating publication 01030000.60b61fb4.00000001.000002c2(75d3cb2f) with subscription 01030000.60b61fb4.00000004.000002c7(cd59b0d0).
(69185|69185) DCPS_IR_Publication::add_associated_subscription: publication 01030000.60b61fb4.00000001.000002c2(75d3cb2f) adding subscription 01030000.60b61fb4.00000004.000002c7(cd59b0d0).
(69185|69185) DataWriterRemoteImpl::add_association - local 01030000.60b61fb4.00000001.000002c2(75d3cb2f) remote 01030000.60b61fb4.00000004.000002c7(cd59b0d0)
(69185|69185) DataWriterImpl::add_association - bit 1 local 01030000.60b61fb4.00000001.000002c2(75d3cb2f) remote 01030000.60b61fb4.00000004.000002c7(cd59b0d0)
(69185|69185) DCPS_IR_Publication::add_associated_subscription: successfully added subscription 62f5f350.
(69185|69185) DCPS_IR_Subscription::add_associated_publication: subscription 01030000.60b61fb4.00000004.000002c7(cd59b0d0) adding publication 01030000.60b61fb4.00000001.000002c2(75d3cb2f).
(69185|69200) DataWriterImpl::transport_assoc_done: writer 01030000.60b61fb4.00000001.000001c2(5efe98ec) succeeded in associating with reader 01030000.60b61fb4.00000003.000001c7(54543f03)
(69185|69200) DataWriterImpl::transport_assoc_done: writer 01030000.60b61fb4.00000001.000001c2(5efe98ec) reader 01030000.60b61fb4.00000003.000001c7(54543f03) calling association_complete_i
(69185|69200) DataWriterImpl::association_complete_i - bit 1 local 01030000.60b61fb4.00000001.000001c2(5efe98ec) remote 01030000.60b61fb4.00000003.000001c7(54543f03)
(69185|69185) DCPS_IR_Subscription::add_associated_publication: successfully added publication 62f14f50
(69185|69185) DCPS_IR_Topic_Description::add_subscription_reference: topic description DCPSTopic added subscription 01030000.60b61fb4.00000004.000002c7(cd59b0d0) at 62f5f350
(69185|69185) DCPS_IR_Participant::add_subscription: participant 01030000.60b61fb4.00000003.000001c1(bd379a36) successfully added subscription 01030000.60b61fb4.00000003.000003c7(66625d81) at 0x62f61540.
(69185|69185) DCPS_IR_Topic::add_subscription_reference: topic 01030000.60b61fb4.00000003.000007c5(ec00f9a9) added subscription 01030000.60b61fb4.00000003.000003c7(66625d81) at 62f61540.
(69185|69200) DataWriterImpl::transport_assoc_done: writer 01030000.60b61fb4.00000001.000002c2(75d3cb2f) succeeded in associating with reader 01030000.60b61fb4.00000003.000002c7(7f796cc0)
(69185|69200) DataWriterImpl::transport_assoc_done: writer 01030000.60b61fb4.00000001.000002c2(75d3cb2f) reader 01030000.60b61fb4.00000003.000002c7(7f796cc0) calling association_complete_i
(69185|69200) DataWriterImpl::association_complete_i - bit 1 local 01030000.60b61fb4.00000001.000002c2(75d3cb2f) remote 01030000.60b61fb4.00000003.000002c7(7f796cc0)
(69185|69185) DCPS_IR_Topic_Description::try_associate: topic description DCPSPublication checking compatibility of publication 01030000.60b61fb4.00000001.000004c2(23896ca9) with subscription 01030000.60b61fb4.00000003.000003c7(66625d81).
(69185|69185) DCPS_IR_Topic_Description::associate: topic description DCPSPublication associating publication 01030000.60b61fb4.00000001.000004c2(23896ca9) with subscription 01030000.60b61fb4.00000003.000003c7(66625d81).
(69185|69185) DCPS_IR_Publication::add_associated_subscription: publication 01030000.60b61fb4.00000001.000004c2(23896ca9) adding subscription 01030000.60b61fb4.00000003.000003c7(66625d81).
(69185|69185) DataWriterRemoteImpl::add_association - local 01030000.60b61fb4.00000001.000004c2(23896ca9) remote 01030000.60b61fb4.00000003.000003c7(66625d81)
(69185|69185) DataWriterImpl::add_association - bit 1 local 01030000.60b61fb4.00000001.000004c2(23896ca9) remote 01030000.60b61fb4.00000003.000003c7(66625d81)
(69185|69185) DCPS_IR_Publication::add_associated_subscription: successfully added subscription 62f61540.
(69185|69185) DCPS_IR_Subscription::add_associated_publication: subscription 01030000.60b61fb4.00000003.000003c7(66625d81) adding publication 01030000.60b61fb4.00000001.000004c2(23896ca9).
(69185|69185) DCPS_IR_Subscription::add_associated_publication: successfully added publication 62f33410
(69185|69185) DCPS_IR_Topic_Description::add_subscription_reference: topic description DCPSPublication added subscription 01030000.60b61fb4.00000003.000003c7(66625d81) at 62f61540
(69185|69185) DCPS_IR_Participant::add_subscription: participant 01030000.60b61fb4.00000004.000001c1(0f174626) successfully added subscription 01030000.60b61fb4.00000004.000003c7(d4428191) at 0x62f62420.
(69185|69185) DCPS_IR_Topic::add_subscription_reference: topic 01030000.60b61fb4.00000004.000007c5(5e2025b9) added subscription 01030000.60b61fb4.00000004.000003c7(d4428191) at 62f62420.
(69185|69185) DCPS_IR_Topic_Description::try_associate: topic description DCPSPublication checking compatibility of publication 01030000.60b61fb4.00000001.000004c2(23896ca9) with subscription 01030000.60b61fb4.00000004.000003c7(d4428191).
(69185|69185) DCPS_IR_Topic_Description::associate: topic description DCPSPublication associating publication 01030000.60b61fb4.00000001.000004c2(23896ca9) with subscription 01030000.60b61fb4.00000004.000003c7(d4428191).
(69185|69185) DCPS_IR_Publication::add_associated_subscription: publication 01030000.60b61fb4.00000001.000004c2(23896ca9) adding subscription 01030000.60b61fb4.00000004.000003c7(d4428191).
(69185|69185) DataWriterRemoteImpl::add_association - local 01030000.60b61fb4.00000001.000004c2(23896ca9) remote 01030000.60b61fb4.00000004.000003c7(d4428191)
(69185|69185) DataWriterImpl::add_association - bit 1 local 01030000.60b61fb4.00000001.000004c2(23896ca9) remote 01030000.60b61fb4.00000004.000003c7(d4428191)
(69185|69185) DCPS_IR_Publication::add_associated_subscription: successfully added subscription 62f62420.
(69185|69185) DCPS_IR_Subscription::add_associated_publication: subscription 01030000.60b61fb4.00000004.000003c7(d4428191) adding publication 01030000.60b61fb4.00000001.000004c2(23896ca9).
(69185|69200) DataWriterImpl::transport_assoc_done: writer 01030000.60b61fb4.00000001.000004c2(23896ca9) succeeded in associating with reader 01030000.60b61fb4.00000003.000003c7(66625d81)
(69185|69200) DataWriterImpl::transport_assoc_done: writer 01030000.60b61fb4.00000001.000004c2(23896ca9) reader 01030000.60b61fb4.00000003.000003c7(66625d81) calling association_complete_i
(69185|69200) DataWriterImpl::association_complete_i - bit 1 local 01030000.60b61fb4.00000001.000004c2(23896ca9) remote 01030000.60b61fb4.00000003.000003c7(66625d81)
(69185|69185) DCPS_IR_Subscription::add_associated_publication: successfully added publication 62f33410
(69185|69185) DCPS_IR_Topic_Description::add_subscription_reference: topic description DCPSPublication added subscription 01030000.60b61fb4.00000004.000003c7(d4428191) at 62f62420
(69185|69185) DCPS_IR_Participant::add_subscription: participant 01030000.60b61fb4.00000003.000001c1(bd379a36) successfully added subscription 01030000.60b61fb4.00000003.000004c7(2923cb46) at 0x62f645d0.
(69185|69185) DCPS_IR_Topic::add_subscription_reference: topic 01030000.60b61fb4.00000003.000006c5(f51bc8e8) added subscription 01030000.60b61fb4.00000003.000004c7(2923cb46) at 62f645d0.
(69185|69185) DCPS_IR_Topic_Description::try_associate: topic description DCPSSubscription checking compatibility of publication 01030000.60b61fb4.00000001.000003c2(6cc8fa6e) with subscription 01030000.60b61fb4.00000003.000004c7(2923cb46).
(69185|69185) DCPS_IR_Topic_Description::associate: topic description DCPSSubscription associating publication 01030000.60b61fb4.00000001.000003c2(6cc8fa6e) with subscription 01030000.60b61fb4.00000003.000004c7(2923cb46).
[...]
2020-12-31 21:28:55.800@LM_DEBUG@(69193|69193)/home/runner/work/OpenDDS/OpenDDS/OpenDDS/tests/DCPS/LargeSample/Writer.cpp:80: Sending Message: process_id = 69193 writer_id = 1 sample_id = 2 extra data length = 40960
2020-12-31 21:28:55.801@LM_DEBUG@(69193|69193)/home/runner/work/OpenDDS/OpenDDS/OpenDDS/tests/DCPS/LargeSample/Writer.cpp:80: Sending Message: process_id = 69193 writer_id = 1 sample_id = 3 extra data length = 51200
2020-12-31 21:28:55.802@LM_DEBUG@(69193|69193)/home/runner/work/OpenDDS/OpenDDS/OpenDDS/tests/DCPS/LargeSample/Writer.cpp:80: Sending Message: process_id = 69193 writer_id = 1 sample_id = 4 extra data length = 71680
2020-12-31 21:28:55.806@LM_DEBUG@(69193|69193)/home/runner/work/OpenDDS/OpenDDS/OpenDDS/tests/DCPS/LargeSample/Writer.cpp:80: Sending Message: process_id = 69193 writer_id = 1 sample_id = 5 extra data length = 81920
2020-12-31 21:28:55.811@LM_DEBUG@(69193|69193)/home/runner/work/OpenDDS/OpenDDS/OpenDDS/tests/DCPS/LargeSample/Writer.cpp:80: Sending Message: process_id = 69193 writer_id = 1 sample_id = 6 extra data length = 102400
2020-12-31 21:28:55.813@LM_DEBUG@(69193|69193)/home/runner/work/OpenDDS/OpenDDS/OpenDDS/tests/DCPS/LargeSample/Writer.cpp:80: Sending Message: process_id = 69193 writer_id = 1 sample_id = 7 extra data length = 112640
2020-12-31 21:28:55.816@LM_DEBUG@(69193|69193)/home/runner/work/OpenDDS/OpenDDS/OpenDDS/tests/DCPS/LargeSample/Writer.cpp:80: Sending Message: process_id = 69193 writer_id = 1 sample_id = 8 extra data length = 133120
2020-12-31 21:28:55.825@LM_DEBUG@(69193|69193)/home/runner/work/OpenDDS/OpenDDS/OpenDDS/tests/DCPS/LargeSample/Writer.cpp:80: Sending Message: process_id = 69193 writer_id = 1 sample_id = 9 extra data length = 143360
2020-12-31 21:28:55.826@LM_DEBUG@(69193|69193) Writers matched
2020-12-31 21:28:55.826@LM_DEBUG@(69193|69193)/home/runner/work/OpenDDS/OpenDDS/OpenDDS/tests/DCPS/LargeSample/Writer.cpp:80: Sending Message: process_id = 69193 writer_id = 2 sample_id = 0 extra data length = 20480
2020-12-31 21:28:55.826@LM_DEBUG@(69193|69193)/home/runner/work/OpenDDS/OpenDDS/OpenDDS/tests/DCPS/LargeSample/Writer.cpp:80: Sending Message: process_id = 69193 writer_id = 2 sample_id = 1 extra data length = 30720
2020-12-31 21:28:55.827@LM_DEBUG@(69193|69193)/home/runner/work/OpenDDS/OpenDDS/OpenDDS/tests/DCPS/LargeSample/Writer.cpp:80: Sending Message: process_id = 69193 writer_id = 2 sample_id = 2 extra data length = 51200
2020-12-31 21:28:55.828@LM_DEBUG@(69193|69193)/home/runner/work/OpenDDS/OpenDDS/OpenDDS/tests/DCPS/LargeSample/Writer.cpp:80: Sending Message: process_id = 69193 writer_id = 2 sample_id = 3 extra data length = 61440
2020-12-31 21:28:55.829@LM_DEBUG@(69193|69193)/home/runner/work/OpenDDS/OpenDDS/OpenDDS/tests/DCPS/LargeSample/Writer.cpp:80: Sending Message: process_id = 69193 writer_id = 2 sample_id = 4 extra data length = 81920
2020-12-31 21:28:55.830@LM_DEBUG@(69193|69193)/home/runner/work/OpenDDS/OpenDDS/OpenDDS/tests/DCPS/LargeSample/Writer.cpp:80: Sending Message: process_id = 69193 writer_id = 2 sample_id = 5 extra data length = 92160
2020-12-31 21:28:55.832@LM_DEBUG@(69193|69193)/home/runner/work/OpenDDS/OpenDDS/OpenDDS/tests/DCPS/LargeSample/Writer.cpp:80: Sending Message: process_id = 69193 writer_id = 2 sample_id = 6 extra data length = 112640
2020-12-31 21:28:55.833@LM_DEBUG@(69193|69193)/home/runner/work/OpenDDS/OpenDDS/OpenDDS/tests/DCPS/LargeSample/Writer.cpp:80: Sending Message: process_id = 69193 writer_id = 2 sample_id = 7 extra data length = 122880
2020-12-31 21:28:55.837@LM_DEBUG@(69193|69193)/home/runner/work/OpenDDS/OpenDDS/OpenDDS/tests/DCPS/LargeSample/Writer.cpp:80: Sending Message: process_id = 69193 writer_id = 2 sample_id = 8 extra data length = 143360
2020-12-31 21:28:55.839@LM_DEBUG@(69193|69193)/home/runner/work/OpenDDS/OpenDDS/OpenDDS/tests/DCPS/LargeSample/Writer.cpp:80: Sending Message: process_id = 69193 writer_id = 2 sample_id = 9 extra data length = 153600
2020-12-31 21:29:25.814@LM_DEBUG@(69193|69197) DataWriterImpl::remove_associations: bit 0 local 01030000.60b61fb4.00000002.00000102(823a208c) remote 01030000.60b61fb4.00000003.00000507(ab5c38b7) num remotes 1
2020-12-31 21:29:25.815@LM_DEBUG@(69193|69197) DataWriterImpl::remove_associations: bit 0 local 01030000.60b61fb4.00000002.00000202(a917734f) remote 01030000.60b61fb4.00000003.00000507(ab5c38b7) num remotes 1
2020-12-31 21:29:28.815@LM_DEBUG@Publisher delete contained entities
2020-12-31 21:29:28.819@LM_DEBUG@(69193|69195) DataReaderImpl::remove_associations: bit 1 local 01030000.60b61fb4.00000002.000001c7(693416b3) remote 01030000.60b61fb4.00000001.000001c2(5efe98ec) num remotes 1 
2020-12-31 21:29:28.819@LM_DEBUG@(69193|69195) DataReaderImpl::remove_associations_i: bit 1 local 01030000.60b61fb4.00000002.000001c7(693416b3) remote 01030000.60b61fb4.00000001.000001c2(5efe98ec) num remotes 1 
2020-12-31 21:29:28.820@LM_DEBUG@(69193|69195) DataReaderImpl::remove_associations: bit 1 local 01030000.60b61fb4.00000002.000003c7(5b027431) remote 01030000.60b61fb4.00000001.000004c2(23896ca9) num remotes 1 
2020-12-31 21:29:28.820@LM_DEBUG@(69193|69195) DataReaderImpl::remove_associations_i: bit 1 local 01030000.60b61fb4.00000002.000003c7(5b027431) remote 01030000.60b61fb4.00000001.000004c2(23896ca9) num remotes 1 
2020-12-31 21:29:28.820@LM_DEBUG@(69193|69195) DataReaderImpl::remove_associations: bit 1 local 01030000.60b61fb4.00000002.000004c7(1443e2f6) remote 01030000.60b61fb4.00000001.000003c2(6cc8fa6e) num remotes 1 
2020-12-31 21:29:28.820@LM_DEBUG@(69193|69195) DataReaderImpl::remove_associations_i: bit 1 local 01030000.60b61fb4.00000002.000004c7(1443e2f6) remote 01030000.60b61fb4.00000001.000003c2(6cc8fa6e) num remotes 1 
2020-12-31 21:29:28.822@LM_DEBUG@(69193|69195) DataReaderImpl::remove_associations: bit 1 local 01030000.60b61fb4.00000002.000002c7(42194570) remote 01030000.60b61fb4.00000001.000002c2(75d3cb2f) num remotes 1 
2020-12-31 21:29:28.822@LM_DEBUG@(69193|69195) DataReaderImpl::remove_associations_i: bit 1 local 01030000.60b61fb4.00000002.000002c7(42194570) remote 01030000.60b61fb4.00000001.000002c2(75d3cb2f) num remotes 1 
2020-12-31 21:29:28.822@LM_DEBUG@(69193|69203) TcpConnection::handle_close() called on transport: _OPENDDS__BITTCPTransportInst_DEFAULT_REPO to 10.1.0.4:43601 , reconnect_state = INIT_STATE.
2020-12-31 21:29:28.822@LM_DEBUG@(69193|69203) DataLink::handle_exception() - delay already elapsed so handle_timeout now
2020-12-31 21:29:28.825@LM_DEBUG@Publisher delete participant
2020-12-31 21:29:28.826@LM_DEBUG@Publisher shutdown
2020-12-31 21:29:28.830@LM_DEBUG@Publisher vars going out of scope
2020-12-31 21:29:28.830@LM_DEBUG@(69193|69193) DomainParticipantFactoryImpl::~DomainParticipantFactoryImpl()
2020-12-31 21:29:28.830@LM_DEBUG@Publisher exiting with status=0
2020-12-31 21:29:28.830@LM_DEBUG@(69193|69193) Service_Participant::~Service_Participant()

<<<<<  end publisher_2.log  >>>>>

test FAILED.
Error: tests/DCPS/LargeSample/run_test.pl shmem returned with status 256
stop tests/DCPS/LargeSample/run_test.pl shmem at Thu Dec 31 21:29:28 2020

]]></system-out></testcase>
    <testcase name="tests/DCPS/LargeSample/run_test.pl rtps" status="0" time="8"/>
    <testcase name="tests/DCPS/ConfigFile/run_test.pl" status="0" time="0"/>
    <testcase name="tests/DCPS/ConfigTransports/run_test.pl" status="0" time="323"/>
    <testcase name="tests/DCPS/RtpsMessages/run_test.pl" status="0" time="0"/>
    <testcase name="tests/DCPS/RtpsDiscovery/run_test.pl" status="0" time="59"/>
    <testcase name="tests/DCPS/RtiSerialization/run_test.pl rtps" status="0" time="5"/>
    <testcase name="tests/DCPS/MultiDiscovery/run_test.pl" status="0" time="7"/>
    <testcase name="tests/DCPS/DomainRange/run_test.pl" status="0" time="14"/>
    <testcase name="tests/DCPS/InternalThreadStatus/run_test.pl" status="0" time="10"/>
    <testcase name="tests/DCPS/StaticDiscovery/run_test.pl" status="0" time="5"/>
    <testcase name="tests/DCPS/StaticDiscovery/run_test.pl mp" status="0" time="13"/>
    <testcase name="tests/DCPS/StaticDiscovery/run_test.pl mp delay" status="0" time="18"/>
    <testcase name="tests/DCPS/StaticDiscovery/run_test.pl mr" status="0" time="5"/>
    <testcase name="tests/DCPS/StaticDiscovery/run_test.pl mw" status="0" time="6"/>
    <testcase name="tests/DCPS/StaticDiscovery/run_test.pl mpmrmw" status="0" time="15"/>
    <testcase name="tests/DCPS/StaticDiscoveryReconnect/run_test.pl" status="0" time="66"/>
    <testcase name="tests/DCPS/SubscriberCycle/run_test.pl" status="0" time="6"/>
    <testcase name="tests/transport/rtps/run_test.pl" status="0" time="3"/>
    <testcase name="tests/transport/rtps_reliability/run_test.pl" status="0" time="14"/>
    <testcase name="tests/transport/spdp/run_test.pl" status="0" time="24"/>
    <testcase name="tests/transport/rtps_directed_write/run_test.pl" status="0" time="5"/>
    <testcase name="tests/transport/best_effort_reader/run_test.pl" status="0" time="2"/>
    <testcase name="tests/DCPS/ManyTopicTest/run_test.pl" status="0" time="4"/>
    <testcase name="tests/DCPS/ManyTopicTest/run_test.pl rtps" status="0" time="4"/>
    <testcase name="tests/DCPS/ManyTopicMultiProcess/run_test.pl" status="0" time="16"/>
    <testcase name="tests/DCPS/Monitor/run_test.pl" status="0" time="3"/>
    <testcase name="tests/DCPS/QoS_XML/dump/run_test.pl" status="0" time="0"/>
    <testcase name="tests/DCPS/ManyToMany/run_test.pl tcp 12to12 small" status="0" time="16"/>
    <testcase name="tests/DCPS/ManyToMany/run_test.pl tcp 12to12 large" status="0" time="15"/>
    <testcase name="tests/DCPS/ManyToMany/run_test.pl multicast 1to1 small" status="0" time="4"/>
    <testcase name="tests/DCPS/ManyToMany/run_test.pl multicast 1to1 large" status="0" time="3"/>
    <testcase name="tests/DCPS/ManyToMany/run_test.pl multicast_async 1to1 small" status="0" time="3"/>
    <testcase name="tests/DCPS/ManyToMany/run_test.pl multicast_async 1to1 large" status="0" time="3"/>
    <testcase name="tests/DCPS/ManyToMany/run_test.pl udp 1to1 small" status="0" time="3"/>
    <testcase name="tests/DCPS/ManyToMany/run_test.pl udp 1to1 large" status="0" time="3"/>
    <testcase name="tests/DCPS/ManyToMany/run_test.pl rtps 1to1 small" status="0" time="3"/>
    <testcase name="tests/DCPS/ManyToMany/run_test.pl rtps 1to1 large" status="0" time="3"/>
    <testcase name="tests/DCPS/ManyToMany/run_test.pl rtps_disc 12to12 small" status="0" time="16"/>
    <testcase name="tests/DCPS/ManyToMany/run_test.pl shmem 1to1 small" status="0" time="3"/>
    <testcase name="tests/DCPS/ManyToMany/run_test.pl shmem 1to1 large" status="0" time="3"/>
    <testcase name="tests/DCPS/ManyToMany/run_test.pl tcp 20to20 small orb_csdtp" status="0" time="26"/>
    <testcase name="tests/DCPS/PersistentInfoRepo/run_test.pl" status="0" time="122"/>
    <testcase name="tests/DCPS/Instances/run_test.pl single_instance single_datawriter keyed" status="0" time="4"/>
    <testcase name="tests/DCPS/Instances/run_test.pl single_instance single_datawriter nokey" status="0" time="4"/>
    <testcase name="tests/DCPS/Instances/run_test.pl multiple_instance single_datawriter keyed" status="0" time="4"/>
    <testcase name="tests/DCPS/Instances/run_test.pl multiple_instance single_datawriter nokey" status="0" time="4"/>
    <testcase name="tests/DCPS/Instances/run_test.pl single_instance multiple_datawriter keyed" status="0" time="4"/>
    <testcase name="tests/DCPS/Instances/run_test.pl single_instance multiple_datawriter nokey" status="0" time="3"/>
    <testcase name="tests/DCPS/Instances/run_test.pl multiple_instance multiple_datawriter keyed" status="0" time="5"/>
    <testcase name="tests/DCPS/Instances/run_test.pl multiple_instance multiple_datawriter nokey" status="0" time="3"/>
    <testcase name="tests/DCPS/SkipSerialize/run_test.pl rtps_disc" status="0" time="6"/>
    <testcase name="tests/FACE/Unit/run_test.pl qossettings" status="0" time="5"/>
    <testcase name="tests/FACE/Unit/run_test.pl memorypool" status="0" time="5"/>
    <testcase name="tests/FACE/Unit/run_test.pl freeindex" status="0" time="5"/>
    <testcase name="tests/FACE/Messenger/run_test.pl" status="0" time="25"/>
    <testcase name="tests/FACE/Messenger/run_test.pl callback" status="0" time="25"/>
    <testcase name="tests/FACE/Messenger/run_test.pl static" status="0" time="25"/>
    <testcase name="tests/FACE/Messenger/run_test.pl static callback" status="0" time="25"/>
    <testcase name="tests/FACE/MultiDomainMessenger/run_test.pl" status="0" time="25"/>
    <testcase name="tests/FACE/MultiDomainMessenger/run_test.pl callback" status="0" time="25"/>
    <testcase name="tests/FACE/SingleProcessMessenger/run_test.pl" status="0" time="6"/>
    <testcase name="tests/FACE/SingleProcessMessenger/run_test.pl callback" status="0" time="10"/>
    <testcase name="tests/FACE/CallbackAndReceive/run_test.pl" status="0" time="35"/>
    <testcase name="tests/FACE/Header/run_test.pl" status="0" time="50"/>
    <testcase name="tests/FACE/Reliability/run_test.pl" status="0" time="52"/>
    <testcase name="tests/FACE/Partition/run_test.pl" status="0" time="19"/>
    <testcase name="tests/FACE/Compiler/idl_test1_main/run_test.pl" status="0" time="0"/>
    <testcase name="tests/FACE/Compiler/idl_test3_main/run_test.pl" status="0" time="0"/>
    <testcase name="tests/FACE/Compiler/idl_test_fixed/run_test.pl" status="0" time="1"/>
    <testcase name="tests/DCPS/UnregisterType/run_test.pl" status="0" time="0"/>
    <testcase name="performance-tests/bench_2/run_test.pl disco" status="0" time="18"/>
    <testcase name="performance-tests/bench_2/run_test.pl fan" status="0" time="31"/>
    <testcase name="performance-tests/bench_2/run_test.pl fan_frag" status="0" time="32"/>
    <testcase name="performance-tests/bench_2/run_test.pl echo" status="0" time="30"/>
    <testcase name="performance-tests/bench_2/run_test.pl echo_frag" status="0" time="29"/>
    <testcase name="performance-tests/bench_2/run_test.pl mixed" status="0" time="50"/>
    <testcase name="tests/security/IDL_Serialization/run_test.pl" status="0" time="0"/>
    <testcase name="tests/security/SSL/run_test.pl" status="0" time="0"/>
    <testcase name="tests/security/unit_tests/run_test.pl OpenDDS_AccessControlTest" status="0" time="0"/>
    <testcase name="tests/security/unit_tests/run_test.pl OpenDDS_AuthenticationTest" status="0" time="1"/>
    <testcase name="tests/security/unit_tests/run_test.pl OpenDDS_CryptoKeyFactoryTest" status="0" time="0"/>
    <testcase name="tests/security/unit_tests/run_test.pl OpenDDS_CryptoKeyExchangeTest" status="0" time="0"/>
    <testcase name="tests/security/unit_tests/run_test.pl OpenDDS_CryptoTransformTest" status="0" time="0"/>
    <testcase name="tests/security/attributes/run_test.pl SC0_sec_off" status="0" time="4"/>
    <testcase name="tests/security/attributes/run_test.pl SC0_sec_sub" status="0" time="10"/>
    <testcase name="tests/security/attributes/run_test.pl SC0_sec_pub" status="0" time="7"/>
    <testcase name="tests/security/attributes/run_test.pl SC0_sec_on" status="0" time="7"/>
    <testcase name="tests/security/attributes/run_test.pl SC0_sec_on_ec_pub" status="0" time="7"/>
    <testcase name="tests/security/attributes/run_test.pl SC0_sec_on_ec_sub" status="0" time="7"/>
    <testcase name="tests/security/attributes/run_test.pl SC0_sec_on_ec_both" status="0" time="7"/>
    <testcase name="tests/security/attributes/run_test.pl SC1_sec_on_bad_cert_failure" status="0" time="12"/>
    <testcase name="tests/security/attributes/run_test.pl SC1_sec_on_bad_perm_1_failure" status="0" time="13"/>
    <testcase name="tests/security/attributes/run_test.pl SC1_sec_on_success" status="0" time="7"/>
    <testcase name="tests/security/attributes/run_test.pl SC2" status="0" time="10"/>
    <testcase name="tests/security/attributes/run_test.pl SC3" status="0" time="7"/>
    <testcase name="tests/security/attributes/run_test.pl SC4" status="0" time="9"/>
    <testcase name="tests/security/attributes/run_test.pl SC5" status="0" time="7"/>
    <testcase name="tests/security/attributes/run_test.pl TEST_8_8_5_FAILURE" status="0" time="3"/>
    <testcase name="tests/security/attributes/run_test.pl TEST_8_8_5_SUCCESS" status="0" time="7"/>
    <testcase name="tests/security/attributes/run_test.pl multiple_grants" status="0" time="9"/>
    <testcase name="tests/security/attributes/run_test.pl FullMsgSign" status="0" time="7"/>
    <testcase name="tests/security/attributes/run_test.pl FullMsgEncrypt" status="0" time="7"/>
    <testcase name="tests/security/attributes/run_test.pl FullMsgSign_SubMsgSign" status="0" time="10"/>
    <testcase name="tests/security/attributes/run_test.pl FullMsgSign_SubMsgEncrypt" status="0" time="9"/>
    <testcase name="tests/security/attributes/run_test.pl FullMsgEncrypt_SubMsgSign" status="0" time="9"/>
    <testcase name="tests/security/attributes/run_test.pl FullMsgEncrypt_SubMsgEncrypt" status="0" time="9"/>
    <testcase name="tests/security/attributes/run_test.pl FullMsgSign_PayloadEncrypt" status="0" time="10"/>
    <testcase name="tests/security/attributes/run_test.pl FullMsgEncrypt_PayloadEncrypt" status="0" time="7"/>
    <testcase name="tests/security/attributes/run_test.pl FullMsgSign_SubMsgSign_PayloadEncrypt" status="0" time="9"/>
    <testcase name="tests/security/attributes/run_test.pl FullMsgSign_SubMsgEncrypt_PayloadEncrypt" status="0" time="9"/>
    <testcase name="tests/security/attributes/run_test.pl FullMsgEncrypt_SubMsgSign_PayloadEncrypt" status="0" time="8"/>
    <testcase name="tests/security/attributes/run_test.pl FullMsgEncrypt_SubMsgEncrypt_PayloadEncrypt" status="0" time="9"/>
    <testcase name="tests/security/attributes/run_test.pl Partitions_DefaultQoS" status="0" time="7"/>
    <testcase name="tests/security/attributes/run_test.pl Partitions_Denied" status="0" time="3"/>
    <testcase name="tests/security/attributes/run_test.pl Partitions_Match" status="0" time="7"/>
    <testcase name="tests/security/attributes/run_test.pl Partitions_Reordered" status="0" time="7"/>
    <testcase name="tests/security/attributes/run_test.pl Partitions_Subset" status="0" time="7"/>
    <testcase name="tests/security/attributes/run_test.pl secure-part-user-data" status="0" time="10"/>
    <testcase name="tests/security/attributes/run_test.pl unsecure-part-user-data" status="0" time="9"/>
    <testcase name="tests/security/TopicWithoutPermissions/run_test.pl" status="0" time="3"/>
    <testcase name="tests/DCPS/RtpsRelay/Unit/run_test.pl" status="0" time="0"/>
    <testcase name="tests/DCPS/RtpsRelay/Smoke/run_test.pl" status="0" time="40"/>
    <testcase name="tests/DCPS/RtpsRelay/Smoke/run_test.pl secure" status="0" time="9"/>
    <testcase name="tests/DCPS/RtpsRelay/Smoke/run_test.pl join" status="0" time="37"/>
    <testcase name="tests/DCPS/RtpsRelay/Smoke/run_test.pl single" status="0" time="8"/>
    <testcase name="tests/DCPS/RtpsRelay/Smoke/run_lease_duration_test.pl" status="0" time="49"/>
    <testcase name="tests/DCPS/RtpsRelay/Smoke/run_lease_duration_test.pl reverse" status="0" time="49"/>
    <testcase name="tests/DCPS/RtpsRelay/Smoke/run_lease_duration_test.pl secure" status="0" time="50"/>
    <testcase name="tests/DCPS/RtpsRelay/Smoke/run_lease_duration_test.pl reverse secure" status="0" time="49"/>
    <testcase name="tests/DCPS/RtpsRelay/STUN/run_test.pl" status="0" time="3"/>
    <testcase name="tests/DCPS/ParticipantLocationTopic/run_test.pl" status="0" time="12"/>
    <testcase name="tests/DCPS/ParticipantLocationTopic/run_test.pl noice" status="0" time="13"/>
    <testcase name="tests/DCPS/Restart/run_test.pl --secure" status="0" time="0"/>
    <testcase name="tests/DCPS/LargeSample/run_test.pl rtps_disc_sec" status="0" time="13"/>
  </testsuite>
</testsuites>
